3.0545 	INFO 	start
3.0549 	WARNING 	Monitor specification not found. Creating a temporary one...
4.2930 	EXP 	Created window1 = Window(allowGUI=True, allowStencil=False, autoLog=True, backendConf=UNKNOWN, backgroundFit=<method-wrapper '__getattribute__' of attributeSetter object at 0x000001E6F39F2D50>, backgroundImage=<method-wrapper '__getattribute__' of attributeSetter object at 0x000001E6F39F2B50>, bitsMode=UNKNOWN, blendMode='avg', bpc=(8, 8, 8), color=array([0, 0, 0]), colorSpace='rgb', depthBits=8, fullscr=<method-wrapper '__getattribute__' of attributeSetter object at 0x000001E6F3958510>, gamma=None, gammaErrorPolicy='raise', lms=UNKNOWN, monitor=<psychopy.monitors.calibTools.Monitor object at 0x000001E6F3178550>, multiSample=False, name='window1', numSamples=2, pos=(128, 72), screen=0, size=array([1280,  720]), stencilBits=0, stereo=False, units='pix', useFBO=False, useRetina=False, viewOri=0.0, viewPos=None, viewScale=None, waitBlanking=True, winType='pyglet')
4.2931 	EXP 	window1: mouseVisible = True
4.2931 	EXP 	window1: backgroundImage = None
4.2932 	EXP 	window1: backgroundFit = 'cover'
4.3479 	EXP 	Created unnamed TextStim = TextStim(__class__=<class 'psychopy.visual.text.TextStim'>, alignHoriz=method-wrapper(...), alignText='center', alignVert=method-wrapper(...), anchorHoriz='center', anchorVert='center', antialias=True, autoDraw=False, autoLog=True, bold=False, color=array([1., 1., 1.]), colorSpace='rgb', contrast=1.0, depth=0, flipHoriz=False, flipVert=False, font='', fontFiles=[], height=40.0, italic=False, languageStyle='LTR', name='unnamed TextStim', opacity=1.0, ori=0.0, pos=array([0., 0.]), rgb=UNKNOWN, text='+', units='pix', win=Window(...), wrapWidth=500)
4.3738 	EXP 	Created unnamed ImageStim = ImageStim(__class__=<class 'psychopy.visual.image.ImageStim'>, anchor=('center', 'center'), autoLog=True, color=array([1., 1., 1.]), colorSpace='rgb', contrast=1.0, depth=0, flipHoriz=False, flipVert=False, image='./material/PicNback/11.png', interpolate=False, mask=None, maskParams=None, name='unnamed ImageStim', opacity=1.0, ori=0.0, pos=array([0., 0.]), size=array([400., 400.]), texRes=128, units='pix', win=Window(...))
4.3977 	EXP 	Created unnamed ImageStim = ImageStim(__class__=<class 'psychopy.visual.image.ImageStim'>, anchor=('center', 'center'), autoLog=True, color=array([1., 1., 1.]), colorSpace='rgb', contrast=1.0, depth=0, flipHoriz=False, flipVert=False, image='./material/PicNback/12.png', interpolate=False, mask=None, maskParams=None, name='unnamed ImageStim', opacity=1.0, ori=0.0, pos=array([0., 0.]), size=array([400., 400.]), texRes=128, units='pix', win=Window(...))
4.4246 	EXP 	Created unnamed ImageStim = ImageStim(__class__=<class 'psychopy.visual.image.ImageStim'>, anchor=('center', 'center'), autoLog=True, color=array([1., 1., 1.]), colorSpace='rgb', contrast=1.0, depth=0, flipHoriz=False, flipVert=False, image='./material/PicNback/13.png', interpolate=False, mask=None, maskParams=None, name='unnamed ImageStim', opacity=1.0, ori=0.0, pos=array([0., 0.]), size=array([400., 400.]), texRes=128, units='pix', win=Window(...))
4.4489 	EXP 	Created unnamed ImageStim = ImageStim(__class__=<class 'psychopy.visual.image.ImageStim'>, anchor=('center', 'center'), autoLog=True, color=array([1., 1., 1.]), colorSpace='rgb', contrast=1.0, depth=0, flipHoriz=False, flipVert=False, image='./material/PicNback/21.png', interpolate=False, mask=None, maskParams=None, name='unnamed ImageStim', opacity=1.0, ori=0.0, pos=array([0., 0.]), size=array([400., 400.]), texRes=128, units='pix', win=Window(...))
4.4739 	EXP 	Created unnamed ImageStim = ImageStim(__class__=<class 'psychopy.visual.image.ImageStim'>, anchor=('center', 'center'), autoLog=True, color=array([1., 1., 1.]), colorSpace='rgb', contrast=1.0, depth=0, flipHoriz=False, flipVert=False, image='./material/PicNback/22.png', interpolate=False, mask=None, maskParams=None, name='unnamed ImageStim', opacity=1.0, ori=0.0, pos=array([0., 0.]), size=array([400., 400.]), texRes=128, units='pix', win=Window(...))
4.5004 	EXP 	Created unnamed ImageStim = ImageStim(__class__=<class 'psychopy.visual.image.ImageStim'>, anchor=('center', 'center'), autoLog=True, color=array([1., 1., 1.]), colorSpace='rgb', contrast=1.0, depth=0, flipHoriz=False, flipVert=False, image='./material/PicNback/23.png', interpolate=False, mask=None, maskParams=None, name='unnamed ImageStim', opacity=1.0, ori=0.0, pos=array([0., 0.]), size=array([400., 400.]), texRes=128, units='pix', win=Window(...))
4.5267 	EXP 	Created unnamed ImageStim = ImageStim(__class__=<class 'psychopy.visual.image.ImageStim'>, anchor=('center', 'center'), autoLog=True, color=array([1., 1., 1.]), colorSpace='rgb', contrast=1.0, depth=0, flipHoriz=False, flipVert=False, image='./material/PicNback/31.png', interpolate=False, mask=None, maskParams=None, name='unnamed ImageStim', opacity=1.0, ori=0.0, pos=array([0., 0.]), size=array([400., 400.]), texRes=128, units='pix', win=Window(...))
4.5527 	EXP 	Created unnamed ImageStim = ImageStim(__class__=<class 'psychopy.visual.image.ImageStim'>, anchor=('center', 'center'), autoLog=True, color=array([1., 1., 1.]), colorSpace='rgb', contrast=1.0, depth=0, flipHoriz=False, flipVert=False, image='./material/PicNback/32.png', interpolate=False, mask=None, maskParams=None, name='unnamed ImageStim', opacity=1.0, ori=0.0, pos=array([0., 0.]), size=array([400., 400.]), texRes=128, units='pix', win=Window(...))
4.5850 	EXP 	Created unnamed ImageStim = ImageStim(__class__=<class 'psychopy.visual.image.ImageStim'>, anchor=('center', 'center'), autoLog=True, color=array([1., 1., 1.]), colorSpace='rgb', contrast=1.0, depth=0, flipHoriz=False, flipVert=False, image='./material/PicNback/33.png', interpolate=False, mask=None, maskParams=None, name='unnamed ImageStim', opacity=1.0, ori=0.0, pos=array([0., 0.]), size=array([400., 400.]), texRes=128, units='pix', win=Window(...))
4.5873 	EXP 	Created unnamed ImageStim = ImageStim(__class__=<class 'psychopy.visual.image.ImageStim'>, anchor=('center', 'center'), autoLog=True, color=array([1., 1., 1.]), colorSpace='rgb', contrast=1.0, depth=0, flipHoriz=False, flipVert=False, image=None, interpolate=False, mask=None, maskParams=None, name='unnamed ImageStim', opacity=1.0, ori=0.0, pos=array([0., 0.]), size=array([1280.,  720.]), texRes=128, units='pix', win=Window(...))
4.6001 	EXP 	Created unnamed TextStim = TextStim(__class__=<class 'psychopy.visual.text.TextStim'>, alignHoriz=method-wrapper(...), alignText='center', alignVert=method-wrapper(...), anchorHoriz='center', anchorVert='center', antialias=True, autoDraw=False, autoLog=True, bold=False, color=array([1., 1., 1.]), colorSpace='rgb', contrast=1.0, depth=0, flipHoriz=False, flipVert=False, font='SimSun', fontFiles=[], height=45.0, italic=False, languageStyle='LTR', name='unnamed TextStim', opacity=1.0, ori=0.0, pos=array([0., 0.]), rgb=UNKNOWN, text='Hello World', units='pix', win=Window(...), wrapWidth=500)
4.6002 	INFO 	Start OneBack
4.6936 	EXP 	unnamed ImageStim: image = './material/PicNback/InstrucOneBackPrac.png'
4.7805 	EXP 	unnamed ImageStim: image = './material/PicNback/InstrucOneBackPrac.png'
4.8601 	EXP 	unnamed ImageStim: image = './material/PicNback/InstrucOneBackPrac.png'
4.9270 	EXP 	unnamed ImageStim: image = './material/PicNback/InstrucOneBackPrac.png'
4.9929 	EXP 	unnamed ImageStim: image = './material/PicNback/InstrucOneBackPrac.png'
5.0607 	EXP 	unnamed ImageStim: image = './material/PicNback/InstrucOneBackPrac.png'
5.1426 	EXP 	unnamed ImageStim: image = './material/PicNback/InstrucOneBackPrac.png'
5.2094 	EXP 	unnamed ImageStim: image = './material/PicNback/InstrucOneBackPrac.png'
5.2769 	EXP 	unnamed ImageStim: image = './material/PicNback/InstrucOneBackPrac.png'
5.3430 	EXP 	unnamed ImageStim: image = './material/PicNback/InstrucOneBackPrac.png'
5.4268 	EXP 	unnamed ImageStim: image = './material/PicNback/InstrucOneBackPrac.png'
5.5094 	EXP 	unnamed ImageStim: image = './material/PicNback/InstrucOneBackPrac.png'
5.5767 	EXP 	unnamed ImageStim: image = './material/PicNback/InstrucOneBackPrac.png'
5.6427 	EXP 	unnamed ImageStim: image = './material/PicNback/InstrucOneBackPrac.png'
5.7101 	EXP 	unnamed ImageStim: image = './material/PicNback/InstrucOneBackPrac.png'
5.7760 	EXP 	unnamed ImageStim: image = './material/PicNback/InstrucOneBackPrac.png'
5.8432 	EXP 	unnamed ImageStim: image = './material/PicNback/InstrucOneBackPrac.png'
5.9092 	EXP 	unnamed ImageStim: image = './material/PicNback/InstrucOneBackPrac.png'
5.9769 	EXP 	unnamed ImageStim: image = './material/PicNback/InstrucOneBackPrac.png'
6.0592 	EXP 	unnamed ImageStim: image = './material/PicNback/InstrucOneBackPrac.png'
7.2470 	EXP 	unnamed ImageStim: image = './material/PicNback/InstrucOneBackPrac.png'
7.3254 	EXP 	unnamed ImageStim: image = './material/PicNback/InstrucOneBackPrac.png'
7.3926 	EXP 	unnamed ImageStim: image = './material/PicNback/InstrucOneBackPrac.png'
7.4589 	EXP 	unnamed ImageStim: image = './material/PicNback/InstrucOneBackPrac.png'
7.5430 	EXP 	unnamed ImageStim: image = './material/PicNback/InstrucOneBackPrac.png'
7.6256 	EXP 	unnamed ImageStim: image = './material/PicNback/InstrucOneBackPrac.png'
7.6926 	EXP 	unnamed ImageStim: image = './material/PicNback/InstrucOneBackPrac.png'
7.7585 	EXP 	unnamed ImageStim: image = './material/PicNback/InstrucOneBackPrac.png'
7.8258 	EXP 	unnamed ImageStim: image = './material/PicNback/InstrucOneBackPrac.png'
7.8919 	EXP 	unnamed ImageStim: image = './material/PicNback/InstrucOneBackPrac.png'
7.9758 	EXP 	unnamed ImageStim: image = './material/PicNback/InstrucOneBackPrac.png'
8.0418 	EXP 	unnamed ImageStim: image = './material/PicNback/InstrucOneBackPrac.png'
8.1095 	EXP 	unnamed ImageStim: image = './material/PicNback/InstrucOneBackPrac.png'
8.1917 	EXP 	unnamed ImageStim: image = './material/PicNback/InstrucOneBackPrac.png'
8.2590 	EXP 	unnamed ImageStim: image = './material/PicNback/InstrucOneBackPrac.png'
8.3250 	EXP 	unnamed ImageStim: image = './material/PicNback/InstrucOneBackPrac.png'
8.3923 	EXP 	unnamed ImageStim: image = './material/PicNback/InstrucOneBackPrac.png'
8.4583 	EXP 	unnamed ImageStim: image = './material/PicNback/InstrucOneBackPrac.png'
8.5257 	EXP 	unnamed ImageStim: image = './material/PicNback/InstrucOneBackPrac.png'
8.5916 	EXP 	unnamed ImageStim: image = './material/PicNback/InstrucOneBackPrac.png'
8.6591 	EXP 	unnamed ImageStim: image = './material/PicNback/InstrucOneBackPrac.png'
8.7418 	EXP 	unnamed ImageStim: image = './material/PicNback/InstrucOneBackPrac.png'
8.8089 	EXP 	unnamed ImageStim: image = './material/PicNback/InstrucOneBackPrac.png'
8.8749 	EXP 	unnamed ImageStim: image = './material/PicNback/InstrucOneBackPrac.png'
8.9422 	EXP 	unnamed ImageStim: image = './material/PicNback/InstrucOneBackPrac.png'
9.0082 	EXP 	unnamed ImageStim: image = './material/PicNback/InstrucOneBackPrac.png'
9.0757 	EXP 	unnamed ImageStim: image = './material/PicNback/InstrucOneBackPrac.png'
9.1414 	EXP 	unnamed ImageStim: image = './material/PicNback/InstrucOneBackPrac.png'
9.2087 	EXP 	unnamed ImageStim: image = './material/PicNback/InstrucOneBackPrac.png'
9.2747 	EXP 	unnamed ImageStim: image = './material/PicNback/InstrucOneBackPrac.png'
9.3420 	EXP 	unnamed ImageStim: image = './material/PicNback/InstrucOneBackPrac.png'
9.4080 	EXP 	unnamed ImageStim: image = './material/PicNback/InstrucOneBackPrac.png'
9.4756 	EXP 	unnamed ImageStim: image = './material/PicNback/InstrucOneBackPrac.png'
9.5413 	EXP 	unnamed ImageStim: image = './material/PicNback/InstrucOneBackPrac.png'
9.6086 	EXP 	unnamed ImageStim: image = './material/PicNback/InstrucOneBackPrac.png'
9.6746 	EXP 	unnamed ImageStim: image = './material/PicNback/InstrucOneBackPrac.png'
9.7587 	EXP 	unnamed ImageStim: image = './material/PicNback/InstrucOneBackPrac.png'
9.8245 	EXP 	unnamed ImageStim: image = './material/PicNback/InstrucOneBackPrac.png'
9.8918 	EXP 	unnamed ImageStim: image = './material/PicNback/InstrucOneBackPrac.png'
9.9744 	EXP 	unnamed ImageStim: image = './material/PicNback/InstrucOneBackPrac.png'
10.0422 	EXP 	unnamed ImageStim: image = './material/PicNback/InstrucOneBackPrac.png'
10.1078 	EXP 	unnamed ImageStim: image = './material/PicNback/InstrucOneBackPrac.png'
10.1751 	EXP 	unnamed ImageStim: image = './material/PicNback/InstrucOneBackPrac.png'
10.2411 	EXP 	unnamed ImageStim: image = './material/PicNback/InstrucOneBackPrac.png'
10.3084 	EXP 	unnamed ImageStim: image = './material/PicNback/InstrucOneBackPrac.png'
10.3743 	EXP 	unnamed ImageStim: image = './material/PicNback/InstrucOneBackPrac.png'
10.4419 	EXP 	unnamed ImageStim: image = './material/PicNback/InstrucOneBackPrac.png'
10.5077 	EXP 	unnamed ImageStim: image = './material/PicNback/InstrucOneBackPrac.png'
10.5921 	EXP 	unnamed ImageStim: image = './material/PicNback/InstrucOneBackPrac.png'
10.6576 	EXP 	unnamed ImageStim: image = './material/PicNback/InstrucOneBackPrac.png'
10.7249 	EXP 	unnamed ImageStim: image = './material/PicNback/InstrucOneBackPrac.png'
10.8078 	EXP 	unnamed ImageStim: image = './material/PicNback/InstrucOneBackPrac.png'
10.8916 	EXP 	unnamed ImageStim: image = './material/PicNback/InstrucOneBackPrac.png'
10.9575 	EXP 	unnamed ImageStim: image = './material/PicNback/InstrucOneBackPrac.png'
11.0249 	EXP 	unnamed ImageStim: image = './material/PicNback/InstrucOneBackPrac.png'
11.0908 	EXP 	unnamed ImageStim: image = './material/PicNback/InstrucOneBackPrac.png'
11.1581 	EXP 	unnamed ImageStim: image = './material/PicNback/InstrucOneBackPrac.png'
11.2407 	EXP 	unnamed ImageStim: image = './material/PicNback/InstrucOneBackPrac.png'
11.3107 	EXP 	unnamed ImageStim: image = './material/PicNback/InstrucOneBackPrac.png'
11.3712 	DATA 	Keypress: space
11.3910 	EXP 	unnamed ImageStim: image = './material/PicNback/InstrucOneBackPrac.png'
11.3918 	EXP 	Created sequence: sequential, trialTypes=5, nReps=1, seed=None
13.9018 	DATA 	Keypress: right
14.6042 	DATA 	Keypress: right
14.8509 	DATA 	Keypress: right
14.9445 	DATA 	Keypress: left
16.1219 	EXP 	New trial (rep=0, index=0): {'Image': <psychopy.visual.image.ImageStim object at 0x000001E6F50B7F50>, 'Resp': 'right'}
18.8140 	DATA 	Keypress: left
18.8370 	EXP 	unnamed TextStim: height = 45.0
18.8370 	EXP 	unnamed TextStim: height = 45.0
18.8370 	EXP 	unnamed TextStim: height = 45.0
18.8370 	EXP 	unnamed TextStim: text = '回答错误'
19.8377 	EXP 	New trial (rep=0, index=1): {'Image': <psychopy.visual.image.ImageStim object at 0x000001E6F5008590>, 'Resp': 'right'}
21.3319 	DATA 	Keypress: right
21.8851 	EXP 	unnamed TextStim: height = 45.0
21.8851 	EXP 	unnamed TextStim: height = 45.0
21.8851 	EXP 	unnamed TextStim: height = 45.0
21.8851 	EXP 	unnamed TextStim: text = '回答正确'
22.3596 	DATA 	Keypress: right
22.8858 	EXP 	New trial (rep=0, index=2): {'Image': <psychopy.visual.image.ImageStim object at 0x000001E6F5008590>, 'Resp': 'left'}
25.3837 	DATA 	Keypress: right
25.4013 	EXP 	unnamed TextStim: height = 45.0
25.4013 	EXP 	unnamed TextStim: height = 45.0
25.4013 	EXP 	unnamed TextStim: height = 45.0
25.4013 	EXP 	unnamed TextStim: text = '回答错误'
26.4019 	EXP 	New trial (rep=0, index=3): {'Image': <psychopy.visual.image.ImageStim object at 0x000001E6F50BEA50>, 'Resp': 'right'}
28.9722 	DATA 	Keypress: down
29.7020 	DATA 	Keypress: right
29.7175 	EXP 	unnamed TextStim: height = 45.0
29.7175 	EXP 	unnamed TextStim: height = 45.0
29.7175 	EXP 	unnamed TextStim: height = 45.0
29.7175 	EXP 	unnamed TextStim: text = '回答正确'
30.7185 	EXP 	New trial (rep=0, index=4): {'Image': <psychopy.visual.image.ImageStim object at 0x000001E6F50BEA50>, 'Resp': 'left'}
32.3221 	DATA 	Keypress: right
32.7654 	EXP 	unnamed TextStim: height = 45.0
32.7654 	EXP 	unnamed TextStim: height = 45.0
32.7654 	EXP 	unnamed TextStim: height = 45.0
32.7654 	EXP 	unnamed TextStim: text = '回答错误'
33.8339 	EXP 	unnamed ImageStim: image = './material/PicNback/InstrucOneBack.png'
33.9002 	EXP 	unnamed ImageStim: image = './material/PicNback/InstrucOneBack.png'
33.9671 	EXP 	unnamed ImageStim: image = './material/PicNback/InstrucOneBack.png'
34.0328 	EXP 	unnamed ImageStim: image = './material/PicNback/InstrucOneBack.png'
34.1003 	EXP 	unnamed ImageStim: image = './material/PicNback/InstrucOneBack.png'
34.1660 	EXP 	unnamed ImageStim: image = './material/PicNback/InstrucOneBack.png'
34.2335 	EXP 	unnamed ImageStim: image = './material/PicNback/InstrucOneBack.png'
34.2993 	EXP 	unnamed ImageStim: image = './material/PicNback/InstrucOneBack.png'
34.3667 	EXP 	unnamed ImageStim: image = './material/PicNback/InstrucOneBack.png'
34.4326 	EXP 	unnamed ImageStim: image = './material/PicNback/InstrucOneBack.png'
34.4999 	EXP 	unnamed ImageStim: image = './material/PicNback/InstrucOneBack.png'
34.5826 	EXP 	unnamed ImageStim: image = './material/PicNback/InstrucOneBack.png'
34.6666 	EXP 	unnamed ImageStim: image = './material/PicNback/InstrucOneBack.png'
34.7494 	EXP 	unnamed ImageStim: image = './material/PicNback/InstrucOneBack.png'
34.8168 	EXP 	unnamed ImageStim: image = './material/PicNback/InstrucOneBack.png'
34.8825 	EXP 	unnamed ImageStim: image = './material/PicNback/InstrucOneBack.png'
34.9499 	EXP 	unnamed ImageStim: image = './material/PicNback/InstrucOneBack.png'
35.0157 	EXP 	unnamed ImageStim: image = './material/PicNback/InstrucOneBack.png'
35.0834 	EXP 	unnamed ImageStim: image = './material/PicNback/InstrucOneBack.png'
35.1657 	EXP 	unnamed ImageStim: image = './material/PicNback/InstrucOneBack.png'
35.2500 	EXP 	unnamed ImageStim: image = './material/PicNback/InstrucOneBack.png'
35.3156 	EXP 	unnamed ImageStim: image = './material/PicNback/InstrucOneBack.png'
35.3835 	EXP 	unnamed ImageStim: image = './material/PicNback/InstrucOneBack.png'
35.4489 	EXP 	unnamed ImageStim: image = './material/PicNback/InstrucOneBack.png'
35.5162 	EXP 	unnamed ImageStim: image = './material/PicNback/InstrucOneBack.png'
35.5822 	EXP 	unnamed ImageStim: image = './material/PicNback/InstrucOneBack.png'
35.6495 	EXP 	unnamed ImageStim: image = './material/PicNback/InstrucOneBack.png'
35.7155 	EXP 	unnamed ImageStim: image = './material/PicNback/InstrucOneBack.png'
35.7833 	EXP 	unnamed ImageStim: image = './material/PicNback/InstrucOneBack.png'
35.8488 	EXP 	unnamed ImageStim: image = './material/PicNback/InstrucOneBack.png'
35.9161 	EXP 	unnamed ImageStim: image = './material/PicNback/InstrucOneBack.png'
35.9824 	EXP 	unnamed ImageStim: image = './material/PicNback/InstrucOneBack.png'
36.0496 	EXP 	unnamed ImageStim: image = './material/PicNback/InstrucOneBack.png'
36.1153 	EXP 	unnamed ImageStim: image = './material/PicNback/InstrucOneBack.png'
36.1834 	EXP 	unnamed ImageStim: image = './material/PicNback/InstrucOneBack.png'
36.2490 	EXP 	unnamed ImageStim: image = './material/PicNback/InstrucOneBack.png'
36.3162 	EXP 	unnamed ImageStim: image = './material/PicNback/InstrucOneBack.png'
36.3848 	EXP 	unnamed ImageStim: image = './material/PicNback/InstrucOneBack.png'
36.4662 	EXP 	unnamed ImageStim: image = './material/PicNback/InstrucOneBack.png'
36.5319 	EXP 	unnamed ImageStim: image = './material/PicNback/InstrucOneBack.png'
36.5993 	EXP 	unnamed ImageStim: image = './material/PicNback/InstrucOneBack.png'
36.6653 	EXP 	unnamed ImageStim: image = './material/PicNback/InstrucOneBack.png'
36.7328 	EXP 	unnamed ImageStim: image = './material/PicNback/InstrucOneBack.png'
36.7985 	EXP 	unnamed ImageStim: image = './material/PicNback/InstrucOneBack.png'
36.8657 	EXP 	unnamed ImageStim: image = './material/PicNback/InstrucOneBack.png'
36.9318 	EXP 	unnamed ImageStim: image = './material/PicNback/InstrucOneBack.png'
36.9995 	EXP 	unnamed ImageStim: image = './material/PicNback/InstrucOneBack.png'
37.0650 	EXP 	unnamed ImageStim: image = './material/PicNback/InstrucOneBack.png'
37.1324 	EXP 	unnamed ImageStim: image = './material/PicNback/InstrucOneBack.png'
37.1984 	EXP 	unnamed ImageStim: image = './material/PicNback/InstrucOneBack.png'
37.2656 	EXP 	unnamed ImageStim: image = './material/PicNback/InstrucOneBack.png'
37.3318 	EXP 	unnamed ImageStim: image = './material/PicNback/InstrucOneBack.png'
37.3991 	EXP 	unnamed ImageStim: image = './material/PicNback/InstrucOneBack.png'
37.4648 	EXP 	unnamed ImageStim: image = './material/PicNback/InstrucOneBack.png'
37.5324 	EXP 	unnamed ImageStim: image = './material/PicNback/InstrucOneBack.png'
37.5981 	EXP 	unnamed ImageStim: image = './material/PicNback/InstrucOneBack.png'
37.6654 	EXP 	unnamed ImageStim: image = './material/PicNback/InstrucOneBack.png'
37.7315 	EXP 	unnamed ImageStim: image = './material/PicNback/InstrucOneBack.png'
37.7988 	EXP 	unnamed ImageStim: image = './material/PicNback/InstrucOneBack.png'
37.8678 	EXP 	unnamed ImageStim: image = './material/PicNback/InstrucOneBack.png'
37.9489 	EXP 	unnamed ImageStim: image = './material/PicNback/InstrucOneBack.png'
38.0316 	EXP 	unnamed ImageStim: image = './material/PicNback/InstrucOneBack.png'
38.0989 	EXP 	unnamed ImageStim: image = './material/PicNback/InstrucOneBack.png'
38.1816 	EXP 	unnamed ImageStim: image = './material/PicNback/InstrucOneBack.png'
38.2489 	EXP 	unnamed ImageStim: image = './material/PicNback/InstrucOneBack.png'
38.3146 	EXP 	unnamed ImageStim: image = './material/PicNback/InstrucOneBack.png'
38.3818 	EXP 	unnamed ImageStim: image = './material/PicNback/InstrucOneBack.png'
38.4649 	EXP 	unnamed ImageStim: image = './material/PicNback/InstrucOneBack.png'
38.5319 	EXP 	unnamed ImageStim: image = './material/PicNback/InstrucOneBack.png'
38.5887 	DATA 	Keypress: space
38.5977 	EXP 	unnamed ImageStim: image = './material/PicNback/InstrucOneBack.png'
38.6106 	EXP 	Imported ./material/PicNback/Nback.xlsx as conditions, 24 conditions, 6 params
38.6113 	EXP 	Created sequence: sequential, trialTypes=24, nReps=1, seed=None
40.3588 	DATA 	Keypress: right
42.1582 	DATA 	Keypress: right
42.6809 	EXP 	New trial (rep=0, index=0): {'ImageOneBack': 'Image21', 'RespOneBack': 'right', 'ImageTwoBack': 'Image12', 'RespTwoBack': 'left', 'ImageThreeBack': 'Image21', 'RespThreeBack': 'right'}
44.4038 	DATA 	Keypress: right
44.4046 	EXP 	New trial (rep=0, index=1): {'ImageOneBack': 'Image21', 'RespOneBack': 'left', 'ImageTwoBack': 'Image22', 'RespTwoBack': 'right', 'ImageThreeBack': 'Image22', 'RespThreeBack': 'left'}
46.1441 	DATA 	Keypress: right
46.1450 	EXP 	New trial (rep=0, index=2): {'ImageOneBack': 'Image12', 'RespOneBack': 'right', 'ImageTwoBack': 'Image33', 'RespTwoBack': 'right', 'ImageThreeBack': 'Image12', 'RespThreeBack': 'right'}
47.5537 	DATA 	Keypress: right
47.5545 	EXP 	New trial (rep=0, index=3): {'ImageOneBack': 'Image31', 'RespOneBack': 'right', 'ImageTwoBack': 'Image21', 'RespTwoBack': 'right', 'ImageThreeBack': 'Image21', 'RespThreeBack': 'left'}
49.1436 	DATA 	Keypress: right
49.1445 	EXP 	New trial (rep=0, index=4): {'ImageOneBack': 'Image31', 'RespOneBack': 'left', 'ImageTwoBack': 'Image33', 'RespTwoBack': 'left', 'ImageThreeBack': 'Image13', 'RespThreeBack': 'right'}
50.5238 	DATA 	Keypress: left
50.5243 	EXP 	New trial (rep=0, index=5): {'ImageOneBack': 'Image13', 'RespOneBack': 'right', 'ImageTwoBack': 'Image21', 'RespTwoBack': 'left', 'ImageThreeBack': 'Image12', 'RespThreeBack': 'left'}
51.8809 	DATA 	Keypress: left
51.8817 	EXP 	New trial (rep=0, index=6): {'ImageOneBack': 'Image12', 'RespOneBack': 'right', 'ImageTwoBack': 'Image31', 'RespTwoBack': 'right', 'ImageThreeBack': 'Image31', 'RespThreeBack': 'right'}
53.2311 	DATA 	Keypress: left
53.2317 	EXP 	New trial (rep=0, index=7): {'ImageOneBack': 'Image12', 'RespOneBack': 'left', 'ImageTwoBack': 'Image21', 'RespTwoBack': 'left', 'ImageThreeBack': 'Image32', 'RespThreeBack': 'right'}
54.5963 	DATA 	Keypress: right
54.5971 	EXP 	New trial (rep=0, index=8): {'ImageOneBack': 'Image32', 'RespOneBack': 'right', 'ImageTwoBack': 'Image22', 'RespTwoBack': 'right', 'ImageThreeBack': 'Image12', 'RespThreeBack': 'left'}
54.7645 	DATA 	Keypress: left
55.6253 	EXP 	New trial (rep=0, index=9): {'ImageOneBack': 'Image32', 'RespOneBack': 'left', 'ImageTwoBack': 'Image11', 'RespTwoBack': 'right', 'ImageThreeBack': 'Image31', 'RespThreeBack': 'left'}
55.9957 	DATA 	Keypress: left
56.6581 	EXP 	New trial (rep=0, index=10): {'ImageOneBack': 'Image31', 'RespOneBack': 'right', 'ImageTwoBack': 'Image12', 'RespTwoBack': 'right', 'ImageThreeBack': 'Image33', 'RespThreeBack': 'right'}
57.0814 	DATA 	Keypress: right
57.6911 	EXP 	New trial (rep=0, index=11): {'ImageOneBack': 'Image31', 'RespOneBack': 'left', 'ImageTwoBack': 'Image11', 'RespTwoBack': 'left', 'ImageThreeBack': 'Image12', 'RespThreeBack': 'left'}
59.0588 	DATA 	Keypress: right
59.0597 	EXP 	New trial (rep=0, index=12): {'ImageOneBack': 'Image11', 'RespOneBack': 'right', 'ImageTwoBack': 'Image23', 'RespTwoBack': 'right', 'ImageThreeBack': 'Image23', 'RespThreeBack': 'right'}
60.4237 	DATA 	Keypress: right
60.4246 	EXP 	New trial (rep=0, index=13): {'ImageOneBack': 'Image23', 'RespOneBack': 'right', 'ImageTwoBack': 'Image11', 'RespTwoBack': 'left', 'ImageThreeBack': 'Image33', 'RespThreeBack': 'left'}
62.1487 	DATA 	Keypress: right
62.1494 	EXP 	New trial (rep=0, index=14): {'ImageOneBack': 'Image23', 'RespOneBack': 'left', 'ImageTwoBack': 'Image22', 'RespTwoBack': 'right', 'ImageThreeBack': 'Image21', 'RespThreeBack': 'right'}
63.5513 	DATA 	Keypress: right
63.5523 	EXP 	New trial (rep=0, index=15): {'ImageOneBack': 'Image23', 'RespOneBack': 'left', 'ImageTwoBack': 'Image21', 'RespTwoBack': 'right', 'ImageThreeBack': 'Image23', 'RespThreeBack': 'left'}
65.2309 	DATA 	Keypress: right
65.2315 	EXP 	New trial (rep=0, index=16): {'ImageOneBack': 'Image32', 'RespOneBack': 'right', 'ImageTwoBack': 'Image22', 'RespTwoBack': 'left', 'ImageThreeBack': 'Image31', 'RespThreeBack': 'right'}
66.4383 	DATA 	Keypress: right
66.4388 	EXP 	New trial (rep=0, index=17): {'ImageOneBack': 'Image32', 'RespOneBack': 'left', 'ImageTwoBack': 'Image21', 'RespTwoBack': 'left', 'ImageThreeBack': 'Image22', 'RespThreeBack': 'right'}
67.9088 	DATA 	Keypress: right
67.9098 	EXP 	New trial (rep=0, index=18): {'ImageOneBack': 'Image22', 'RespOneBack': 'right', 'ImageTwoBack': 'Image31', 'RespTwoBack': 'right', 'ImageThreeBack': 'Image23', 'RespThreeBack': 'left'}
69.2513 	DATA 	Keypress: right
69.2522 	EXP 	New trial (rep=0, index=19): {'ImageOneBack': 'Image22', 'RespOneBack': 'left', 'ImageTwoBack': 'Image21', 'RespTwoBack': 'left', 'ImageThreeBack': 'Image11', 'RespThreeBack': 'right'}
70.6610 	DATA 	Keypress: right
70.6619 	EXP 	New trial (rep=0, index=20): {'ImageOneBack': 'Image13', 'RespOneBack': 'right', 'ImageTwoBack': 'Image31', 'RespTwoBack': 'left', 'ImageThreeBack': 'Image22', 'RespThreeBack': 'left'}
72.0336 	DATA 	Keypress: right
72.0341 	EXP 	New trial (rep=0, index=21): {'ImageOneBack': 'Image13', 'RespOneBack': 'left', 'ImageTwoBack': 'Image12', 'RespTwoBack': 'right', 'ImageThreeBack': 'Image23', 'RespThreeBack': 'left'}
73.5189 	DATA 	Keypress: right
73.5198 	EXP 	New trial (rep=0, index=22): {'ImageOneBack': 'Image13', 'RespOneBack': 'left', 'ImageTwoBack': 'Image31', 'RespTwoBack': 'left', 'ImageThreeBack': 'Image13', 'RespThreeBack': 'left'}
74.9887 	DATA 	Keypress: right
74.9892 	EXP 	New trial (rep=0, index=23): {'ImageOneBack': 'Image12', 'RespOneBack': 'right', 'ImageTwoBack': 'Image22', 'RespTwoBack': 'right', 'ImageThreeBack': 'Image12', 'RespThreeBack': 'right'}
76.3764 	DATA 	Keypress: right
76.4521 	EXP 	unnamed ImageStim: image = './material/PicNback/InstrucTwoBackPrac.png'
76.5213 	EXP 	unnamed ImageStim: image = './material/PicNback/InstrucTwoBackPrac.png'
76.5845 	EXP 	unnamed ImageStim: image = './material/PicNback/InstrucTwoBackPrac.png'
76.6518 	EXP 	unnamed ImageStim: image = './material/PicNback/InstrucTwoBackPrac.png'
76.7178 	EXP 	unnamed ImageStim: image = './material/PicNback/InstrucTwoBackPrac.png'
76.7854 	EXP 	unnamed ImageStim: image = './material/PicNback/InstrucTwoBackPrac.png'
76.8510 	EXP 	unnamed ImageStim: image = './material/PicNback/InstrucTwoBackPrac.png'
76.9185 	EXP 	unnamed ImageStim: image = './material/PicNback/InstrucTwoBackPrac.png'
76.9843 	EXP 	unnamed ImageStim: image = './material/PicNback/InstrucTwoBackPrac.png'
77.0517 	EXP 	unnamed ImageStim: image = './material/PicNback/InstrucTwoBackPrac.png'
77.1180 	EXP 	unnamed ImageStim: image = './material/PicNback/InstrucTwoBackPrac.png'
77.1851 	EXP 	unnamed ImageStim: image = './material/PicNback/InstrucTwoBackPrac.png'
77.2509 	EXP 	unnamed ImageStim: image = './material/PicNback/InstrucTwoBackPrac.png'
77.3182 	EXP 	unnamed ImageStim: image = './material/PicNback/InstrucTwoBackPrac.png'
77.3842 	EXP 	unnamed ImageStim: image = './material/PicNback/InstrucTwoBackPrac.png'
77.4515 	EXP 	unnamed ImageStim: image = './material/PicNback/InstrucTwoBackPrac.png'
77.5175 	EXP 	unnamed ImageStim: image = './material/PicNback/InstrucTwoBackPrac.png'
77.5849 	EXP 	unnamed ImageStim: image = './material/PicNback/InstrucTwoBackPrac.png'
77.6508 	EXP 	unnamed ImageStim: image = './material/PicNback/InstrucTwoBackPrac.png'
77.7182 	EXP 	unnamed ImageStim: image = './material/PicNback/InstrucTwoBackPrac.png'
77.7840 	EXP 	unnamed ImageStim: image = './material/PicNback/InstrucTwoBackPrac.png'
77.8515 	EXP 	unnamed ImageStim: image = './material/PicNback/InstrucTwoBackPrac.png'
77.9174 	EXP 	unnamed ImageStim: image = './material/PicNback/InstrucTwoBackPrac.png'
77.9847 	EXP 	unnamed ImageStim: image = './material/PicNback/InstrucTwoBackPrac.png'
78.0506 	EXP 	unnamed ImageStim: image = './material/PicNback/InstrucTwoBackPrac.png'
78.1180 	EXP 	unnamed ImageStim: image = './material/PicNback/InstrucTwoBackPrac.png'
78.2009 	EXP 	unnamed ImageStim: image = './material/PicNback/InstrucTwoBackPrac.png'
78.2679 	EXP 	unnamed ImageStim: image = './material/PicNback/InstrucTwoBackPrac.png'
78.3338 	EXP 	unnamed ImageStim: image = './material/PicNback/InstrucTwoBackPrac.png'
78.4013 	EXP 	unnamed ImageStim: image = './material/PicNback/InstrucTwoBackPrac.png'
78.4671 	EXP 	unnamed ImageStim: image = './material/PicNback/InstrucTwoBackPrac.png'
78.5347 	EXP 	unnamed ImageStim: image = './material/PicNback/InstrucTwoBackPrac.png'
78.6005 	EXP 	unnamed ImageStim: image = './material/PicNback/InstrucTwoBackPrac.png'
78.6850 	EXP 	unnamed ImageStim: image = './material/PicNback/InstrucTwoBackPrac.png'
78.7504 	EXP 	unnamed ImageStim: image = './material/PicNback/InstrucTwoBackPrac.png'
78.8177 	EXP 	unnamed ImageStim: image = './material/PicNback/InstrucTwoBackPrac.png'
78.9007 	EXP 	unnamed ImageStim: image = './material/PicNback/InstrucTwoBackPrac.png'
78.9677 	EXP 	unnamed ImageStim: image = './material/PicNback/InstrucTwoBackPrac.png'
79.0336 	EXP 	unnamed ImageStim: image = './material/PicNback/InstrucTwoBackPrac.png'
79.1009 	EXP 	unnamed ImageStim: image = './material/PicNback/InstrucTwoBackPrac.png'
79.1671 	EXP 	unnamed ImageStim: image = './material/PicNback/InstrucTwoBackPrac.png'
79.2344 	EXP 	unnamed ImageStim: image = './material/PicNback/InstrucTwoBackPrac.png'
79.3002 	EXP 	unnamed ImageStim: image = './material/PicNback/InstrucTwoBackPrac.png'
79.3675 	EXP 	unnamed ImageStim: image = './material/PicNback/InstrucTwoBackPrac.png'
79.4334 	EXP 	unnamed ImageStim: image = './material/PicNback/InstrucTwoBackPrac.png'
79.5010 	EXP 	unnamed ImageStim: image = './material/PicNback/InstrucTwoBackPrac.png'
79.5669 	EXP 	unnamed ImageStim: image = './material/PicNback/InstrucTwoBackPrac.png'
79.5672 	DATA 	Keypress: space
79.5678 	EXP 	Created sequence: sequential, trialTypes=5, nReps=1, seed=None
82.0335 	DATA 	Keypress: right
83.9918 	DATA 	Keypress: right
85.1041 	DATA 	Keypress: right
85.6644 	EXP 	New trial (rep=0, index=0): {'Image': <psychopy.visual.image.ImageStim object at 0x000001E6F5008590>, 'Resp': 'left'}
87.2049 	DATA 	Keypress: right
87.7129 	EXP 	unnamed TextStim: text = '回答错误'
88.7133 	EXP 	New trial (rep=0, index=1): {'Image': <psychopy.visual.image.ImageStim object at 0x000001E6FC911510>, 'Resp': 'right'}
90.1369 	DATA 	Keypress: left
90.7620 	EXP 	unnamed TextStim: text = '回答错误'
91.7629 	EXP 	New trial (rep=0, index=2): {'Image': <psychopy.visual.image.ImageStim object at 0x000001E6F3B44C90>, 'Resp': 'right'}
93.6264 	DATA 	Keypress: right
93.8109 	EXP 	unnamed TextStim: height = 45.0
93.8109 	EXP 	unnamed TextStim: height = 45.0
93.8109 	EXP 	unnamed TextStim: height = 45.0
93.8109 	EXP 	unnamed TextStim: text = '回答正确'
94.8117 	EXP 	New trial (rep=0, index=3): {'Image': <psychopy.visual.image.ImageStim object at 0x000001E6FC911510>, 'Resp': 'left'}
96.3664 	DATA 	Keypress: right
96.8597 	EXP 	unnamed TextStim: height = 45.0
96.8597 	EXP 	unnamed TextStim: height = 45.0
96.8597 	EXP 	unnamed TextStim: height = 45.0
96.8597 	EXP 	unnamed TextStim: text = '回答错误'
97.8601 	EXP 	New trial (rep=0, index=4): {'Image': <psychopy.visual.image.ImageStim object at 0x000001E6F508FA90>, 'Resp': 'right'}
99.3525 	DATA 	Keypress: left
99.9088 	EXP 	unnamed TextStim: text = '回答错误'
100.9770 	EXP 	unnamed ImageStim: image = './material/PicNback/InstrucTwoBack.png'
101.0435 	EXP 	unnamed ImageStim: image = './material/PicNback/InstrucTwoBack.png'
101.1099 	EXP 	unnamed ImageStim: image = './material/PicNback/InstrucTwoBack.png'
101.1758 	EXP 	unnamed ImageStim: image = './material/PicNback/InstrucTwoBack.png'
101.2435 	EXP 	unnamed ImageStim: image = './material/PicNback/InstrucTwoBack.png'
101.3261 	EXP 	unnamed ImageStim: image = './material/PicNback/InstrucTwoBack.png'
101.3933 	EXP 	unnamed ImageStim: image = './material/PicNback/InstrucTwoBack.png'
101.4596 	EXP 	unnamed ImageStim: image = './material/PicNback/InstrucTwoBack.png'
101.5436 	EXP 	unnamed ImageStim: image = './material/PicNback/InstrucTwoBack.png'
101.6091 	EXP 	unnamed ImageStim: image = './material/PicNback/InstrucTwoBack.png'
101.6765 	EXP 	unnamed ImageStim: image = './material/PicNback/InstrucTwoBack.png'
101.7423 	EXP 	unnamed ImageStim: image = './material/PicNback/InstrucTwoBack.png'
101.8097 	EXP 	unnamed ImageStim: image = './material/PicNback/InstrucTwoBack.png'
101.8757 	EXP 	unnamed ImageStim: image = './material/PicNback/InstrucTwoBack.png'
101.9437 	EXP 	unnamed ImageStim: image = './material/PicNback/InstrucTwoBack.png'
102.0090 	EXP 	unnamed ImageStim: image = './material/PicNback/InstrucTwoBack.png'
102.0766 	EXP 	unnamed ImageStim: image = './material/PicNback/InstrucTwoBack.png'
102.1592 	EXP 	unnamed ImageStim: image = './material/PicNback/InstrucTwoBack.png'
102.2262 	EXP 	unnamed ImageStim: image = './material/PicNback/InstrucTwoBack.png'
102.2922 	EXP 	unnamed ImageStim: image = './material/PicNback/InstrucTwoBack.png'
102.3595 	EXP 	unnamed ImageStim: image = './material/PicNback/InstrucTwoBack.png'
102.4255 	EXP 	unnamed ImageStim: image = './material/PicNback/InstrucTwoBack.png'
102.4930 	EXP 	unnamed ImageStim: image = './material/PicNback/InstrucTwoBack.png'
102.5588 	EXP 	unnamed ImageStim: image = './material/PicNback/InstrucTwoBack.png'
102.6262 	EXP 	unnamed ImageStim: image = './material/PicNback/InstrucTwoBack.png'
102.6921 	EXP 	unnamed ImageStim: image = './material/PicNback/InstrucTwoBack.png'
102.7593 	EXP 	unnamed ImageStim: image = './material/PicNback/InstrucTwoBack.png'
102.8253 	EXP 	unnamed ImageStim: image = './material/PicNback/InstrucTwoBack.png'
102.8927 	EXP 	unnamed ImageStim: image = './material/PicNback/InstrucTwoBack.png'
102.9593 	EXP 	unnamed ImageStim: image = './material/PicNback/InstrucTwoBack.png'
103.0260 	EXP 	unnamed ImageStim: image = './material/PicNback/InstrucTwoBack.png'
103.0919 	EXP 	unnamed ImageStim: image = './material/PicNback/InstrucTwoBack.png'
103.1595 	EXP 	unnamed ImageStim: image = './material/PicNback/InstrucTwoBack.png'
103.2421 	EXP 	unnamed ImageStim: image = './material/PicNback/InstrucTwoBack.png'
103.3094 	EXP 	unnamed ImageStim: image = './material/PicNback/InstrucTwoBack.png'
103.3751 	EXP 	unnamed ImageStim: image = './material/PicNback/InstrucTwoBack.png'
103.4425 	EXP 	unnamed ImageStim: image = './material/PicNback/InstrucTwoBack.png'
103.5084 	EXP 	unnamed ImageStim: image = './material/PicNback/InstrucTwoBack.png'
103.5757 	EXP 	unnamed ImageStim: image = './material/PicNback/InstrucTwoBack.png'
103.6417 	EXP 	unnamed ImageStim: image = './material/PicNback/InstrucTwoBack.png'
103.7261 	EXP 	unnamed ImageStim: image = './material/PicNback/InstrucTwoBack.png'
103.8083 	EXP 	unnamed ImageStim: image = './material/PicNback/InstrucTwoBack.png'
103.8760 	EXP 	unnamed ImageStim: image = './material/PicNback/InstrucTwoBack.png'
103.9416 	EXP 	unnamed ImageStim: image = './material/PicNback/InstrucTwoBack.png'
104.0093 	EXP 	unnamed ImageStim: image = './material/PicNback/InstrucTwoBack.png'
104.0749 	EXP 	unnamed ImageStim: image = './material/PicNback/InstrucTwoBack.png'
104.1425 	EXP 	unnamed ImageStim: image = './material/PicNback/InstrucTwoBack.png'
104.2082 	EXP 	unnamed ImageStim: image = './material/PicNback/InstrucTwoBack.png'
104.2759 	EXP 	unnamed ImageStim: image = './material/PicNback/InstrucTwoBack.png'
104.2765 	DATA 	Keypress: space
104.2912 	EXP 	Imported ./material/PicNback/Nback.xlsx as conditions, 24 conditions, 6 params
104.2919 	EXP 	Created sequence: sequential, trialTypes=24, nReps=1, seed=None
107.7419 	DATA 	Keypress: right
109.7910 	DATA 	Keypress: right
110.3897 	EXP 	New trial (rep=0, index=0): {'ImageOneBack': 'Image21', 'RespOneBack': 'right', 'ImageTwoBack': 'Image12', 'RespTwoBack': 'left', 'ImageThreeBack': 'Image21', 'RespThreeBack': 'right'}
111.7983 	DATA 	Keypress: right
111.7990 	EXP 	New trial (rep=0, index=1): {'ImageOneBack': 'Image21', 'RespOneBack': 'left', 'ImageTwoBack': 'Image22', 'RespTwoBack': 'right', 'ImageThreeBack': 'Image22', 'RespThreeBack': 'left'}
113.3059 	DATA 	Keypress: right
113.3069 	EXP 	New trial (rep=0, index=2): {'ImageOneBack': 'Image12', 'RespOneBack': 'right', 'ImageTwoBack': 'Image33', 'RespTwoBack': 'right', 'ImageThreeBack': 'Image12', 'RespThreeBack': 'right'}
114.7910 	DATA 	Keypress: right
114.7920 	EXP 	New trial (rep=0, index=3): {'ImageOneBack': 'Image31', 'RespOneBack': 'right', 'ImageTwoBack': 'Image21', 'RespTwoBack': 'right', 'ImageThreeBack': 'Image21', 'RespThreeBack': 'left'}
116.1785 	DATA 	Keypress: right
116.1790 	EXP 	New trial (rep=0, index=4): {'ImageOneBack': 'Image31', 'RespOneBack': 'left', 'ImageTwoBack': 'Image33', 'RespTwoBack': 'left', 'ImageThreeBack': 'Image13', 'RespThreeBack': 'right'}
117.7159 	DATA 	Keypress: right
117.7165 	EXP 	New trial (rep=0, index=5): {'ImageOneBack': 'Image13', 'RespOneBack': 'right', 'ImageTwoBack': 'Image21', 'RespTwoBack': 'left', 'ImageThreeBack': 'Image12', 'RespThreeBack': 'left'}
119.2610 	DATA 	Keypress: right
119.2616 	EXP 	New trial (rep=0, index=6): {'ImageOneBack': 'Image12', 'RespOneBack': 'right', 'ImageTwoBack': 'Image31', 'RespTwoBack': 'right', 'ImageThreeBack': 'Image31', 'RespThreeBack': 'right'}
120.5135 	DATA 	Keypress: right
120.5144 	EXP 	New trial (rep=0, index=7): {'ImageOneBack': 'Image12', 'RespOneBack': 'left', 'ImageTwoBack': 'Image21', 'RespTwoBack': 'left', 'ImageThreeBack': 'Image32', 'RespThreeBack': 'right'}
121.9238 	DATA 	Keypress: right
121.9247 	EXP 	New trial (rep=0, index=8): {'ImageOneBack': 'Image32', 'RespOneBack': 'right', 'ImageTwoBack': 'Image22', 'RespTwoBack': 'right', 'ImageThreeBack': 'Image12', 'RespThreeBack': 'left'}
123.5210 	DATA 	Keypress: right
123.5219 	EXP 	New trial (rep=0, index=9): {'ImageOneBack': 'Image32', 'RespOneBack': 'left', 'ImageTwoBack': 'Image11', 'RespTwoBack': 'right', 'ImageThreeBack': 'Image31', 'RespThreeBack': 'left'}
124.8564 	DATA 	Keypress: right
124.8572 	EXP 	New trial (rep=0, index=10): {'ImageOneBack': 'Image31', 'RespOneBack': 'right', 'ImageTwoBack': 'Image12', 'RespTwoBack': 'right', 'ImageThreeBack': 'Image33', 'RespThreeBack': 'right'}
126.3107 	DATA 	Keypress: right
126.3116 	EXP 	New trial (rep=0, index=11): {'ImageOneBack': 'Image31', 'RespOneBack': 'left', 'ImageTwoBack': 'Image11', 'RespTwoBack': 'left', 'ImageThreeBack': 'Image12', 'RespThreeBack': 'left'}
127.6758 	DATA 	Keypress: right
127.6767 	EXP 	New trial (rep=0, index=12): {'ImageOneBack': 'Image11', 'RespOneBack': 'right', 'ImageTwoBack': 'Image23', 'RespTwoBack': 'right', 'ImageThreeBack': 'Image23', 'RespThreeBack': 'right'}
129.0263 	DATA 	Keypress: right
129.0271 	EXP 	New trial (rep=0, index=13): {'ImageOneBack': 'Image23', 'RespOneBack': 'right', 'ImageTwoBack': 'Image11', 'RespTwoBack': 'left', 'ImageThreeBack': 'Image33', 'RespThreeBack': 'left'}
130.3909 	DATA 	Keypress: left
130.3917 	EXP 	New trial (rep=0, index=14): {'ImageOneBack': 'Image23', 'RespOneBack': 'left', 'ImageTwoBack': 'Image22', 'RespTwoBack': 'right', 'ImageThreeBack': 'Image21', 'RespThreeBack': 'right'}
131.8457 	DATA 	Keypress: left
131.8466 	EXP 	New trial (rep=0, index=15): {'ImageOneBack': 'Image23', 'RespOneBack': 'left', 'ImageTwoBack': 'Image21', 'RespTwoBack': 'right', 'ImageThreeBack': 'Image23', 'RespThreeBack': 'left'}
133.2338 	DATA 	Keypress: left
133.2348 	EXP 	New trial (rep=0, index=16): {'ImageOneBack': 'Image32', 'RespOneBack': 'right', 'ImageTwoBack': 'Image22', 'RespTwoBack': 'left', 'ImageThreeBack': 'Image31', 'RespThreeBack': 'right'}
134.6284 	DATA 	Keypress: left
134.6294 	EXP 	New trial (rep=0, index=17): {'ImageOneBack': 'Image32', 'RespOneBack': 'left', 'ImageTwoBack': 'Image21', 'RespTwoBack': 'left', 'ImageThreeBack': 'Image22', 'RespThreeBack': 'right'}
135.9561 	DATA 	Keypress: left
135.9566 	EXP 	New trial (rep=0, index=18): {'ImageOneBack': 'Image22', 'RespOneBack': 'right', 'ImageTwoBack': 'Image31', 'RespTwoBack': 'right', 'ImageThreeBack': 'Image23', 'RespThreeBack': 'left'}
137.2834 	DATA 	Keypress: left
137.2840 	EXP 	New trial (rep=0, index=19): {'ImageOneBack': 'Image22', 'RespOneBack': 'left', 'ImageTwoBack': 'Image21', 'RespTwoBack': 'left', 'ImageThreeBack': 'Image11', 'RespThreeBack': 'right'}
138.6709 	DATA 	Keypress: left
138.6719 	EXP 	New trial (rep=0, index=20): {'ImageOneBack': 'Image13', 'RespOneBack': 'right', 'ImageTwoBack': 'Image31', 'RespTwoBack': 'left', 'ImageThreeBack': 'Image22', 'RespThreeBack': 'left'}
140.0059 	DATA 	Keypress: left
140.0068 	EXP 	New trial (rep=0, index=21): {'ImageOneBack': 'Image13', 'RespOneBack': 'left', 'ImageTwoBack': 'Image12', 'RespTwoBack': 'right', 'ImageThreeBack': 'Image23', 'RespThreeBack': 'left'}
141.2965 	DATA 	Keypress: left
141.2973 	EXP 	New trial (rep=0, index=22): {'ImageOneBack': 'Image13', 'RespOneBack': 'left', 'ImageTwoBack': 'Image31', 'RespTwoBack': 'left', 'ImageThreeBack': 'Image13', 'RespThreeBack': 'left'}
142.7583 	DATA 	Keypress: left
142.7588 	EXP 	New trial (rep=0, index=23): {'ImageOneBack': 'Image12', 'RespOneBack': 'right', 'ImageTwoBack': 'Image22', 'RespTwoBack': 'right', 'ImageThreeBack': 'Image12', 'RespThreeBack': 'right'}
144.1309 	DATA 	Keypress: left
144.2117 	EXP 	unnamed ImageStim: image = './material/PicNback/InstrucThreeBackPrac.png'
144.2776 	EXP 	unnamed ImageStim: image = './material/PicNback/InstrucThreeBackPrac.png'
144.3447 	EXP 	unnamed ImageStim: image = './material/PicNback/InstrucThreeBackPrac.png'
144.4107 	EXP 	unnamed ImageStim: image = './material/PicNback/InstrucThreeBackPrac.png'
144.4780 	EXP 	unnamed ImageStim: image = './material/PicNback/InstrucThreeBackPrac.png'
144.5440 	EXP 	unnamed ImageStim: image = './material/PicNback/InstrucThreeBackPrac.png'
144.6114 	EXP 	unnamed ImageStim: image = './material/PicNback/InstrucThreeBackPrac.png'
144.6773 	EXP 	unnamed ImageStim: image = './material/PicNback/InstrucThreeBackPrac.png'
144.7446 	EXP 	unnamed ImageStim: image = './material/PicNback/InstrucThreeBackPrac.png'
144.8107 	EXP 	unnamed ImageStim: image = './material/PicNback/InstrucThreeBackPrac.png'
144.8783 	EXP 	unnamed ImageStim: image = './material/PicNback/InstrucThreeBackPrac.png'
144.9609 	EXP 	unnamed ImageStim: image = './material/PicNback/InstrucThreeBackPrac.png'
145.0280 	EXP 	unnamed ImageStim: image = './material/PicNback/InstrucThreeBackPrac.png'
145.0940 	EXP 	unnamed ImageStim: image = './material/PicNback/InstrucThreeBackPrac.png'
145.1612 	EXP 	unnamed ImageStim: image = './material/PicNback/InstrucThreeBackPrac.png'
145.2271 	EXP 	unnamed ImageStim: image = './material/PicNback/InstrucThreeBackPrac.png'
145.2946 	EXP 	unnamed ImageStim: image = './material/PicNback/InstrucThreeBackPrac.png'
145.3605 	EXP 	unnamed ImageStim: image = './material/PicNback/InstrucThreeBackPrac.png'
145.4278 	EXP 	unnamed ImageStim: image = './material/PicNback/InstrucThreeBackPrac.png'
145.4937 	EXP 	unnamed ImageStim: image = './material/PicNback/InstrucThreeBackPrac.png'
145.5611 	EXP 	unnamed ImageStim: image = './material/PicNback/InstrucThreeBackPrac.png'
145.6270 	EXP 	unnamed ImageStim: image = './material/PicNback/InstrucThreeBackPrac.png'
145.6273 	DATA 	Keypress: right
145.6943 	EXP 	unnamed ImageStim: image = './material/PicNback/InstrucThreeBackPrac.png'
145.7603 	EXP 	unnamed ImageStim: image = './material/PicNback/InstrucThreeBackPrac.png'
145.8276 	EXP 	unnamed ImageStim: image = './material/PicNback/InstrucThreeBackPrac.png'
145.8936 	EXP 	unnamed ImageStim: image = './material/PicNback/InstrucThreeBackPrac.png'
145.9609 	EXP 	unnamed ImageStim: image = './material/PicNback/InstrucThreeBackPrac.png'
146.0271 	EXP 	unnamed ImageStim: image = './material/PicNback/InstrucThreeBackPrac.png'
146.0942 	EXP 	unnamed ImageStim: image = './material/PicNback/InstrucThreeBackPrac.png'
146.1603 	EXP 	unnamed ImageStim: image = './material/PicNback/InstrucThreeBackPrac.png'
146.2274 	EXP 	unnamed ImageStim: image = './material/PicNback/InstrucThreeBackPrac.png'
146.2934 	EXP 	unnamed ImageStim: image = './material/PicNback/InstrucThreeBackPrac.png'
146.3607 	EXP 	unnamed ImageStim: image = './material/PicNback/InstrucThreeBackPrac.png'
146.4268 	EXP 	unnamed ImageStim: image = './material/PicNback/InstrucThreeBackPrac.png'
146.4941 	EXP 	unnamed ImageStim: image = './material/PicNback/InstrucThreeBackPrac.png'
146.5600 	EXP 	unnamed ImageStim: image = './material/PicNback/InstrucThreeBackPrac.png'
146.6443 	EXP 	unnamed ImageStim: image = './material/PicNback/InstrucThreeBackPrac.png'
146.7100 	EXP 	unnamed ImageStim: image = './material/PicNback/InstrucThreeBackPrac.png'
146.7772 	EXP 	unnamed ImageStim: image = './material/PicNback/InstrucThreeBackPrac.png'
146.8432 	EXP 	unnamed ImageStim: image = './material/PicNback/InstrucThreeBackPrac.png'
146.9106 	EXP 	unnamed ImageStim: image = './material/PicNback/InstrucThreeBackPrac.png'
146.9766 	EXP 	unnamed ImageStim: image = './material/PicNback/InstrucThreeBackPrac.png'
147.0439 	EXP 	unnamed ImageStim: image = './material/PicNback/InstrucThreeBackPrac.png'
147.1101 	EXP 	unnamed ImageStim: image = './material/PicNback/InstrucThreeBackPrac.png'
147.1772 	EXP 	unnamed ImageStim: image = './material/PicNback/InstrucThreeBackPrac.png'
147.2431 	EXP 	unnamed ImageStim: image = './material/PicNback/InstrucThreeBackPrac.png'
147.3104 	EXP 	unnamed ImageStim: image = './material/PicNback/InstrucThreeBackPrac.png'
147.3764 	EXP 	unnamed ImageStim: image = './material/PicNback/InstrucThreeBackPrac.png'
147.4437 	EXP 	unnamed ImageStim: image = './material/PicNback/InstrucThreeBackPrac.png'
147.5097 	EXP 	unnamed ImageStim: image = './material/PicNback/InstrucThreeBackPrac.png'
147.5771 	EXP 	unnamed ImageStim: image = './material/PicNback/InstrucThreeBackPrac.png'
147.6430 	EXP 	unnamed ImageStim: image = './material/PicNback/InstrucThreeBackPrac.png'
147.7103 	EXP 	unnamed ImageStim: image = './material/PicNback/InstrucThreeBackPrac.png'
147.7106 	DATA 	Keypress: space
147.7112 	EXP 	Created sequence: sequential, trialTypes=5, nReps=1, seed=None
149.3117 	DATA 	Keypress: right
150.2777 	DATA 	Keypress: right
152.3401 	DATA 	Keypress: right
154.2161 	DATA 	Keypress: right
155.8403 	EXP 	New trial (rep=0, index=0): {'Image': <psychopy.visual.image.ImageStim object at 0x000001E6F50B5D50>, 'Resp': 'right'}
157.3012 	DATA 	Keypress: right
157.8892 	EXP 	unnamed TextStim: height = 45.0
157.8892 	EXP 	unnamed TextStim: height = 45.0
157.8892 	EXP 	unnamed TextStim: height = 45.0
157.8892 	EXP 	unnamed TextStim: text = '回答正确'
158.8897 	EXP 	New trial (rep=0, index=1): {'Image': <psychopy.visual.image.ImageStim object at 0x000001E6F50B5D10>, 'Resp': 'left'}
159.5101 	DATA 	Keypress: right
160.9376 	EXP 	unnamed TextStim: height = 45.0
160.9376 	EXP 	unnamed TextStim: height = 45.0
160.9376 	EXP 	unnamed TextStim: height = 45.0
160.9376 	EXP 	unnamed TextStim: text = '回答错误'
161.9385 	EXP 	New trial (rep=0, index=2): {'Image': <psychopy.visual.image.ImageStim object at 0x000001E6F50BEA50>, 'Resp': 'left'}
163.3373 	DATA 	Keypress: left
163.9864 	EXP 	unnamed TextStim: height = 45.0
163.9864 	EXP 	unnamed TextStim: height = 45.0
163.9864 	EXP 	unnamed TextStim: height = 45.0
163.9864 	EXP 	unnamed TextStim: text = '回答正确'
164.9869 	EXP 	New trial (rep=0, index=3): {'Image': <psychopy.visual.image.ImageStim object at 0x000001E6FC911510>, 'Resp': 'right'}
165.8659 	DATA 	Keypress: left
167.0352 	EXP 	unnamed TextStim: height = 45.0
167.0352 	EXP 	unnamed TextStim: height = 45.0
167.0352 	EXP 	unnamed TextStim: height = 45.0
167.0352 	EXP 	unnamed TextStim: text = '回答错误'
168.0119 	DATA 	Keypress: left
168.0360 	EXP 	New trial (rep=0, index=4): {'Image': <psychopy.visual.image.ImageStim object at 0x000001E6F50B5D10>, 'Resp': 'left'}
169.5720 	DATA 	Keypress: left
170.0842 	EXP 	unnamed TextStim: height = 45.0
170.0842 	EXP 	unnamed TextStim: height = 45.0
170.0842 	EXP 	unnamed TextStim: height = 45.0
170.0842 	EXP 	unnamed TextStim: text = '回答正确'
171.1418 	DATA 	Keypress: left
171.1525 	EXP 	unnamed ImageStim: image = './material/PicNback/InstrucThreeBack.png'
171.2182 	EXP 	unnamed ImageStim: image = './material/PicNback/InstrucThreeBack.png'
171.2854 	EXP 	unnamed ImageStim: image = './material/PicNback/InstrucThreeBack.png'
171.3513 	EXP 	unnamed ImageStim: image = './material/PicNback/InstrucThreeBack.png'
171.4189 	EXP 	unnamed ImageStim: image = './material/PicNback/InstrucThreeBack.png'
171.5013 	EXP 	unnamed ImageStim: image = './material/PicNback/InstrucThreeBack.png'
171.5686 	EXP 	unnamed ImageStim: image = './material/PicNback/InstrucThreeBack.png'
171.6346 	EXP 	unnamed ImageStim: image = './material/PicNback/InstrucThreeBack.png'
171.7023 	EXP 	unnamed ImageStim: image = './material/PicNback/InstrucThreeBack.png'
171.7680 	EXP 	unnamed ImageStim: image = './material/PicNback/InstrucThreeBack.png'
171.8518 	EXP 	unnamed ImageStim: image = './material/PicNback/InstrucThreeBack.png'
171.9178 	EXP 	unnamed ImageStim: image = './material/PicNback/InstrucThreeBack.png'
171.9853 	EXP 	unnamed ImageStim: image = './material/PicNback/InstrucThreeBack.png'
172.0511 	EXP 	unnamed ImageStim: image = './material/PicNback/InstrucThreeBack.png'
172.1186 	EXP 	unnamed ImageStim: image = './material/PicNback/InstrucThreeBack.png'
172.1844 	EXP 	unnamed ImageStim: image = './material/PicNback/InstrucThreeBack.png'
172.2518 	EXP 	unnamed ImageStim: image = './material/PicNback/InstrucThreeBack.png'
172.3177 	EXP 	unnamed ImageStim: image = './material/PicNback/InstrucThreeBack.png'
172.3851 	EXP 	unnamed ImageStim: image = './material/PicNback/InstrucThreeBack.png'
172.4509 	EXP 	unnamed ImageStim: image = './material/PicNback/InstrucThreeBack.png'
172.4515 	DATA 	Keypress: space
172.4638 	EXP 	Imported ./material/PicNback/Nback.xlsx as conditions, 24 conditions, 6 params
172.4645 	EXP 	Created sequence: sequential, trialTypes=24, nReps=1, seed=None
172.6920 	DATA 	Keypress: space
175.3462 	DATA 	Keypress: right
176.1605 	DATA 	Keypress: right
177.9394 	DATA 	Keypress: right
179.9359 	DATA 	Keypress: right
180.5822 	EXP 	New trial (rep=0, index=0): {'ImageOneBack': 'Image21', 'RespOneBack': 'right', 'ImageTwoBack': 'Image12', 'RespTwoBack': 'left', 'ImageThreeBack': 'Image21', 'RespThreeBack': 'right'}
182.0135 	DATA 	Keypress: right
182.0142 	EXP 	New trial (rep=0, index=1): {'ImageOneBack': 'Image21', 'RespOneBack': 'left', 'ImageTwoBack': 'Image22', 'RespTwoBack': 'right', 'ImageThreeBack': 'Image22', 'RespThreeBack': 'left'}
183.7610 	DATA 	Keypress: right
183.7619 	EXP 	New trial (rep=0, index=2): {'ImageOneBack': 'Image12', 'RespOneBack': 'right', 'ImageTwoBack': 'Image33', 'RespTwoBack': 'right', 'ImageThreeBack': 'Image12', 'RespThreeBack': 'right'}
185.2906 	DATA 	Keypress: right
185.2914 	EXP 	New trial (rep=0, index=3): {'ImageOneBack': 'Image31', 'RespOneBack': 'right', 'ImageTwoBack': 'Image21', 'RespTwoBack': 'right', 'ImageThreeBack': 'Image21', 'RespThreeBack': 'left'}
186.7230 	DATA 	Keypress: right
186.7236 	EXP 	New trial (rep=0, index=4): {'ImageOneBack': 'Image31', 'RespOneBack': 'left', 'ImageTwoBack': 'Image33', 'RespTwoBack': 'left', 'ImageThreeBack': 'Image13', 'RespThreeBack': 'right'}
188.7028 	DATA 	Keypress: right
188.7034 	EXP 	New trial (rep=0, index=5): {'ImageOneBack': 'Image13', 'RespOneBack': 'right', 'ImageTwoBack': 'Image21', 'RespTwoBack': 'left', 'ImageThreeBack': 'Image12', 'RespThreeBack': 'left'}
190.1132 	DATA 	Keypress: right
190.1140 	EXP 	New trial (rep=0, index=6): {'ImageOneBack': 'Image12', 'RespOneBack': 'right', 'ImageTwoBack': 'Image31', 'RespTwoBack': 'right', 'ImageThreeBack': 'Image31', 'RespThreeBack': 'right'}
191.4555 	DATA 	Keypress: right
191.4565 	EXP 	New trial (rep=0, index=7): {'ImageOneBack': 'Image12', 'RespOneBack': 'left', 'ImageTwoBack': 'Image21', 'RespTwoBack': 'left', 'ImageThreeBack': 'Image32', 'RespThreeBack': 'right'}
192.6853 	DATA 	Keypress: right
192.6862 	EXP 	New trial (rep=0, index=8): {'ImageOneBack': 'Image32', 'RespOneBack': 'right', 'ImageTwoBack': 'Image22', 'RespTwoBack': 'right', 'ImageThreeBack': 'Image12', 'RespThreeBack': 'left'}
193.9832 	DATA 	Keypress: right
193.9840 	EXP 	New trial (rep=0, index=9): {'ImageOneBack': 'Image32', 'RespOneBack': 'left', 'ImageTwoBack': 'Image11', 'RespTwoBack': 'right', 'ImageThreeBack': 'Image31', 'RespThreeBack': 'left'}
195.4306 	DATA 	Keypress: right
195.4316 	EXP 	New trial (rep=0, index=10): {'ImageOneBack': 'Image31', 'RespOneBack': 'right', 'ImageTwoBack': 'Image12', 'RespTwoBack': 'right', 'ImageThreeBack': 'Image33', 'RespThreeBack': 'right'}
196.8557 	DATA 	Keypress: right
196.8563 	EXP 	New trial (rep=0, index=11): {'ImageOneBack': 'Image31', 'RespOneBack': 'left', 'ImageTwoBack': 'Image11', 'RespTwoBack': 'left', 'ImageThreeBack': 'Image12', 'RespThreeBack': 'left'}
198.2733 	DATA 	Keypress: right
198.2738 	EXP 	New trial (rep=0, index=12): {'ImageOneBack': 'Image11', 'RespOneBack': 'right', 'ImageTwoBack': 'Image23', 'RespTwoBack': 'right', 'ImageThreeBack': 'Image23', 'RespThreeBack': 'right'}
199.6905 	DATA 	Keypress: right
199.6915 	EXP 	New trial (rep=0, index=13): {'ImageOneBack': 'Image23', 'RespOneBack': 'right', 'ImageTwoBack': 'Image11', 'RespTwoBack': 'left', 'ImageThreeBack': 'Image33', 'RespThreeBack': 'left'}
201.0858 	DATA 	Keypress: right
201.0864 	EXP 	New trial (rep=0, index=14): {'ImageOneBack': 'Image23', 'RespOneBack': 'left', 'ImageTwoBack': 'Image22', 'RespTwoBack': 'right', 'ImageThreeBack': 'Image21', 'RespThreeBack': 'right'}
202.4967 	DATA 	Keypress: right
202.4975 	EXP 	New trial (rep=0, index=15): {'ImageOneBack': 'Image23', 'RespOneBack': 'left', 'ImageTwoBack': 'Image21', 'RespTwoBack': 'right', 'ImageThreeBack': 'Image23', 'RespThreeBack': 'left'}
203.7784 	DATA 	Keypress: right
203.7790 	EXP 	New trial (rep=0, index=16): {'ImageOneBack': 'Image32', 'RespOneBack': 'right', 'ImageTwoBack': 'Image22', 'RespTwoBack': 'left', 'ImageThreeBack': 'Image31', 'RespThreeBack': 'right'}
204.9854 	DATA 	Keypress: right
204.9863 	EXP 	New trial (rep=0, index=17): {'ImageOneBack': 'Image32', 'RespOneBack': 'left', 'ImageTwoBack': 'Image21', 'RespTwoBack': 'left', 'ImageThreeBack': 'Image22', 'RespThreeBack': 'right'}
206.8905 	DATA 	Keypress: right
206.8914 	EXP 	New trial (rep=0, index=18): {'ImageOneBack': 'Image22', 'RespOneBack': 'right', 'ImageTwoBack': 'Image31', 'RespTwoBack': 'right', 'ImageThreeBack': 'Image23', 'RespThreeBack': 'left'}
208.3156 	DATA 	Keypress: right
208.3162 	EXP 	New trial (rep=0, index=19): {'ImageOneBack': 'Image22', 'RespOneBack': 'left', 'ImageTwoBack': 'Image21', 'RespTwoBack': 'left', 'ImageThreeBack': 'Image11', 'RespThreeBack': 'right'}
209.7706 	DATA 	Keypress: right
209.7712 	EXP 	New trial (rep=0, index=20): {'ImageOneBack': 'Image13', 'RespOneBack': 'right', 'ImageTwoBack': 'Image31', 'RespTwoBack': 'left', 'ImageThreeBack': 'Image22', 'RespThreeBack': 'left'}
211.4581 	DATA 	Keypress: right
211.4587 	EXP 	New trial (rep=0, index=21): {'ImageOneBack': 'Image13', 'RespOneBack': 'left', 'ImageTwoBack': 'Image12', 'RespTwoBack': 'right', 'ImageThreeBack': 'Image23', 'RespThreeBack': 'left'}
212.9505 	DATA 	Keypress: right
212.9513 	EXP 	New trial (rep=0, index=22): {'ImageOneBack': 'Image13', 'RespOneBack': 'left', 'ImageTwoBack': 'Image31', 'RespTwoBack': 'left', 'ImageThreeBack': 'Image13', 'RespThreeBack': 'left'}
215.2045 	DATA 	Keypress: right
215.2054 	EXP 	New trial (rep=0, index=23): {'ImageOneBack': 'Image12', 'RespOneBack': 'right', 'ImageTwoBack': 'Image22', 'RespTwoBack': 'right', 'ImageThreeBack': 'Image12', 'RespThreeBack': 'right'}
216.6258 	DATA 	Keypress: right
216.6896 	EXP 	window1: mouseVisible = True
216.7100 	INFO 	saved data to ./result/zhoujixiang_19820304_2_202412171619/zhoujixiang_19820304_2_202412171619_PicNback.psydat
216.7149 	INFO 	saved data to './result/zhoujixiang_19820304_2_202412171619/zhoujixiang_19820304_2_202412171619_PicNback.csv'
