3.2948 	INFO 	start
3.2952 	WARNING 	Monitor specification not found. Creating a temporary one...
4.5089 	EXP 	Created window1 = Window(allowGUI=True, allowStencil=False, autoLog=True, backendConf=UNKNOWN, backgroundFit=<method-wrapper '__getattribute__' of attributeSetter object at 0x00000289FB624710>, backgroundImage=<method-wrapper '__getattribute__' of attributeSetter object at 0x00000289FB6246D0>, bitsMode=UNKNOWN, blendMode='avg', bpc=(8, 8, 8), color=array([0, 0, 0]), colorSpace='rgb', depthBits=8, fullscr=<method-wrapper '__getattribute__' of attributeSetter object at 0x00000289FB5DA6D0>, gamma=None, gammaErrorPolicy='raise', lms=UNKNOWN, monitor=<psychopy.monitors.calibTools.Monitor object at 0x00000289FB2DE590>, multiSample=False, name='window1', numSamples=2, pos=(128, 72), screen=0, size=array([1280,  720]), stencilBits=0, stereo=False, units='pix', useFBO=False, useRetina=False, viewOri=0.0, viewPos=None, viewScale=None, waitBlanking=True, winType='pyglet')
4.5090 	EXP 	window1: mouseVisible = True
4.5090 	EXP 	window1: backgroundImage = None
4.5090 	EXP 	window1: backgroundFit = 'cover'
4.5090 	EXP 	window1: Attempting to measure frame rate of screen (0) ...
4.5091 	EXP 	window1: recordFrameIntervals = False
4.6745 	EXP 	window1: recordFrameIntervals = True
4.8579 	EXP 	Screen (0) actual frame rate measured at 60.00Hz
4.8580 	EXP 	window1: recordFrameIntervals = False
4.9102 	EXP 	Created unnamed TextStim = TextStim(__class__=<class 'psychopy.visual.text.TextStim'>, alignHoriz=method-wrapper(...), alignText='center', alignVert=method-wrapper(...), anchorHoriz='center', anchorVert='center', antialias=True, autoDraw=False, autoLog=True, bold=False, color=array([1., 1., 1.]), colorSpace='rgb', contrast=1.0, depth=0, flipHoriz=False, flipVert=False, font='', fontFiles=[], height=40.0, italic=False, languageStyle='LTR', name='unnamed TextStim', opacity=1.0, ori=0.0, pos=array([0., 0.]), rgb=UNKNOWN, text='+', units='pix', win=Window(...), wrapWidth=500)
4.9138 	EXP 	Created unnamed ImageStim = ImageStim(__class__=<class 'psychopy.visual.image.ImageStim'>, anchor=('center', 'center'), autoLog=True, color=array([1., 1., 1.]), colorSpace='rgb', contrast=1.0, depth=0, flipHoriz=False, flipVert=False, image=None, interpolate=False, mask=None, maskParams=None, name='unnamed ImageStim', opacity=1.0, ori=0.0, pos=array([  0., -20.]), size=array([30., 40.]), texRes=128, units='pix', win=Window(...))
4.9313 	EXP 	Created unnamed ImageStim = ImageStim(__class__=<class 'psychopy.visual.image.ImageStim'>, anchor=('center', 'center'), autoLog=True, color=array([1., 1., 1.]), colorSpace='rgb', contrast=1.0, depth=0, flipHoriz=False, flipVert=False, image='./material/BART/boom.png', interpolate=False, mask=None, maskParams=None, name='unnamed ImageStim', opacity=1.0, ori=0.0, pos=array([0., 0.]), size=array([300., 286.]), texRes=128, units='pix', win=Window(...))
4.9455 	EXP 	Created unnamed ImageStim = ImageStim(__class__=<class 'psychopy.visual.image.ImageStim'>, anchor=('center', 'center'), autoLog=True, color=array([1., 1., 1.]), colorSpace='rgb', contrast=1.0, depth=0, flipHoriz=False, flipVert=False, image='./material/BART/enter.png', interpolate=False, mask=None, maskParams=None, name='unnamed ImageStim', opacity=1.0, ori=0.0, pos=array([-400., -120.]), size=array([333., 125.]), texRes=128, units='pix', win=Window(...))
4.9563 	EXP 	Created unnamed ImageStim = ImageStim(__class__=<class 'psychopy.visual.image.ImageStim'>, anchor=('center', 'center'), autoLog=True, color=array([1., 1., 1.]), colorSpace='rgb', contrast=1.0, depth=0, flipHoriz=False, flipVert=False, image='./material/BART/space.png', interpolate=False, mask=None, maskParams=None, name='unnamed ImageStim', opacity=1.0, ori=0.0, pos=array([   0., -120.]), size=array([333., 125.]), texRes=128, units='pix', win=Window(...))
4.9651 	EXP 	Created unnamed ImageStim = ImageStim(__class__=<class 'psychopy.visual.image.ImageStim'>, anchor=('center', 'center'), autoLog=True, color=array([1., 1., 1.]), colorSpace='rgb', contrast=1.0, depth=0, flipHoriz=False, flipVert=False, image='./material/BART/total.png', interpolate=False, mask=None, maskParams=None, name='unnamed ImageStim', opacity=1.0, ori=0.0, pos=array([400., -20.]), size=array([331., 125.]), texRes=128, units='pix', win=Window(...))
4.9733 	EXP 	Created unnamed ImageStim = ImageStim(__class__=<class 'psychopy.visual.image.ImageStim'>, anchor=('center', 'center'), autoLog=True, color=array([1., 1., 1.]), colorSpace='rgb', contrast=1.0, depth=0, flipHoriz=False, flipVert=False, image='./material/BART/last.png', interpolate=False, mask=None, maskParams=None, name='unnamed ImageStim', opacity=1.0, ori=0.0, pos=array([ 400., -170.]), size=array([331., 125.]), texRes=128, units='pix', win=Window(...))
5.1654 	EXP 	Created unnamed ImageStim = ImageStim(__class__=<class 'psychopy.visual.image.ImageStim'>, anchor=('center', 'center'), autoLog=True, color=array([1., 1., 1.]), colorSpace='rgb', contrast=1.0, depth=0, flipHoriz=False, flipVert=False, image='./material/BART/Instruc.png', interpolate=False, mask=None, maskParams=None, name='unnamed ImageStim', opacity=1.0, ori=0.0, pos=array([0., 0.]), size=array([1280.,  720.]), texRes=128, units='pix', win=Window(...))
5.1798 	EXP 	Created unnamed TextStim = TextStim(__class__=<class 'psychopy.visual.text.TextStim'>, alignHoriz=method-wrapper(...), alignText='center', alignVert=method-wrapper(...), anchorHoriz='center', anchorVert='center', antialias=True, autoDraw=False, autoLog=True, bold=False, color=array([-1., -1., -1.]), colorSpace='rgb', contrast=1.0, depth=0, flipHoriz=False, flipVert=False, font='SimHei', fontFiles=[], height=20.0, italic=False, languageStyle='LTR', name='unnamed TextStim', opacity=1.0, ori=0.0, pos=array([500., -20.]), rgb=UNKNOWN, text='0.00分', units='pix', win=Window(...), wrapWidth=500)
5.1827 	EXP 	Created unnamed TextStim = TextStim(__class__=<class 'psychopy.visual.text.TextStim'>, alignHoriz=method-wrapper(...), alignText='center', alignVert=method-wrapper(...), anchorHoriz='center', anchorVert='center', antialias=True, autoDraw=False, autoLog=True, bold=False, color=array([-1., -1., -1.]), colorSpace='rgb', contrast=1.0, depth=0, flipHoriz=False, flipVert=False, font='SimHei', fontFiles=[], height=20.0, italic=False, languageStyle='LTR', name='unnamed TextStim', opacity=1.0, ori=0.0, pos=array([ 500., -170.]), rgb=UNKNOWN, text='0.00分', units='pix', win=Window(...), wrapWidth=500)
5.1828 	INFO 	Start BART
7.1256 	DATA 	Mouse: Left button down, pos=(832,495)
7.1759 	DATA 	Mouse:  Left button up, pos=(832,494)
8.2913 	DATA 	Keypress: space
8.3053 	EXP 	Imported ./material/BART/BART.xlsx as conditions, 60 conditions, 2 params
8.3066 	EXP 	Created sequence: sequential, trialTypes=60, nReps=1, seed=None
8.9361 	EXP 	New trial (rep=0, index=0): {'Condition': 'orange', 'Max': 16}
8.9894 	EXP 	unnamed ImageStim: image = './material/BART/orange.png'
9.7976 	DATA 	KeyPress: 吧
9.9745 	DATA 	Keypress: space
9.9891 	EXP 	unnamed TextStim: text = '0.00分'
10.1320 	DATA 	Keypress: return
10.1423 	EXP 	New trial (rep=0, index=1): {'Condition': 'orange', 'Max': 16}
10.1549 	EXP 	unnamed TextStim: height = 20.0
10.1549 	EXP 	unnamed TextStim: height = 20.0
10.1549 	EXP 	unnamed TextStim: height = 20.0
10.1549 	EXP 	unnamed TextStim: text = '0.05分'
10.1549 	EXP 	unnamed TextStim: height = 20.0
10.1549 	EXP 	unnamed TextStim: height = 20.0
10.1549 	EXP 	unnamed TextStim: height = 20.0
10.1549 	EXP 	unnamed TextStim: text = '0.05分'
10.1549 	EXP 	unnamed ImageStim: image = './material/BART/orange.png'
10.2368 	DATA 	Keypress: space
10.2555 	EXP 	unnamed TextStim: text = '0.05分'
10.3869 	DATA 	Keypress: return
10.3948 	EXP 	New trial (rep=0, index=2): {'Condition': 'orange', 'Max': 16}
10.4048 	EXP 	unnamed TextStim: text = '0.05分'
10.4048 	EXP 	unnamed TextStim: height = 20.0
10.4048 	EXP 	unnamed TextStim: height = 20.0
10.4048 	EXP 	unnamed TextStim: height = 20.0
10.4048 	EXP 	unnamed TextStim: text = '0.10分'
10.4048 	EXP 	unnamed ImageStim: image = './material/BART/orange.png'
10.4696 	DATA 	Keypress: space
10.4880 	EXP 	unnamed TextStim: text = '0.10分'
10.6043 	DATA 	Keypress: return
10.6082 	EXP 	New trial (rep=0, index=3): {'Condition': 'orange', 'Max': 16}
10.6220 	EXP 	unnamed TextStim: text = '0.05分'
10.6220 	EXP 	unnamed TextStim: height = 20.0
10.6220 	EXP 	unnamed TextStim: height = 20.0
10.6220 	EXP 	unnamed TextStim: height = 20.0
10.6220 	EXP 	unnamed TextStim: text = '0.15分'
10.6220 	EXP 	unnamed ImageStim: image = './material/BART/orange.png'
10.6793 	DATA 	Keypress: space
10.6878 	EXP 	unnamed TextStim: text = '0.15分'
10.7995 	DATA 	Keypress: return
10.8069 	EXP 	New trial (rep=0, index=4): {'Condition': 'orange', 'Max': 16}
10.8214 	EXP 	unnamed TextStim: text = '0.05分'
10.8214 	EXP 	unnamed TextStim: height = 20.0
10.8214 	EXP 	unnamed TextStim: height = 20.0
10.8214 	EXP 	unnamed TextStim: height = 20.0
10.8214 	EXP 	unnamed TextStim: text = '0.20分'
10.8214 	EXP 	unnamed ImageStim: image = './material/BART/orange.png'
10.8668 	DATA 	Keypress: space
10.8885 	EXP 	unnamed TextStim: text = '0.20分'
10.9871 	DATA 	Keypress: return
10.9909 	EXP 	New trial (rep=0, index=5): {'Condition': 'orange', 'Max': 16}
11.0053 	EXP 	unnamed TextStim: text = '0.05分'
11.0053 	EXP 	unnamed TextStim: height = 20.0
11.0053 	EXP 	unnamed TextStim: height = 20.0
11.0053 	EXP 	unnamed TextStim: height = 20.0
11.0053 	EXP 	unnamed TextStim: text = '0.25分'
11.0053 	EXP 	unnamed ImageStim: image = './material/BART/orange.png'
11.0621 	DATA 	Keypress: space
11.0710 	EXP 	unnamed TextStim: text = '0.25分'
11.1595 	DATA 	Keypress: return
11.1668 	EXP 	New trial (rep=0, index=6): {'Condition': 'orange', 'Max': 16}
11.1878 	EXP 	unnamed TextStim: text = '0.05分'
11.1878 	EXP 	unnamed TextStim: height = 20.0
11.1878 	EXP 	unnamed TextStim: height = 20.0
11.1878 	EXP 	unnamed TextStim: height = 20.0
11.1878 	EXP 	unnamed TextStim: text = '0.30分'
11.1878 	EXP 	unnamed ImageStim: image = './material/BART/orange.png'
11.2421 	DATA 	Keypress: space
11.2543 	EXP 	unnamed TextStim: text = '0.30分'
11.3394 	DATA 	Keypress: return
11.3433 	EXP 	New trial (rep=0, index=7): {'Condition': 'orange', 'Max': 16}
11.3556 	EXP 	unnamed TextStim: text = '0.05分'
11.3556 	EXP 	unnamed TextStim: height = 20.0
11.3556 	EXP 	unnamed TextStim: height = 20.0
11.3556 	EXP 	unnamed TextStim: height = 20.0
11.3556 	EXP 	unnamed TextStim: text = '0.35分'
11.3556 	EXP 	unnamed ImageStim: image = './material/BART/orange.png'
11.4219 	DATA 	Keypress: space
11.4378 	EXP 	unnamed TextStim: height = 20.0
11.4378 	EXP 	unnamed TextStim: height = 20.0
11.4378 	EXP 	unnamed TextStim: height = 20.0
11.4378 	EXP 	unnamed TextStim: text = '0.00分'
11.5424 	DATA 	Keypress: return
11.6291 	DATA 	Keypress: space
11.7036 	DATA 	Keypress: return
12.4389 	EXP 	New trial (rep=0, index=8): {'Condition': 'orange', 'Max': 16}
12.4553 	EXP 	unnamed ImageStim: image = './material/BART/orange.png'
12.7194 	DATA 	Keypress: space
12.7379 	EXP 	unnamed TextStim: text = '0.35分'
12.8470 	DATA 	Keypress: return
12.8538 	EXP 	New trial (rep=0, index=9): {'Condition': 'orange', 'Max': 16}
12.8703 	EXP 	unnamed TextStim: height = 20.0
12.8703 	EXP 	unnamed TextStim: height = 20.0
12.8703 	EXP 	unnamed TextStim: height = 20.0
12.8703 	EXP 	unnamed TextStim: text = '0.05分'
12.8703 	EXP 	unnamed TextStim: height = 20.0
12.8703 	EXP 	unnamed TextStim: height = 20.0
12.8703 	EXP 	unnamed TextStim: height = 20.0
12.8703 	EXP 	unnamed TextStim: text = '0.40分'
12.8703 	EXP 	unnamed ImageStim: image = './material/BART/orange.png'
12.9147 	DATA 	Keypress: space
12.9380 	EXP 	unnamed TextStim: text = '0.40分'
13.0344 	DATA 	Keypress: return
13.0402 	EXP 	New trial (rep=0, index=10): {'Condition': 'green', 'Max': 32}
13.0556 	EXP 	unnamed TextStim: text = '0.05分'
13.0556 	EXP 	unnamed TextStim: height = 20.0
13.0556 	EXP 	unnamed TextStim: height = 20.0
13.0556 	EXP 	unnamed TextStim: height = 20.0
13.0556 	EXP 	unnamed TextStim: text = '0.45分'
13.0556 	EXP 	unnamed ImageStim: image = './material/BART/green.png'
13.0942 	DATA 	Keypress: space
13.1035 	EXP 	unnamed TextStim: text = '0.45分'
13.1995 	DATA 	Keypress: return
13.2057 	EXP 	New trial (rep=0, index=11): {'Condition': 'green', 'Max': 32}
13.2213 	EXP 	unnamed TextStim: text = '0.05分'
13.2213 	EXP 	unnamed TextStim: height = 20.0
13.2213 	EXP 	unnamed TextStim: height = 20.0
13.2213 	EXP 	unnamed TextStim: height = 20.0
13.2213 	EXP 	unnamed TextStim: text = '0.50分'
13.2213 	EXP 	unnamed ImageStim: image = './material/BART/green.png'
13.2745 	DATA 	Keypress: space
13.2870 	EXP 	unnamed TextStim: text = '0.50分'
13.3795 	DATA 	Keypress: return
13.3859 	EXP 	New trial (rep=0, index=12): {'Condition': 'green', 'Max': 32}
13.4046 	EXP 	unnamed TextStim: text = '0.05分'
13.4046 	EXP 	unnamed TextStim: height = 20.0
13.4046 	EXP 	unnamed TextStim: height = 20.0
13.4046 	EXP 	unnamed TextStim: height = 20.0
13.4046 	EXP 	unnamed TextStim: text = '0.55分'
13.4046 	EXP 	unnamed ImageStim: image = './material/BART/green.png'
13.4617 	DATA 	Keypress: space
13.4701 	EXP 	unnamed TextStim: text = '0.55分'
13.5589 	DATA 	Keypress: return
13.5674 	EXP 	New trial (rep=0, index=13): {'Condition': 'green', 'Max': 32}
13.5869 	EXP 	unnamed TextStim: text = '0.05分'
13.5869 	EXP 	unnamed TextStim: height = 20.0
13.5869 	EXP 	unnamed TextStim: height = 20.0
13.5869 	EXP 	unnamed TextStim: height = 20.0
13.5869 	EXP 	unnamed TextStim: text = '0.60分'
13.5869 	EXP 	unnamed ImageStim: image = './material/BART/green.png'
13.6496 	DATA 	Keypress: space
13.6700 	EXP 	unnamed TextStim: text = '0.60分'
13.7614 	DATA 	Keypress: return
13.7662 	EXP 	New trial (rep=0, index=14): {'Condition': 'green', 'Max': 32}
13.7879 	EXP 	unnamed TextStim: text = '0.05分'
13.7879 	EXP 	unnamed TextStim: height = 20.0
13.7879 	EXP 	unnamed TextStim: height = 20.0
13.7879 	EXP 	unnamed TextStim: height = 20.0
13.7879 	EXP 	unnamed TextStim: text = '0.65分'
13.7879 	EXP 	unnamed ImageStim: image = './material/BART/green.png'
13.8519 	DATA 	Keypress: space
13.8700 	EXP 	unnamed TextStim: text = '0.65分'
13.9419 	DATA 	Keypress: return
13.9498 	EXP 	New trial (rep=0, index=15): {'Condition': 'green', 'Max': 32}
13.9701 	EXP 	unnamed TextStim: text = '0.05分'
13.9701 	EXP 	unnamed TextStim: height = 20.0
13.9701 	EXP 	unnamed TextStim: height = 20.0
13.9701 	EXP 	unnamed TextStim: height = 20.0
13.9701 	EXP 	unnamed TextStim: text = '0.70分'
13.9701 	EXP 	unnamed ImageStim: image = './material/BART/green.png'
14.0618 	DATA 	Keypress: space
14.0698 	EXP 	unnamed TextStim: height = 20.0
14.0698 	EXP 	unnamed TextStim: height = 20.0
14.0698 	EXP 	unnamed TextStim: height = 20.0
14.0698 	EXP 	unnamed TextStim: text = '0.00分'
14.1633 	DATA 	Keypress: return
14.2795 	DATA 	Keypress: space
14.3649 	DATA 	Keypress: return
14.5169 	DATA 	Keypress: space
15.0703 	EXP 	New trial (rep=0, index=16): {'Condition': 'green', 'Max': 32}
15.0873 	EXP 	unnamed ImageStim: image = './material/BART/green.png'
15.2770 	DATA 	Keypress: space
15.2873 	EXP 	unnamed TextStim: text = '0.70分'
15.3825 	DATA 	Keypress: return
15.3903 	EXP 	New trial (rep=0, index=17): {'Condition': 'green', 'Max': 32}
15.4040 	EXP 	unnamed TextStim: height = 20.0
15.4040 	EXP 	unnamed TextStim: height = 20.0
15.4040 	EXP 	unnamed TextStim: height = 20.0
15.4040 	EXP 	unnamed TextStim: text = '0.05分'
15.4040 	EXP 	unnamed TextStim: height = 20.0
15.4040 	EXP 	unnamed TextStim: height = 20.0
15.4040 	EXP 	unnamed TextStim: height = 20.0
15.4040 	EXP 	unnamed TextStim: text = '0.75分'
15.4040 	EXP 	unnamed ImageStim: image = './material/BART/green.png'
15.4795 	DATA 	Keypress: space
15.4861 	EXP 	unnamed TextStim: height = 20.0
15.4861 	EXP 	unnamed TextStim: height = 20.0
15.4861 	EXP 	unnamed TextStim: height = 20.0
15.4861 	EXP 	unnamed TextStim: text = '0.00分'
15.5625 	DATA 	Keypress: return
15.6897 	DATA 	Keypress: space
15.7537 	DATA 	Keypress: return
15.9030 	DATA 	Keypress: space
16.4872 	EXP 	New trial (rep=0, index=18): {'Condition': 'green', 'Max': 32}
16.5037 	EXP 	unnamed ImageStim: image = './material/BART/green.png'
16.6941 	DATA 	Keypress: space
16.7031 	EXP 	unnamed TextStim: text = '0.75分'
16.8065 	DATA 	Keypress: return
16.8137 	EXP 	New trial (rep=0, index=19): {'Condition': 'green', 'Max': 32}
16.8363 	EXP 	unnamed TextStim: height = 20.0
16.8363 	EXP 	unnamed TextStim: height = 20.0
16.8363 	EXP 	unnamed TextStim: height = 20.0
16.8363 	EXP 	unnamed TextStim: text = '0.05分'
16.8363 	EXP 	unnamed TextStim: height = 20.0
16.8363 	EXP 	unnamed TextStim: height = 20.0
16.8363 	EXP 	unnamed TextStim: height = 20.0
16.8363 	EXP 	unnamed TextStim: text = '0.80分'
16.8363 	EXP 	unnamed ImageStim: image = './material/BART/green.png'
16.9418 	DATA 	Keypress: space
16.9531 	EXP 	unnamed TextStim: text = '0.80分'
17.0404 	DATA 	Keypress: return
17.0463 	EXP 	New trial (rep=0, index=20): {'Condition': 'blue', 'Max': 128}
17.0698 	EXP 	unnamed TextStim: text = '0.05分'
17.0698 	EXP 	unnamed TextStim: height = 20.0
17.0698 	EXP 	unnamed TextStim: height = 20.0
17.0698 	EXP 	unnamed TextStim: height = 20.0
17.0698 	EXP 	unnamed TextStim: text = '0.85分'
17.0698 	EXP 	unnamed ImageStim: image = './material/BART/blue.png'
17.1594 	DATA 	Keypress: space
17.1689 	EXP 	unnamed TextStim: text = '0.85分'
17.2491 	DATA 	Keypress: return
17.2571 	EXP 	New trial (rep=0, index=21): {'Condition': 'blue', 'Max': 128}
17.2692 	EXP 	unnamed TextStim: text = '0.05分'
17.2692 	EXP 	unnamed TextStim: height = 20.0
17.2692 	EXP 	unnamed TextStim: height = 20.0
17.2692 	EXP 	unnamed TextStim: height = 20.0
17.2692 	EXP 	unnamed TextStim: text = '0.90分'
17.2692 	EXP 	unnamed ImageStim: image = './material/BART/blue.png'
17.3620 	DATA 	Keypress: space
17.3861 	EXP 	unnamed TextStim: text = '0.90分'
17.4606 	DATA 	Keypress: return
17.4645 	EXP 	New trial (rep=0, index=22): {'Condition': 'blue', 'Max': 128}
17.4857 	EXP 	unnamed TextStim: text = '0.05分'
17.4857 	EXP 	unnamed TextStim: height = 20.0
17.4857 	EXP 	unnamed TextStim: height = 20.0
17.4857 	EXP 	unnamed TextStim: height = 20.0
17.4857 	EXP 	unnamed TextStim: text = '0.95分'
17.4857 	EXP 	unnamed ImageStim: image = './material/BART/blue.png'
17.5643 	DATA 	Keypress: space
17.5861 	EXP 	unnamed TextStim: text = '0.95分'
17.6395 	DATA 	Keypress: return
17.6459 	EXP 	New trial (rep=0, index=23): {'Condition': 'blue', 'Max': 128}
17.6689 	EXP 	unnamed TextStim: text = '0.05分'
17.6689 	EXP 	unnamed TextStim: height = 20.0
17.6689 	EXP 	unnamed TextStim: height = 20.0
17.6689 	EXP 	unnamed TextStim: height = 20.0
17.6689 	EXP 	unnamed TextStim: text = '1.00分'
17.6689 	EXP 	unnamed ImageStim: image = './material/BART/blue.png'
17.7519 	DATA 	Keypress: space
17.7694 	EXP 	unnamed TextStim: text = '1.00分'
17.8207 	DATA 	Keypress: return
17.8247 	EXP 	New trial (rep=0, index=24): {'Condition': 'blue', 'Max': 128}
17.8355 	EXP 	unnamed TextStim: text = '0.05分'
17.8355 	EXP 	unnamed TextStim: height = 20.0
17.8355 	EXP 	unnamed TextStim: height = 20.0
17.8355 	EXP 	unnamed TextStim: height = 20.0
17.8355 	EXP 	unnamed TextStim: text = '1.05分'
17.8355 	EXP 	unnamed ImageStim: image = './material/BART/blue.png'
17.9470 	DATA 	Keypress: space
17.9693 	EXP 	unnamed TextStim: text = '1.05分'
17.9994 	DATA 	Keypress: return
18.0033 	EXP 	New trial (rep=0, index=25): {'Condition': 'blue', 'Max': 128}
18.0187 	EXP 	unnamed TextStim: text = '0.05分'
18.0187 	EXP 	unnamed TextStim: height = 20.0
18.0187 	EXP 	unnamed TextStim: height = 20.0
18.0187 	EXP 	unnamed TextStim: height = 20.0
18.0187 	EXP 	unnamed TextStim: text = '1.10分'
18.0187 	EXP 	unnamed ImageStim: image = './material/BART/blue.png'
18.1420 	DATA 	Keypress: space
18.1526 	EXP 	unnamed TextStim: text = '1.10分'
18.2171 	DATA 	Keypress: return
18.2231 	EXP 	New trial (rep=0, index=26): {'Condition': 'blue', 'Max': 128}
18.2359 	EXP 	unnamed TextStim: text = '0.05分'
18.2359 	EXP 	unnamed TextStim: height = 20.0
18.2359 	EXP 	unnamed TextStim: height = 20.0
18.2359 	EXP 	unnamed TextStim: height = 20.0
18.2359 	EXP 	unnamed TextStim: text = '1.15分'
18.2359 	EXP 	unnamed ImageStim: image = './material/BART/blue.png'
18.3444 	DATA 	Keypress: space
18.3692 	EXP 	unnamed TextStim: text = '1.15分'
18.4120 	DATA 	Keypress: return
18.4158 	EXP 	New trial (rep=0, index=27): {'Condition': 'blue', 'Max': 128}
18.4354 	EXP 	unnamed TextStim: text = '0.05分'
18.4354 	EXP 	unnamed TextStim: height = 20.0
18.4354 	EXP 	unnamed TextStim: height = 20.0
18.4354 	EXP 	unnamed TextStim: height = 20.0
18.4354 	EXP 	unnamed TextStim: text = '1.20分'
18.4354 	EXP 	unnamed ImageStim: image = './material/BART/blue.png'
18.5468 	DATA 	Keypress: space
18.5692 	EXP 	unnamed TextStim: text = '1.20分'
18.6144 	DATA 	Keypress: return
18.6201 	EXP 	New trial (rep=0, index=28): {'Condition': 'blue', 'Max': 128}
18.6352 	EXP 	unnamed TextStim: text = '0.05分'
18.6352 	EXP 	unnamed TextStim: height = 20.0
18.6352 	EXP 	unnamed TextStim: height = 20.0
18.6352 	EXP 	unnamed TextStim: height = 20.0
18.6352 	EXP 	unnamed TextStim: text = '1.25分'
18.6352 	EXP 	unnamed ImageStim: image = './material/BART/blue.png'
18.7569 	DATA 	Keypress: space
18.7690 	EXP 	unnamed TextStim: text = '1.25分'
18.8021 	DATA 	Keypress: return
18.8087 	EXP 	New trial (rep=0, index=29): {'Condition': 'blue', 'Max': 128}
18.8185 	EXP 	unnamed TextStim: text = '0.05分'
18.8185 	EXP 	unnamed TextStim: height = 20.0
18.8185 	EXP 	unnamed TextStim: height = 20.0
18.8185 	EXP 	unnamed TextStim: height = 20.0
18.8185 	EXP 	unnamed TextStim: text = '1.30分'
18.8185 	EXP 	unnamed ImageStim: image = './material/BART/blue.png'
18.9670 	DATA 	Keypress: space
18.9856 	EXP 	unnamed TextStim: text = '1.30分'
18.9868 	DATA 	Keypress: return
18.9912 	EXP 	New trial (rep=0, index=30): {'Condition': 'orange', 'Max': 16}
19.0193 	EXP 	unnamed TextStim: text = '0.05分'
19.0193 	EXP 	unnamed TextStim: height = 20.0
19.0193 	EXP 	unnamed TextStim: height = 20.0
19.0193 	EXP 	unnamed TextStim: height = 20.0
19.0193 	EXP 	unnamed TextStim: text = '1.35分'
19.0193 	EXP 	unnamed ImageStim: image = './material/BART/orange.png'
19.1473 	DATA 	Keypress: space
19.1690 	EXP 	unnamed TextStim: text = '1.35分'
19.1701 	DATA 	Keypress: return
19.1748 	EXP 	New trial (rep=0, index=31): {'Condition': 'green', 'Max': 32}
19.1877 	EXP 	unnamed TextStim: text = '0.05分'
19.1877 	EXP 	unnamed TextStim: height = 20.0
19.1877 	EXP 	unnamed TextStim: height = 20.0
19.1877 	EXP 	unnamed TextStim: height = 20.0
19.1877 	EXP 	unnamed TextStim: text = '1.40分'
19.1877 	EXP 	unnamed ImageStim: image = './material/BART/green.png'
19.3418 	DATA 	Keypress: return
19.3475 	EXP 	New trial (rep=0, index=32): {'Condition': 'blue', 'Max': 128}
19.3690 	EXP 	unnamed TextStim: height = 20.0
19.3690 	EXP 	unnamed TextStim: height = 20.0
19.3690 	EXP 	unnamed TextStim: height = 20.0
19.3690 	EXP 	unnamed TextStim: text = '0.00分'
19.3690 	EXP 	unnamed TextStim: text = '1.40分'
19.3690 	EXP 	unnamed ImageStim: image = './material/BART/blue.png'
19.3693 	DATA 	Keypress: space
19.5295 	DATA 	Keypress: return
19.5330 	EXP 	New trial (rep=0, index=33): {'Condition': 'blue', 'Max': 128}
19.5524 	EXP 	unnamed TextStim: text = '0.00分'
19.5524 	EXP 	unnamed TextStim: text = '1.40分'
19.5524 	EXP 	unnamed ImageStim: image = './material/BART/blue.png'
19.5536 	DATA 	Keypress: space
19.5700 	EXP 	unnamed TextStim: text = '1.40分'
19.7167 	DATA 	Keypress: return
19.7228 	EXP 	New trial (rep=0, index=34): {'Condition': 'green', 'Max': 32}
19.7356 	EXP 	unnamed TextStim: height = 20.0
19.7356 	EXP 	unnamed TextStim: height = 20.0
19.7356 	EXP 	unnamed TextStim: height = 20.0
19.7356 	EXP 	unnamed TextStim: text = '0.05分'
19.7356 	EXP 	unnamed TextStim: height = 20.0
19.7356 	EXP 	unnamed TextStim: height = 20.0
19.7356 	EXP 	unnamed TextStim: height = 20.0
19.7356 	EXP 	unnamed TextStim: text = '1.45分'
19.7356 	EXP 	unnamed ImageStim: image = './material/BART/green.png'
19.7469 	DATA 	Keypress: space
19.7682 	EXP 	unnamed TextStim: text = '1.45分'
19.9119 	DATA 	Keypress: return
19.9178 	EXP 	New trial (rep=0, index=35): {'Condition': 'orange', 'Max': 16}
19.9363 	EXP 	unnamed TextStim: text = '0.05分'
19.9363 	EXP 	unnamed TextStim: height = 20.0
19.9363 	EXP 	unnamed TextStim: height = 20.0
19.9363 	EXP 	unnamed TextStim: height = 20.0
19.9363 	EXP 	unnamed TextStim: text = '1.50分'
19.9363 	EXP 	unnamed ImageStim: image = './material/BART/orange.png'
19.9494 	DATA 	Keypress: space
19.9679 	EXP 	unnamed TextStim: text = '1.50分'
20.0994 	DATA 	Keypress: return
20.1052 	EXP 	New trial (rep=0, index=36): {'Condition': 'orange', 'Max': 16}
20.1188 	EXP 	unnamed TextStim: text = '0.05分'
20.1188 	EXP 	unnamed TextStim: height = 20.0
20.1188 	EXP 	unnamed TextStim: height = 20.0
20.1188 	EXP 	unnamed TextStim: height = 20.0
20.1188 	EXP 	unnamed TextStim: text = '1.55分'
20.1188 	EXP 	unnamed ImageStim: image = './material/BART/orange.png'
20.1596 	DATA 	Keypress: space
20.1678 	EXP 	unnamed TextStim: text = '1.55分'
20.3020 	DATA 	Keypress: return
20.3077 	EXP 	New trial (rep=0, index=37): {'Condition': 'green', 'Max': 32}
20.3194 	EXP 	unnamed TextStim: text = '0.05分'
20.3194 	EXP 	unnamed TextStim: height = 20.0
20.3194 	EXP 	unnamed TextStim: height = 20.0
20.3194 	EXP 	unnamed TextStim: height = 20.0
20.3194 	EXP 	unnamed TextStim: text = '1.60分'
20.3194 	EXP 	unnamed ImageStim: image = './material/BART/green.png'
20.3690 	DATA 	Keypress: space
20.3851 	EXP 	unnamed TextStim: text = '1.60分'
20.4968 	DATA 	Keypress: return
20.5006 	EXP 	New trial (rep=0, index=38): {'Condition': 'blue', 'Max': 128}
20.5187 	EXP 	unnamed TextStim: text = '0.05分'
20.5187 	EXP 	unnamed TextStim: height = 20.0
20.5187 	EXP 	unnamed TextStim: height = 20.0
20.5187 	EXP 	unnamed TextStim: height = 20.0
20.5187 	EXP 	unnamed TextStim: text = '1.65分'
20.5187 	EXP 	unnamed ImageStim: image = './material/BART/blue.png'
20.5945 	DATA 	Keypress: space
20.6177 	EXP 	unnamed TextStim: text = '1.65分'
20.7142 	DATA 	Keypress: return
20.7184 	EXP 	New trial (rep=0, index=39): {'Condition': 'blue', 'Max': 128}
20.7356 	EXP 	unnamed TextStim: text = '0.05分'
20.7356 	EXP 	unnamed TextStim: height = 20.0
20.7356 	EXP 	unnamed TextStim: height = 20.0
20.7356 	EXP 	unnamed TextStim: height = 20.0
20.7356 	EXP 	unnamed TextStim: text = '1.70分'
20.7356 	EXP 	unnamed ImageStim: image = './material/BART/blue.png'
20.8120 	DATA 	Keypress: space
20.8343 	EXP 	unnamed TextStim: text = '1.70分'
20.9395 	DATA 	Keypress: return
20.9454 	EXP 	New trial (rep=0, index=40): {'Condition': 'green', 'Max': 32}
20.9686 	EXP 	unnamed TextStim: text = '0.05分'
20.9686 	EXP 	unnamed TextStim: height = 20.0
20.9686 	EXP 	unnamed TextStim: height = 20.0
20.9686 	EXP 	unnamed TextStim: height = 20.0
20.9686 	EXP 	unnamed TextStim: text = '1.75分'
20.9686 	EXP 	unnamed ImageStim: image = './material/BART/green.png'
21.0220 	DATA 	Keypress: space
21.0342 	EXP 	unnamed TextStim: text = '1.75分'
21.1570 	DATA 	Keypress: return
21.1609 	EXP 	New trial (rep=0, index=41): {'Condition': 'orange', 'Max': 16}
21.1862 	EXP 	unnamed TextStim: text = '0.05分'
21.1862 	EXP 	unnamed TextStim: height = 20.0
21.1862 	EXP 	unnamed TextStim: height = 20.0
21.1862 	EXP 	unnamed TextStim: height = 20.0
21.1862 	EXP 	unnamed TextStim: text = '1.80分'
21.1862 	EXP 	unnamed ImageStim: image = './material/BART/orange.png'
21.2469 	DATA 	Keypress: space
21.2684 	EXP 	unnamed TextStim: text = '1.80分'
21.3745 	DATA 	Keypress: return
21.3803 	EXP 	New trial (rep=0, index=42): {'Condition': 'orange', 'Max': 16}
21.4016 	EXP 	unnamed TextStim: text = '0.05分'
21.4016 	EXP 	unnamed TextStim: height = 20.0
21.4016 	EXP 	unnamed TextStim: height = 20.0
21.4016 	EXP 	unnamed TextStim: height = 20.0
21.4016 	EXP 	unnamed TextStim: text = '1.85分'
21.4016 	EXP 	unnamed ImageStim: image = './material/BART/orange.png'
21.4643 	DATA 	Keypress: space
21.4841 	EXP 	unnamed TextStim: text = '1.85分'
21.5847 	DATA 	Keypress: return
21.5905 	EXP 	New trial (rep=0, index=43): {'Condition': 'green', 'Max': 32}
21.6025 	EXP 	unnamed TextStim: text = '0.05分'
21.6025 	EXP 	unnamed TextStim: height = 20.0
21.6025 	EXP 	unnamed TextStim: height = 20.0
21.6025 	EXP 	unnamed TextStim: height = 20.0
21.6025 	EXP 	unnamed TextStim: text = '1.90分'
21.6025 	EXP 	unnamed ImageStim: image = './material/BART/green.png'
21.6896 	DATA 	Keypress: space
21.7006 	EXP 	unnamed TextStim: text = '1.90分'
21.7867 	DATA 	Keypress: return
21.7927 	EXP 	New trial (rep=0, index=44): {'Condition': 'blue', 'Max': 128}
21.8184 	EXP 	unnamed TextStim: text = '0.05分'
21.8184 	EXP 	unnamed TextStim: height = 20.0
21.8184 	EXP 	unnamed TextStim: height = 20.0
21.8184 	EXP 	unnamed TextStim: height = 20.0
21.8184 	EXP 	unnamed TextStim: text = '1.95分'
21.8184 	EXP 	unnamed ImageStim: image = './material/BART/blue.png'
21.8920 	DATA 	Keypress: space
21.9005 	EXP 	unnamed TextStim: text = '1.95分'
21.9969 	DATA 	Keypress: return
22.0009 	EXP 	New trial (rep=0, index=45): {'Condition': 'blue', 'Max': 128}
22.0182 	EXP 	unnamed TextStim: text = '0.05分'
22.0182 	EXP 	unnamed TextStim: height = 20.0
22.0182 	EXP 	unnamed TextStim: height = 20.0
22.0182 	EXP 	unnamed TextStim: height = 20.0
22.0182 	EXP 	unnamed TextStim: text = '2.00分'
22.0182 	EXP 	unnamed ImageStim: image = './material/BART/blue.png'
22.1170 	DATA 	Keypress: space
22.1345 	EXP 	unnamed TextStim: text = '2.00分'
22.1922 	DATA 	Keypress: return
22.1986 	EXP 	New trial (rep=0, index=46): {'Condition': 'green', 'Max': 32}
22.2172 	EXP 	unnamed TextStim: text = '0.05分'
22.2172 	EXP 	unnamed TextStim: height = 20.0
22.2172 	EXP 	unnamed TextStim: height = 20.0
22.2172 	EXP 	unnamed TextStim: height = 20.0
22.2172 	EXP 	unnamed TextStim: text = '2.05分'
22.2172 	EXP 	unnamed ImageStim: image = './material/BART/green.png'
22.3268 	DATA 	Keypress: space
22.3517 	EXP 	unnamed TextStim: text = '2.05分'
22.3871 	DATA 	Keypress: return
22.3929 	EXP 	New trial (rep=0, index=47): {'Condition': 'orange', 'Max': 16}
22.4183 	EXP 	unnamed TextStim: text = '0.05分'
22.4183 	EXP 	unnamed TextStim: height = 20.0
22.4183 	EXP 	unnamed TextStim: height = 20.0
22.4183 	EXP 	unnamed TextStim: height = 20.0
22.4183 	EXP 	unnamed TextStim: text = '2.10分'
22.4183 	EXP 	unnamed ImageStim: image = './material/BART/orange.png'
22.5369 	DATA 	Keypress: space
22.5510 	EXP 	unnamed TextStim: text = '2.10分'
22.5750 	DATA 	Keypress: return
22.5814 	EXP 	New trial (rep=0, index=48): {'Condition': 'orange', 'Max': 16}
22.6005 	EXP 	unnamed TextStim: text = '0.05分'
22.6005 	EXP 	unnamed TextStim: height = 20.0
22.6005 	EXP 	unnamed TextStim: height = 20.0
22.6005 	EXP 	unnamed TextStim: height = 20.0
22.6005 	EXP 	unnamed TextStim: text = '2.15分'
22.6005 	EXP 	unnamed ImageStim: image = './material/BART/orange.png'
22.7396 	DATA 	Keypress: return
22.7434 	EXP 	New trial (rep=0, index=49): {'Condition': 'green', 'Max': 32}
22.7690 	EXP 	unnamed TextStim: height = 20.0
22.7690 	EXP 	unnamed TextStim: height = 20.0
22.7690 	EXP 	unnamed TextStim: height = 20.0
22.7690 	EXP 	unnamed TextStim: text = '0.00分'
22.7690 	EXP 	unnamed TextStim: text = '2.15分'
22.7690 	EXP 	unnamed ImageStim: image = './material/BART/green.png'
22.7708 	DATA 	Keypress: space
22.7855 	EXP 	unnamed TextStim: text = '2.15分'
22.9346 	DATA 	Keypress: return
22.9403 	EXP 	New trial (rep=0, index=50): {'Condition': 'blue', 'Max': 128}
22.9673 	EXP 	unnamed TextStim: height = 20.0
22.9673 	EXP 	unnamed TextStim: height = 20.0
22.9673 	EXP 	unnamed TextStim: height = 20.0
22.9673 	EXP 	unnamed TextStim: text = '0.05分'
22.9673 	EXP 	unnamed TextStim: height = 20.0
22.9673 	EXP 	unnamed TextStim: height = 20.0
22.9673 	EXP 	unnamed TextStim: height = 20.0
22.9673 	EXP 	unnamed TextStim: text = '2.20分'
22.9673 	EXP 	unnamed ImageStim: image = './material/BART/blue.png'
22.9690 	DATA 	Keypress: space
22.9857 	EXP 	unnamed TextStim: text = '2.20分'
23.1293 	DATA 	Keypress: return
23.1350 	EXP 	New trial (rep=0, index=51): {'Condition': 'blue', 'Max': 128}
23.1510 	EXP 	unnamed TextStim: text = '0.05分'
23.1510 	EXP 	unnamed TextStim: height = 20.0
23.1510 	EXP 	unnamed TextStim: height = 20.0
23.1510 	EXP 	unnamed TextStim: height = 20.0
23.1510 	EXP 	unnamed TextStim: text = '2.25分'
23.1510 	EXP 	unnamed ImageStim: image = './material/BART/blue.png'
23.1589 	DATA 	Keypress: space
23.1683 	EXP 	unnamed TextStim: text = '2.25分'
23.3243 	DATA 	Keypress: return
23.3303 	EXP 	New trial (rep=0, index=52): {'Condition': 'green', 'Max': 32}
23.3513 	EXP 	unnamed TextStim: text = '0.05分'
23.3513 	EXP 	unnamed TextStim: height = 20.0
23.3513 	EXP 	unnamed TextStim: height = 20.0
23.3513 	EXP 	unnamed TextStim: height = 20.0
23.3513 	EXP 	unnamed TextStim: text = '2.30分'
23.3513 	EXP 	unnamed ImageStim: image = './material/BART/green.png'
23.3541 	DATA 	Keypress: space
23.3687 	EXP 	unnamed TextStim: text = '2.30分'
23.5495 	DATA 	Keypress: return
23.5553 	EXP 	New trial (rep=0, index=53): {'Condition': 'orange', 'Max': 16}
23.5852 	EXP 	unnamed TextStim: text = '0.05分'
23.5852 	EXP 	unnamed TextStim: height = 20.0
23.5852 	EXP 	unnamed TextStim: height = 20.0
23.5852 	EXP 	unnamed TextStim: height = 20.0
23.5852 	EXP 	unnamed TextStim: text = '2.35分'
23.5852 	EXP 	unnamed ImageStim: image = './material/BART/orange.png'
23.5859 	DATA 	Keypress: space
23.7369 	DATA 	Keypress: return
23.7425 	EXP 	New trial (rep=0, index=54): {'Condition': 'orange', 'Max': 16}
23.7677 	EXP 	unnamed TextStim: height = 20.0
23.7677 	EXP 	unnamed TextStim: height = 20.0
23.7677 	EXP 	unnamed TextStim: height = 20.0
23.7677 	EXP 	unnamed TextStim: text = '0.00分'
23.7677 	EXP 	unnamed TextStim: text = '2.35分'
23.7677 	EXP 	unnamed ImageStim: image = './material/BART/orange.png'
23.7895 	DATA 	Keypress: space
23.7999 	EXP 	unnamed TextStim: text = '2.35分'
23.9394 	DATA 	Keypress: return
23.9446 	EXP 	New trial (rep=0, index=55): {'Condition': 'green', 'Max': 32}
23.9684 	EXP 	unnamed TextStim: height = 20.0
23.9684 	EXP 	unnamed TextStim: height = 20.0
23.9684 	EXP 	unnamed TextStim: height = 20.0
23.9684 	EXP 	unnamed TextStim: text = '0.05分'
23.9684 	EXP 	unnamed TextStim: height = 20.0
23.9684 	EXP 	unnamed TextStim: height = 20.0
23.9684 	EXP 	unnamed TextStim: height = 20.0
23.9684 	EXP 	unnamed TextStim: text = '2.40分'
23.9684 	EXP 	unnamed ImageStim: image = './material/BART/green.png'
24.0069 	DATA 	Keypress: space
24.0165 	EXP 	unnamed TextStim: text = '2.40分'
24.1422 	DATA 	Keypress: return
24.1484 	EXP 	New trial (rep=0, index=56): {'Condition': 'blue', 'Max': 128}
24.1674 	EXP 	unnamed TextStim: text = '0.05分'
24.1674 	EXP 	unnamed TextStim: height = 20.0
24.1674 	EXP 	unnamed TextStim: height = 20.0
24.1674 	EXP 	unnamed TextStim: height = 20.0
24.1674 	EXP 	unnamed TextStim: text = '2.45分'
24.1674 	EXP 	unnamed ImageStim: image = './material/BART/blue.png'
24.2095 	DATA 	Keypress: space
24.2330 	EXP 	unnamed TextStim: text = '2.45分'
24.3442 	DATA 	Keypress: return
24.3498 	EXP 	New trial (rep=0, index=57): {'Condition': 'blue', 'Max': 128}
24.3675 	EXP 	unnamed TextStim: text = '0.05分'
24.3675 	EXP 	unnamed TextStim: height = 20.0
24.3675 	EXP 	unnamed TextStim: height = 20.0
24.3675 	EXP 	unnamed TextStim: height = 20.0
24.3675 	EXP 	unnamed TextStim: text = '2.50分'
24.3675 	EXP 	unnamed ImageStim: image = './material/BART/blue.png'
24.4270 	DATA 	Keypress: space
24.4496 	EXP 	unnamed TextStim: text = '2.50分'
24.5394 	DATA 	Keypress: return
24.5433 	EXP 	New trial (rep=0, index=58): {'Condition': 'green', 'Max': 32}
24.5674 	EXP 	unnamed TextStim: text = '0.05分'
24.5674 	EXP 	unnamed TextStim: height = 20.0
24.5674 	EXP 	unnamed TextStim: height = 20.0
24.5674 	EXP 	unnamed TextStim: height = 20.0
24.5674 	EXP 	unnamed TextStim: text = '2.55分'
24.5674 	EXP 	unnamed ImageStim: image = './material/BART/green.png'
24.6595 	DATA 	Keypress: space
24.6836 	EXP 	unnamed TextStim: text = '2.55分'
24.7643 	DATA 	Keypress: return
24.7703 	EXP 	New trial (rep=0, index=59): {'Condition': 'orange', 'Max': 16}
24.7841 	EXP 	unnamed TextStim: text = '0.05分'
24.7841 	EXP 	unnamed TextStim: height = 20.0
24.7841 	EXP 	unnamed TextStim: height = 20.0
24.7841 	EXP 	unnamed TextStim: height = 20.0
24.7841 	EXP 	unnamed TextStim: text = '2.60分'
24.7841 	EXP 	unnamed ImageStim: image = './material/BART/orange.png'
24.8769 	DATA 	Keypress: space
24.9006 	EXP 	unnamed TextStim: text = '2.60分'
24.9597 	DATA 	Keypress: return
25.0172 	EXP 	window1: mouseVisible = True
25.0331 	INFO 	saved data to ./result/zhang_19810201_2_202412171550/zhang_19810201_2_202412171550_BART.psydat
25.0388 	INFO 	saved data to './result/zhang_19810201_2_202412171550/zhang_19810201_2_202412171550_BART.csv'
