3.2076 	INFO 	start
3.2082 	WARNING 	Monitor specification not found. Creating a temporary one...
4.4982 	EXP 	Created window1 = Window(allowGUI=True, allowStencil=False, autoLog=True, backendConf=UNKNOWN, backgroundFit=<method-wrapper '__getattribute__' of attributeSetter object at 0x0000016CF3DDD0D0>, backgroundImage=<method-wrapper '__getattribute__' of attributeSetter object at 0x0000016CF3DDD090>, bitsMode=UNKNOWN, blendMode='avg', bpc=(8, 8, 8), color=array([0, 0, 0]), colorSpace='rgb', depthBits=8, fullscr=<method-wrapper '__getattribute__' of attributeSetter object at 0x0000016CF3DDC850>, gamma=None, gammaErrorPolicy='raise', lms=UNKNOWN, monitor=<psychopy.monitors.calibTools.Monitor object at 0x0000016CF3F1B890>, multiSample=False, name='window1', numSamples=2, pos=(128, 72), screen=0, size=array([1280,  720]), stencilBits=0, stereo=False, units='pix', useFBO=False, useRetina=False, viewOri=0.0, viewPos=None, viewScale=None, waitBlanking=True, winType='pyglet')
4.4983 	EXP 	window1: mouseVisible = True
4.4983 	EXP 	window1: backgroundImage = None
4.4984 	EXP 	window1: backgroundFit = 'cover'
4.5527 	EXP 	Created unnamed TextStim = TextStim(__class__=<class 'psychopy.visual.text.TextStim'>, alignHoriz=method-wrapper(...), alignText='center', alignVert=method-wrapper(...), anchorHoriz='center', anchorVert='center', antialias=True, autoDraw=False, autoLog=True, bold=False, color=array([1., 1., 1.]), colorSpace='rgb', contrast=1.0, depth=0, flipHoriz=False, flipVert=False, font='', fontFiles=[], height=40.0, italic=False, languageStyle='LTR', name='unnamed TextStim', opacity=1.0, ori=0.0, pos=array([0., 0.]), rgb=UNKNOWN, text='+', units='pix', win=Window(...), wrapWidth=500)
4.5811 	EXP 	Created unnamed ImageStim = ImageStim(__class__=<class 'psychopy.visual.image.ImageStim'>, anchor=('center', 'center'), autoLog=True, color=array([1., 1., 1.]), colorSpace='rgb', contrast=1.0, depth=0, flipHoriz=False, flipVert=False, image='./material/PicNback/11.png', interpolate=False, mask=None, maskParams=None, name='unnamed ImageStim', opacity=1.0, ori=0.0, pos=array([0., 0.]), size=array([400., 400.]), texRes=128, units='pix', win=Window(...))
4.6080 	EXP 	Created unnamed ImageStim = ImageStim(__class__=<class 'psychopy.visual.image.ImageStim'>, anchor=('center', 'center'), autoLog=True, color=array([1., 1., 1.]), colorSpace='rgb', contrast=1.0, depth=0, flipHoriz=False, flipVert=False, image='./material/PicNback/12.png', interpolate=False, mask=None, maskParams=None, name='unnamed ImageStim', opacity=1.0, ori=0.0, pos=array([0., 0.]), size=array([400., 400.]), texRes=128, units='pix', win=Window(...))
4.6337 	EXP 	Created unnamed ImageStim = ImageStim(__class__=<class 'psychopy.visual.image.ImageStim'>, anchor=('center', 'center'), autoLog=True, color=array([1., 1., 1.]), colorSpace='rgb', contrast=1.0, depth=0, flipHoriz=False, flipVert=False, image='./material/PicNback/13.png', interpolate=False, mask=None, maskParams=None, name='unnamed ImageStim', opacity=1.0, ori=0.0, pos=array([0., 0.]), size=array([400., 400.]), texRes=128, units='pix', win=Window(...))
4.6681 	EXP 	Created unnamed ImageStim = ImageStim(__class__=<class 'psychopy.visual.image.ImageStim'>, anchor=('center', 'center'), autoLog=True, color=array([1., 1., 1.]), colorSpace='rgb', contrast=1.0, depth=0, flipHoriz=False, flipVert=False, image='./material/PicNback/21.png', interpolate=False, mask=None, maskParams=None, name='unnamed ImageStim', opacity=1.0, ori=0.0, pos=array([0., 0.]), size=array([400., 400.]), texRes=128, units='pix', win=Window(...))
4.6965 	EXP 	Created unnamed ImageStim = ImageStim(__class__=<class 'psychopy.visual.image.ImageStim'>, anchor=('center', 'center'), autoLog=True, color=array([1., 1., 1.]), colorSpace='rgb', contrast=1.0, depth=0, flipHoriz=False, flipVert=False, image='./material/PicNback/22.png', interpolate=False, mask=None, maskParams=None, name='unnamed ImageStim', opacity=1.0, ori=0.0, pos=array([0., 0.]), size=array([400., 400.]), texRes=128, units='pix', win=Window(...))
4.7253 	EXP 	Created unnamed ImageStim = ImageStim(__class__=<class 'psychopy.visual.image.ImageStim'>, anchor=('center', 'center'), autoLog=True, color=array([1., 1., 1.]), colorSpace='rgb', contrast=1.0, depth=0, flipHoriz=False, flipVert=False, image='./material/PicNback/23.png', interpolate=False, mask=None, maskParams=None, name='unnamed ImageStim', opacity=1.0, ori=0.0, pos=array([0., 0.]), size=array([400., 400.]), texRes=128, units='pix', win=Window(...))
4.7521 	EXP 	Created unnamed ImageStim = ImageStim(__class__=<class 'psychopy.visual.image.ImageStim'>, anchor=('center', 'center'), autoLog=True, color=array([1., 1., 1.]), colorSpace='rgb', contrast=1.0, depth=0, flipHoriz=False, flipVert=False, image='./material/PicNback/31.png', interpolate=False, mask=None, maskParams=None, name='unnamed ImageStim', opacity=1.0, ori=0.0, pos=array([0., 0.]), size=array([400., 400.]), texRes=128, units='pix', win=Window(...))
4.7804 	EXP 	Created unnamed ImageStim = ImageStim(__class__=<class 'psychopy.visual.image.ImageStim'>, anchor=('center', 'center'), autoLog=True, color=array([1., 1., 1.]), colorSpace='rgb', contrast=1.0, depth=0, flipHoriz=False, flipVert=False, image='./material/PicNback/32.png', interpolate=False, mask=None, maskParams=None, name='unnamed ImageStim', opacity=1.0, ori=0.0, pos=array([0., 0.]), size=array([400., 400.]), texRes=128, units='pix', win=Window(...))
4.8055 	EXP 	Created unnamed ImageStim = ImageStim(__class__=<class 'psychopy.visual.image.ImageStim'>, anchor=('center', 'center'), autoLog=True, color=array([1., 1., 1.]), colorSpace='rgb', contrast=1.0, depth=0, flipHoriz=False, flipVert=False, image='./material/PicNback/33.png', interpolate=False, mask=None, maskParams=None, name='unnamed ImageStim', opacity=1.0, ori=0.0, pos=array([0., 0.]), size=array([400., 400.]), texRes=128, units='pix', win=Window(...))
4.8072 	EXP 	Created unnamed ImageStim = ImageStim(__class__=<class 'psychopy.visual.image.ImageStim'>, anchor=('center', 'center'), autoLog=True, color=array([1., 1., 1.]), colorSpace='rgb', contrast=1.0, depth=0, flipHoriz=False, flipVert=False, image=None, interpolate=False, mask=None, maskParams=None, name='unnamed ImageStim', opacity=1.0, ori=0.0, pos=array([0., 0.]), size=array([1280.,  720.]), texRes=128, units='pix', win=Window(...))
4.8177 	EXP 	Created unnamed TextStim = TextStim(__class__=<class 'psychopy.visual.text.TextStim'>, alignHoriz=method-wrapper(...), alignText='center', alignVert=method-wrapper(...), anchorHoriz='center', anchorVert='center', antialias=True, autoDraw=False, autoLog=True, bold=False, color=array([1., 1., 1.]), colorSpace='rgb', contrast=1.0, depth=0, flipHoriz=False, flipVert=False, font='SimSun', fontFiles=[], height=45.0, italic=False, languageStyle='LTR', name='unnamed TextStim', opacity=1.0, ori=0.0, pos=array([0., 0.]), rgb=UNKNOWN, text='Hello World', units='pix', win=Window(...), wrapWidth=500)
4.8177 	INFO 	Start OneBack
4.8976 	EXP 	unnamed ImageStim: image = './material/PicNback/InstrucOneBackPrac.png'
4.9649 	EXP 	unnamed ImageStim: image = './material/PicNback/InstrucOneBackPrac.png'
5.0308 	EXP 	unnamed ImageStim: image = './material/PicNback/InstrucOneBackPrac.png'
5.0981 	EXP 	unnamed ImageStim: image = './material/PicNback/InstrucOneBackPrac.png'
5.1643 	EXP 	unnamed ImageStim: image = './material/PicNback/InstrucOneBackPrac.png'
5.2314 	EXP 	unnamed ImageStim: image = './material/PicNback/InstrucOneBackPrac.png'
5.2974 	EXP 	unnamed ImageStim: image = './material/PicNback/InstrucOneBackPrac.png'
5.3648 	EXP 	unnamed ImageStim: image = './material/PicNback/InstrucOneBackPrac.png'
5.4307 	EXP 	unnamed ImageStim: image = './material/PicNback/InstrucOneBackPrac.png'
5.4984 	EXP 	unnamed ImageStim: image = './material/PicNback/InstrucOneBackPrac.png'
5.5641 	EXP 	unnamed ImageStim: image = './material/PicNback/InstrucOneBackPrac.png'
5.6314 	EXP 	unnamed ImageStim: image = './material/PicNback/InstrucOneBackPrac.png'
5.6972 	EXP 	unnamed ImageStim: image = './material/PicNback/InstrucOneBackPrac.png'
5.7638 	EXP 	unnamed ImageStim: image = './material/PicNback/InstrucOneBackPrac.png'
5.8314 	EXP 	unnamed ImageStim: image = './material/PicNback/InstrucOneBackPrac.png'
5.8972 	EXP 	unnamed ImageStim: image = './material/PicNback/InstrucOneBackPrac.png'
5.9645 	EXP 	unnamed ImageStim: image = './material/PicNback/InstrucOneBackPrac.png'
6.0305 	EXP 	unnamed ImageStim: image = './material/PicNback/InstrucOneBackPrac.png'
6.1151 	EXP 	unnamed ImageStim: image = './material/PicNback/InstrucOneBackPrac.png'
6.1804 	EXP 	unnamed ImageStim: image = './material/PicNback/InstrucOneBackPrac.png'
7.6345 	EXP 	unnamed ImageStim: image = './material/PicNback/InstrucOneBackPrac.png'
7.7134 	EXP 	unnamed ImageStim: image = './material/PicNback/InstrucOneBackPrac.png'
7.7979 	EXP 	unnamed ImageStim: image = './material/PicNback/InstrucOneBackPrac.png'
7.8801 	EXP 	unnamed ImageStim: image = './material/PicNback/InstrucOneBackPrac.png'
7.9646 	EXP 	unnamed ImageStim: image = './material/PicNback/InstrucOneBackPrac.png'
68.4666 	ERROR 	Found file './material/PicNback/InstrucOneBackPrac.png', failed to load as an image
68.5365 	EXP 	window1: mouseVisible = True
68.5380 	INFO 	saved data to ./result/jixiang_20010609_2_202412171543/jixiang_20010609_2_202412171543_PicNback.psydat
68.5393 	INFO 	saved data to './result/jixiang_20010609_2_202412171543/jixiang_20010609_2_202412171543_PicNback.csv'
