1.0493 	WARNING 	We strongly recommend you activate the PTB sound engine in PsychoPy prefs as the preferred audio engine. Its timing is vastly superior. Your prefs are currently set to use ['sounddevice', 'PTB', 'pyo', 'pygame'] (in that order).
4.3979 	WARNING 	Font Manager failed to load file C:\WINDOWS\Fonts\方正粗黑宋简体.ttf
4.5323 	WARNING 	Font Manager failed to load file C:\Windows\Fonts\方正粗黑宋简体.ttf
15.0050 	WARNING 	Requested an unavailable screen number - using first available.
15.0106 	WARNING 	User requested fullscreen with size [2560 1440], but screen is actually [2160, 1440]. Using actual size
16.3145 	EXP 	Created window1 = Window(allowGUI=False, allowStencil=False, autoLog=True, backendConf=UNKNOWN, bitsMode=UNKNOWN, blendMode='avg', bpc=(8, 8, 8), color=array([0, 0, 0]), colorSpace='rgb', depthBits=8, fullscr=<method-wrapper '__getattribute__' of attributeSetter object at 0x000001B900A3B9E8>, gamma=None, gammaErrorPolicy='raise', lms=UNKNOWN, monitor=<psychopy.monitors.calibTools.Monitor object at 0x000001B900A89160>, multiSample=False, name='window1', numSamples=2, pos=[0.0, 0.0], screen=1, size=array([2160, 1440]), stencilBits=0, stereo=False, units='height', useFBO=True, useRetina=False, viewOri=0.0, viewPos=None, viewScale=None, waitBlanking=True, winType='pyglet')
16.3150 	EXP 	window1: mouseVisible = True
16.3150 	EXP 	window1: recordFrameIntervals = False
16.4803 	EXP 	window1: recordFrameIntervals = True
16.6645 	EXP 	window1: recordFrameIntervals = False
17.3630 	EXP 	Created intro_image1 = ImageStim(__class__=<class 'psychopy.visual.image.ImageStim'>, autoLog=True, color=array([1, 1, 1]), colorSpace='rgb', contrast=1.0, depth=0.0, flipHoriz=False, flipVert=False, image='images\\\\introduce1.png', interpolate=True, mask=None, maskParams=None, name='intro_image1', opacity=1, ori=0.0, pos=array([0., 0.]), size=array([1.5  , 0.556]), texRes=128.0, units='height', win=Window(...))
17.7893 	EXP 	Created intro_image2 = ImageStim(__class__=<class 'psychopy.visual.image.ImageStim'>, autoLog=True, color=array([1, 1, 1]), colorSpace='rgb', contrast=1.0, depth=0.0, flipHoriz=False, flipVert=False, image='images\\\\introduce2.png', interpolate=True, mask=None, maskParams=None, name='intro_image2', opacity=1, ori=0.0, pos=array([0., 0.]), size=array([1.5  , 0.556]), texRes=128.0, units='height', win=Window(...))
18.2420 	EXP 	Created intro_image3 = ImageStim(__class__=<class 'psychopy.visual.image.ImageStim'>, autoLog=True, color=array([1, 1, 1]), colorSpace='rgb', contrast=1.0, depth=0.0, flipHoriz=False, flipVert=False, image='images\\\\introduce3.png', interpolate=True, mask=None, maskParams=None, name='intro_image3', opacity=1, ori=0.0, pos=array([0., 0.]), size=array([1.5  , 0.556]), texRes=128.0, units='height', win=Window(...))
18.6955 	EXP 	Created intro_image4 = ImageStim(__class__=<class 'psychopy.visual.image.ImageStim'>, autoLog=True, color=array([1, 1, 1]), colorSpace='rgb', contrast=1.0, depth=0.0, flipHoriz=False, flipVert=False, image='images\\\\introduce4.png', interpolate=True, mask=None, maskParams=None, name='intro_image4', opacity=1, ori=0.0, pos=array([0., 0.]), size=array([1.5  , 0.556]), texRes=128.0, units='height', win=Window(...))
18.8219 	EXP 	Created trigger = TextStim(__class__=<class 'psychopy.visual.text.TextStim'>, alignHoriz=method-wrapper(...), alignText='center', alignVert=method-wrapper(...), anchorHoriz='center', anchorVert='center', antialias=True, autoLog=True, bold=False, color=array([ 1, -1, -1]), colorSpace='rgb', contrast=1.0, depth=0.0, flipHoriz=False, flipVert=False, font='Open Sans', fontFiles=[], height=0.1, italic=False, languageStyle='LTR', name='trigger', opacity=1, ori=0.0, pos=array([0., 0.]), rgb=UNKNOWN, text='"等待医师开始扫描"', units='height', win=Window(...), wrapWidth=1)
18.8229 	EXP 	Created NULLtext = TextStim(__class__=<class 'psychopy.visual.text.TextStim'>, alignHoriz=method-wrapper(...), alignText='center', alignVert=method-wrapper(...), anchorHoriz='center', anchorVert='center', antialias=True, autoLog=True, bold=False, color=array([1, 1, 1]), colorSpace='rgb', contrast=1.0, depth=0.0, flipHoriz=False, flipVert=False, font='Open Sans', fontFiles=[], height=0.1, italic=False, languageStyle='LTR', name='NULLtext', opacity=1, ori=0.0, pos=array([0., 0.]), rgb=UNKNOWN, text='', units='height', win=Window(...), wrapWidth=1)
18.8275 	EXP 	Created fixation = ShapeStim(__class__=<class 'psychopy.visual.shape.ShapeStim'>, autoDraw=False, autoLog=True, closeShape=True, color=method-wrapper(...), colorSpace='rgb', contrast=None, depth=0.0, fillColor=array([1, 1, 1]), fillColorSpace='rgb', fillRGB=UNKNOWN, interpolate=True, lineColor=array([1, 1, 1]), lineColorSpace='rgb', lineRGB=UNKNOWN, lineWidth=1.0, name='fixation', opacity=1, ori=0.0, pos=array([0., 0.]), size=array([0.1, 0.1]), units='height', vertices=ndarray(...), win=Window(...), windingRule=None)
19.6188 	EXP 	Created two_doors = ImageStim(__class__=<class 'psychopy.visual.image.ImageStim'>, autoLog=True, color=array([1, 1, 1]), colorSpace='rgb', contrast=1.0, depth=0.0, flipHoriz=False, flipVert=False, image='images\\\\two_door.png', interpolate=True, mask=None, maskParams=None, name='two_doors', opacity=1, ori=0.0, pos=array([0., 0.]), size=array([1.5  , 0.653]), texRes=128.0, units='height', win=Window(...))
19.6224 	EXP 	Created waiting_image_1 = ImageStim(__class__=<class 'psychopy.visual.image.ImageStim'>, autoLog=True, color=array([1, 1, 1]), colorSpace='rgb', contrast=1.0, depth=-1.0, flipHoriz=False, flipVert=False, image='sin', interpolate=True, mask=None, maskParams=None, name='waiting_image_1', opacity=1, ori=0.0, pos=array([0., 0.]), size=array([1.5  , 0.653]), texRes=128.0, units='height', win=Window(...))
19.6265 	EXP 	Created feedback_image_1 = ImageStim(__class__=<class 'psychopy.visual.image.ImageStim'>, autoLog=True, color=array([1, 1, 1]), colorSpace='rgb', contrast=1.0, depth=-1.0, flipHoriz=False, flipVert=False, image='sin', interpolate=True, mask=None, maskParams=None, name='feedback_image_1', opacity=1, ori=0.0, pos=array([0., 0.]), size=array([1.5  , 0.653]), texRes=128.0, units='height', win=Window(...))
19.6280 	EXP 	Created Money_text_1 = TextStim(__class__=<class 'psychopy.visual.text.TextStim'>, alignHoriz=method-wrapper(...), alignText='center', alignVert=method-wrapper(...), anchorHoriz='center', anchorVert='center', antialias=True, autoLog=True, bold=False, color=array([ 1, -1, -1]), colorSpace='rgb', contrast=1.0, depth=-2.0, flipHoriz=False, flipVert=False, font='Open Sans', fontFiles=[], height=0.05, italic=False, languageStyle='LTR', name='Money_text_1', opacity=1, ori=0.0, pos=array([ 0.13 , -0.095]), rgb=UNKNOWN, text='', units='height', win=Window(...), wrapWidth=1)
19.7622 	EXP 	Created rest_image = ImageStim(__class__=<class 'psychopy.visual.image.ImageStim'>, autoLog=True, color=array([1, 1, 1]), colorSpace='rgb', contrast=1.0, depth=0.0, flipHoriz=False, flipVert=False, image='images\\\\resting.png', interpolate=True, mask=None, maskParams=None, name='rest_image', opacity=1, ori=0.0, pos=array([0., 0.]), size=array([1.5  , 0.332]), texRes=128.0, units='height', win=Window(...))
19.7641 	EXP 	Created fixation = ShapeStim(__class__=<class 'psychopy.visual.shape.ShapeStim'>, autoDraw=False, autoLog=True, closeShape=True, color=method-wrapper(...), colorSpace='rgb', contrast=None, depth=0.0, fillColor=array([1, 1, 1]), fillColorSpace='rgb', fillRGB=UNKNOWN, interpolate=True, lineColor=array([1, 1, 1]), lineColorSpace='rgb', lineRGB=UNKNOWN, lineWidth=1.0, name='fixation', opacity=1, ori=0.0, pos=array([0., 0.]), size=array([0.1, 0.1]), units='height', vertices=ndarray(...), win=Window(...), windingRule=None)
20.5001 	EXP 	Created two_doors = ImageStim(__class__=<class 'psychopy.visual.image.ImageStim'>, autoLog=True, color=array([1, 1, 1]), colorSpace='rgb', contrast=1.0, depth=0.0, flipHoriz=False, flipVert=False, image='images\\\\two_door.png', interpolate=True, mask=None, maskParams=None, name='two_doors', opacity=1, ori=0.0, pos=array([0., 0.]), size=array([1.5  , 0.653]), texRes=128.0, units='height', win=Window(...))
20.5057 	EXP 	Created waiting_image_2 = ImageStim(__class__=<class 'psychopy.visual.image.ImageStim'>, autoLog=True, color=array([1, 1, 1]), colorSpace='rgb', contrast=1.0, depth=-1.0, flipHoriz=False, flipVert=False, image='sin', interpolate=True, mask=None, maskParams=None, name='waiting_image_2', opacity=1, ori=0.0, pos=array([0., 0.]), size=array([1.5  , 0.653]), texRes=128.0, units='height', win=Window(...))
20.5080 	EXP 	Created feedback_image_2 = ImageStim(__class__=<class 'psychopy.visual.image.ImageStim'>, autoLog=True, color=array([1, 1, 1]), colorSpace='rgb', contrast=1.0, depth=-1.0, flipHoriz=False, flipVert=False, image='sin', interpolate=True, mask=None, maskParams=None, name='feedback_image_2', opacity=1, ori=0.0, pos=array([0., 0.]), size=array([1.5  , 0.653]), texRes=128.0, units='height', win=Window(...))
20.5087 	EXP 	Created Money_text_2 = TextStim(__class__=<class 'psychopy.visual.text.TextStim'>, alignHoriz=method-wrapper(...), alignText='center', alignVert=method-wrapper(...), anchorHoriz='center', anchorVert='center', antialias=True, autoLog=True, bold=False, color=array([ 1, -1, -1]), colorSpace='rgb', contrast=1.0, depth=-2.0, flipHoriz=False, flipVert=False, font='Open Sans', fontFiles=[], height=0.05, italic=False, languageStyle='LTR', name='Money_text_2', opacity=1, ori=0.0, pos=array([ 0.13 , -0.095]), rgb=UNKNOWN, text='', units='height', win=Window(...), wrapWidth=1)
20.7626 	EXP 	Created end_image = ImageStim(__class__=<class 'psychopy.visual.image.ImageStim'>, autoLog=True, color=array([1, 1, 1]), colorSpace='rgb', contrast=1.0, depth=0.0, flipHoriz=False, flipVert=False, image='images\\\\ending.png', interpolate=True, mask=None, maskParams=None, name='end_image', opacity=1, ori=0.0, pos=array([0., 0.]), size=array([1.5  , 0.542]), texRes=128.0, units='height', win=Window(...))
20.8735 	EXP 	intro_image1: autoDraw = True
22.8181 	DATA 	Keypress: 1
22.8286 	EXP 	intro_image1: autoDraw = False
22.8286 	EXP 	intro_image2: autoDraw = True
23.6943 	DATA 	Keypress: 2
23.7069 	EXP 	intro_image2: autoDraw = False
23.7069 	EXP 	intro_image3: autoDraw = True
24.0220 	DATA 	Keypress: 3
24.0912 	EXP 	intro_image3: autoDraw = False
24.0912 	EXP 	intro_image4: autoDraw = True
24.5990 	DATA 	Keypress: 4
24.6570 	EXP 	intro_image4: autoDraw = False
24.6570 	EXP 	trigger: autoDraw = True
26.6068 	EXP 	trigger: autoDraw = False
26.6068 	EXP 	NULLtext: autoDraw = True
30.5794 	EXP 	Imported documents\\loop1.xlsx as conditions, 17 conditions, 8 params
30.5799 	EXP 	Created sequence: sequential, trialTypes=17, nReps=1, seed=None
30.5803 	EXP 	New trial (rep=0, index=0): {'waiting_path_L': 'images/waiting_L.png', 'waiting_path_R': 'images/waiting_R.png', 'waiting_path_non': 'images/waiting_non.png', 'MONEY': 10, 'judgement': 'T', 'feedback_path_L': 'images/T_open_L.png', 'feedback_path_R': 'images/T_open_R.png', 'feedback_path_non': 'images/non-response.png'}
30.6093 	EXP 	NULLtext: autoDraw = False
30.6093 	EXP 	fixation: autoDraw = True
31.6640 	EXP 	fixation: autoDraw = False
31.6640 	EXP 	two_doors: autoDraw = True
32.2387 	DATA 	KeyPress: 是
33.8568 	EXP 	two_doors: autoDraw = False
33.8568 	EXP 	waiting_image_1: image = 'images/waiting_L.png'
33.8568 	EXP 	waiting_image_1: autoDraw = True
35.8806 	EXP 	waiting_image_1: autoDraw = False
35.8806 	EXP 	feedback_image_1: image = 'images/T_open_L.png'
35.8806 	EXP 	Money_text_1: text = 110
35.8806 	EXP 	feedback_image_1: autoDraw = True
35.8806 	EXP 	Money_text_1: autoDraw = True
37.5434 	EXP 	New trial (rep=0, index=1): {'waiting_path_L': 'images/waiting_L.png', 'waiting_path_R': 'images/waiting_R.png', 'waiting_path_non': 'images/waiting_non.png', 'MONEY': -10, 'judgement': 'F', 'feedback_path_L': 'images/F_open_L.png', 'feedback_path_R': 'images/F_open_R.png', 'feedback_path_non': 'images/non-response.png'}
37.5565 	EXP 	feedback_image_1: autoDraw = False
37.5565 	EXP 	Money_text_1: autoDraw = False
37.5565 	EXP 	fixation: autoDraw = True
38.5565 	EXP 	fixation: autoDraw = False
38.5565 	EXP 	two_doors: autoDraw = True
38.8164 	DATA 	Keypress: 2
40.7915 	EXP 	two_doors: autoDraw = False
40.7915 	EXP 	waiting_image_1: image = 'images/waiting_L.png'
40.7915 	EXP 	waiting_image_1: autoDraw = True
42.8104 	EXP 	waiting_image_1: autoDraw = False
42.8104 	EXP 	feedback_image_1: image = 'images/F_open_L.png'
42.8104 	EXP 	Money_text_1: text = 100
42.8104 	EXP 	feedback_image_1: autoDraw = True
42.8104 	EXP 	Money_text_1: autoDraw = True
44.5351 	EXP 	New trial (rep=0, index=2): {'waiting_path_L': 'images/waiting_L.png', 'waiting_path_R': 'images/waiting_R.png', 'waiting_path_non': 'images/waiting_non.png', 'MONEY': 10, 'judgement': 'T', 'feedback_path_L': 'images/T_open_L.png', 'feedback_path_R': 'images/T_open_R.png', 'feedback_path_non': 'images/non-response.png'}
44.5564 	EXP 	feedback_image_1: autoDraw = False
44.5564 	EXP 	Money_text_1: autoDraw = False
44.5564 	EXP 	fixation: autoDraw = True
45.5562 	EXP 	fixation: autoDraw = False
45.5562 	EXP 	two_doors: autoDraw = True
45.8346 	DATA 	Keypress: 3
47.7893 	EXP 	two_doors: autoDraw = False
47.7893 	EXP 	waiting_image_1: image = 'images/waiting_R.png'
47.7893 	EXP 	waiting_image_1: autoDraw = True
49.8102 	EXP 	waiting_image_1: autoDraw = False
49.8102 	EXP 	feedback_image_1: image = 'images/T_open_R.png'
49.8102 	EXP 	Money_text_1: text = 110
49.8102 	EXP 	feedback_image_1: autoDraw = True
49.8102 	EXP 	Money_text_1: autoDraw = True
51.5344 	EXP 	New trial (rep=0, index=3): {'waiting_path_L': 'images/waiting_L.png', 'waiting_path_R': 'images/waiting_R.png', 'waiting_path_non': 'images/waiting_non.png', 'MONEY': 10, 'judgement': 'T', 'feedback_path_L': 'images/T_open_L.png', 'feedback_path_R': 'images/T_open_R.png', 'feedback_path_non': 'images/non-response.png'}
51.5563 	EXP 	feedback_image_1: autoDraw = False
51.5563 	EXP 	Money_text_1: autoDraw = False
51.5563 	EXP 	fixation: autoDraw = True
52.5563 	EXP 	fixation: autoDraw = False
52.5563 	EXP 	two_doors: autoDraw = True
53.0644 	DATA 	Keypress: 3
54.7732 	EXP 	two_doors: autoDraw = False
54.7732 	EXP 	waiting_image_1: image = 'images/waiting_R.png'
54.7732 	EXP 	waiting_image_1: autoDraw = True
56.7984 	EXP 	waiting_image_1: autoDraw = False
56.7984 	EXP 	feedback_image_1: image = 'images/T_open_R.png'
56.7984 	EXP 	Money_text_1: text = 120
56.7984 	EXP 	feedback_image_1: autoDraw = True
56.7984 	EXP 	Money_text_1: autoDraw = True
58.5412 	EXP 	New trial (rep=0, index=4): {'waiting_path_L': 'images/waiting_L.png', 'waiting_path_R': 'images/waiting_R.png', 'waiting_path_non': 'images/waiting_non.png', 'MONEY': 10, 'judgement': 'T', 'feedback_path_L': 'images/T_open_L.png', 'feedback_path_R': 'images/T_open_R.png', 'feedback_path_non': 'images/non-response.png'}
58.5559 	EXP 	feedback_image_1: autoDraw = False
58.5559 	EXP 	Money_text_1: autoDraw = False
58.5559 	EXP 	fixation: autoDraw = True
59.5560 	EXP 	fixation: autoDraw = False
59.5560 	EXP 	two_doors: autoDraw = True
60.0804 	DATA 	Keypress: 4
61.7576 	EXP 	two_doors: autoDraw = False
61.7576 	EXP 	waiting_image_1: image = 'images/waiting_R.png'
61.7576 	EXP 	waiting_image_1: autoDraw = True
63.7889 	EXP 	waiting_image_1: autoDraw = False
63.7889 	EXP 	feedback_image_1: image = 'images/T_open_R.png'
63.7889 	EXP 	Money_text_1: text = 130
63.7889 	EXP 	feedback_image_1: autoDraw = True
63.7889 	EXP 	Money_text_1: autoDraw = True
65.5435 	EXP 	New trial (rep=0, index=5): {'waiting_path_L': 'images/waiting_L.png', 'waiting_path_R': 'images/waiting_R.png', 'waiting_path_non': 'images/waiting_non.png', 'MONEY': -10, 'judgement': 'F', 'feedback_path_L': 'images/F_open_L.png', 'feedback_path_R': 'images/F_open_R.png', 'feedback_path_non': 'images/non-response.png'}
65.5555 	EXP 	feedback_image_1: autoDraw = False
65.5555 	EXP 	Money_text_1: autoDraw = False
65.5555 	EXP 	fixation: autoDraw = True
66.5558 	EXP 	fixation: autoDraw = False
66.5558 	EXP 	two_doors: autoDraw = True
66.8647 	DATA 	Keypress: 2
68.7653 	EXP 	two_doors: autoDraw = False
68.7653 	EXP 	waiting_image_1: image = 'images/waiting_L.png'
68.7653 	EXP 	waiting_image_1: autoDraw = True
70.8056 	EXP 	waiting_image_1: autoDraw = False
70.8056 	EXP 	feedback_image_1: image = 'images/F_open_L.png'
70.8056 	EXP 	Money_text_1: text = 120
70.8056 	EXP 	feedback_image_1: autoDraw = True
70.8056 	EXP 	Money_text_1: autoDraw = True
72.5425 	EXP 	New trial (rep=0, index=6): {'waiting_path_L': 'images/waiting_L.png', 'waiting_path_R': 'images/waiting_R.png', 'waiting_path_non': 'images/waiting_non.png', 'MONEY': 10, 'judgement': 'T', 'feedback_path_L': 'images/T_open_L.png', 'feedback_path_R': 'images/T_open_R.png', 'feedback_path_non': 'images/non-response.png'}
72.5557 	EXP 	feedback_image_1: autoDraw = False
72.5557 	EXP 	Money_text_1: autoDraw = False
72.5557 	EXP 	fixation: autoDraw = True
73.5555 	EXP 	fixation: autoDraw = False
73.5555 	EXP 	two_doors: autoDraw = True
73.8645 	DATA 	Keypress: 4
75.7589 	EXP 	two_doors: autoDraw = False
75.7589 	EXP 	waiting_image_1: image = 'images/waiting_R.png'
75.7589 	EXP 	waiting_image_1: autoDraw = True
77.7967 	EXP 	waiting_image_1: autoDraw = False
77.7967 	EXP 	feedback_image_1: image = 'images/T_open_R.png'
77.7967 	EXP 	Money_text_1: text = 130
77.7967 	EXP 	feedback_image_1: autoDraw = True
77.7967 	EXP 	Money_text_1: autoDraw = True
79.5337 	EXP 	New trial (rep=0, index=7): {'waiting_path_L': 'images/waiting_L.png', 'waiting_path_R': 'images/waiting_R.png', 'waiting_path_non': 'images/waiting_non.png', 'MONEY': 10, 'judgement': 'T', 'feedback_path_L': 'images/T_open_L.png', 'feedback_path_R': 'images/T_open_R.png', 'feedback_path_non': 'images/non-response.png'}
79.5554 	EXP 	feedback_image_1: autoDraw = False
79.5554 	EXP 	Money_text_1: autoDraw = False
79.5554 	EXP 	fixation: autoDraw = True
80.5555 	EXP 	fixation: autoDraw = False
80.5555 	EXP 	two_doors: autoDraw = True
80.8820 	DATA 	Keypress: 2
82.7602 	EXP 	two_doors: autoDraw = False
82.7602 	EXP 	waiting_image_1: image = 'images/waiting_L.png'
82.7602 	EXP 	waiting_image_1: autoDraw = True
84.7932 	EXP 	waiting_image_1: autoDraw = False
84.7932 	EXP 	feedback_image_1: image = 'images/T_open_L.png'
84.7932 	EXP 	Money_text_1: text = 140
84.7932 	EXP 	feedback_image_1: autoDraw = True
84.7932 	EXP 	Money_text_1: autoDraw = True
86.5508 	EXP 	New trial (rep=0, index=8): {'waiting_path_L': 'images/waiting_L.png', 'waiting_path_R': 'images/waiting_R.png', 'waiting_path_non': 'images/waiting_non.png', 'MONEY': -10, 'judgement': 'F', 'feedback_path_L': 'images/F_open_L.png', 'feedback_path_R': 'images/F_open_R.png', 'feedback_path_non': 'images/non-response.png'}
86.5720 	EXP 	feedback_image_1: autoDraw = False
86.5720 	EXP 	Money_text_1: autoDraw = False
86.5720 	EXP 	fixation: autoDraw = True
87.5551 	EXP 	fixation: autoDraw = False
87.5551 	EXP 	two_doors: autoDraw = True
87.9053 	DATA 	Keypress: 4
89.7785 	EXP 	two_doors: autoDraw = False
89.7785 	EXP 	waiting_image_1: image = 'images/waiting_R.png'
89.7785 	EXP 	waiting_image_1: autoDraw = True
91.8135 	EXP 	waiting_image_1: autoDraw = False
91.8135 	EXP 	feedback_image_1: image = 'images/F_open_R.png'
91.8135 	EXP 	Money_text_1: text = 130
91.8135 	EXP 	feedback_image_1: autoDraw = True
91.8135 	EXP 	Money_text_1: autoDraw = True
93.5400 	EXP 	New trial (rep=0, index=9): {'waiting_path_L': 'images/waiting_L.png', 'waiting_path_R': 'images/waiting_R.png', 'waiting_path_non': 'images/waiting_non.png', 'MONEY': 10, 'judgement': 'T', 'feedback_path_L': 'images/T_open_L.png', 'feedback_path_R': 'images/T_open_R.png', 'feedback_path_non': 'images/non-response.png'}
93.5550 	EXP 	feedback_image_1: autoDraw = False
93.5550 	EXP 	Money_text_1: autoDraw = False
93.5550 	EXP 	fixation: autoDraw = True
94.5550 	EXP 	fixation: autoDraw = False
94.5550 	EXP 	two_doors: autoDraw = True
95.2446 	DATA 	Keypress: 3
96.7578 	EXP 	two_doors: autoDraw = False
96.7578 	EXP 	waiting_image_1: image = 'images/waiting_R.png'
96.7578 	EXP 	waiting_image_1: autoDraw = True
98.7931 	EXP 	waiting_image_1: autoDraw = False
98.7931 	EXP 	feedback_image_1: image = 'images/T_open_R.png'
98.7931 	EXP 	Money_text_1: text = 140
98.7931 	EXP 	feedback_image_1: autoDraw = True
98.7931 	EXP 	Money_text_1: autoDraw = True
100.5401 	EXP 	New trial (rep=0, index=10): {'waiting_path_L': 'images/waiting_L.png', 'waiting_path_R': 'images/waiting_R.png', 'waiting_path_non': 'images/waiting_non.png', 'MONEY': 10, 'judgement': 'T', 'feedback_path_L': 'images/T_open_L.png', 'feedback_path_R': 'images/T_open_R.png', 'feedback_path_non': 'images/non-response.png'}
100.5548 	EXP 	feedback_image_1: autoDraw = False
100.5548 	EXP 	Money_text_1: autoDraw = False
100.5548 	EXP 	fixation: autoDraw = True
101.5545 	EXP 	fixation: autoDraw = False
101.5545 	EXP 	two_doors: autoDraw = True
102.0114 	DATA 	Keypress: 2
103.7712 	EXP 	two_doors: autoDraw = False
103.7712 	EXP 	waiting_image_1: image = 'images/waiting_L.png'
103.7712 	EXP 	waiting_image_1: autoDraw = True
105.7959 	EXP 	waiting_image_1: autoDraw = False
105.7959 	EXP 	feedback_image_1: image = 'images/T_open_L.png'
105.7959 	EXP 	Money_text_1: text = 150
105.7959 	EXP 	feedback_image_1: autoDraw = True
105.7959 	EXP 	Money_text_1: autoDraw = True
107.5426 	EXP 	New trial (rep=0, index=11): {'waiting_path_L': 'images/waiting_L.png', 'waiting_path_R': 'images/waiting_R.png', 'waiting_path_non': 'images/waiting_non.png', 'MONEY': 10, 'judgement': 'T', 'feedback_path_L': 'images/T_open_L.png', 'feedback_path_R': 'images/T_open_R.png', 'feedback_path_non': 'images/non-response.png'}
107.5549 	EXP 	feedback_image_1: autoDraw = False
107.5549 	EXP 	Money_text_1: autoDraw = False
107.5549 	EXP 	fixation: autoDraw = True
108.5545 	EXP 	fixation: autoDraw = False
108.5545 	EXP 	two_doors: autoDraw = True
108.9960 	DATA 	Keypress: 4
110.7942 	EXP 	two_doors: autoDraw = False
110.7942 	EXP 	waiting_image_1: image = 'images/waiting_R.png'
110.7942 	EXP 	waiting_image_1: autoDraw = True
112.8045 	EXP 	waiting_image_1: autoDraw = False
112.8045 	EXP 	feedback_image_1: image = 'images/T_open_R.png'
112.8045 	EXP 	Money_text_1: text = 160
112.8045 	EXP 	feedback_image_1: autoDraw = True
112.8045 	EXP 	Money_text_1: autoDraw = True
114.5327 	EXP 	New trial (rep=0, index=12): {'waiting_path_L': 'images/waiting_L.png', 'waiting_path_R': 'images/waiting_R.png', 'waiting_path_non': 'images/waiting_non.png', 'MONEY': 10, 'judgement': 'T', 'feedback_path_L': 'images/T_open_L.png', 'feedback_path_R': 'images/T_open_R.png', 'feedback_path_non': 'images/non-response.png'}
114.5545 	EXP 	feedback_image_1: autoDraw = False
114.5545 	EXP 	Money_text_1: autoDraw = False
114.5545 	EXP 	fixation: autoDraw = True
115.5543 	EXP 	fixation: autoDraw = False
115.5543 	EXP 	two_doors: autoDraw = True
116.0975 	DATA 	Keypress: 3
117.7617 	EXP 	two_doors: autoDraw = False
117.7617 	EXP 	waiting_image_1: image = 'images/waiting_R.png'
117.7617 	EXP 	waiting_image_1: autoDraw = True
119.7874 	EXP 	waiting_image_1: autoDraw = False
119.7874 	EXP 	feedback_image_1: image = 'images/T_open_R.png'
119.7874 	EXP 	Money_text_1: text = 170
119.7874 	EXP 	feedback_image_1: autoDraw = True
119.7874 	EXP 	Money_text_1: autoDraw = True
121.5407 	EXP 	New trial (rep=0, index=13): {'waiting_path_L': 'images/waiting_L.png', 'waiting_path_R': 'images/waiting_R.png', 'waiting_path_non': 'images/waiting_non.png', 'MONEY': -10, 'judgement': 'F', 'feedback_path_L': 'images/F_open_L.png', 'feedback_path_R': 'images/F_open_R.png', 'feedback_path_non': 'images/non-response.png'}
121.5542 	EXP 	feedback_image_1: autoDraw = False
121.5542 	EXP 	Money_text_1: autoDraw = False
121.5542 	EXP 	fixation: autoDraw = True
122.5539 	EXP 	fixation: autoDraw = False
122.5539 	EXP 	two_doors: autoDraw = True
122.8493 	DATA 	Keypress: 2
124.7801 	EXP 	two_doors: autoDraw = False
124.7801 	EXP 	waiting_image_1: image = 'images/waiting_L.png'
124.7801 	EXP 	waiting_image_1: autoDraw = True
126.7725 	EXP 	waiting_image_1: autoDraw = False
126.7725 	EXP 	feedback_image_1: image = 'images/F_open_L.png'
126.7725 	EXP 	Money_text_1: text = 160
126.7725 	EXP 	feedback_image_1: autoDraw = True
126.7725 	EXP 	Money_text_1: autoDraw = True
128.5426 	EXP 	New trial (rep=0, index=14): {'waiting_path_L': 'images/waiting_L.png', 'waiting_path_R': 'images/waiting_R.png', 'waiting_path_non': 'images/waiting_non.png', 'MONEY': 10, 'judgement': 'T', 'feedback_path_L': 'images/T_open_L.png', 'feedback_path_R': 'images/T_open_R.png', 'feedback_path_non': 'images/non-response.png'}
128.5603 	EXP 	feedback_image_1: autoDraw = False
128.5603 	EXP 	Money_text_1: autoDraw = False
128.5603 	EXP 	fixation: autoDraw = True
129.0677 	DATA 	Keypress: 2
129.5540 	EXP 	fixation: autoDraw = False
129.5540 	EXP 	two_doors: autoDraw = True
129.9613 	DATA 	Keypress: 2
131.7578 	EXP 	two_doors: autoDraw = False
131.7578 	EXP 	waiting_image_1: image = 'images/waiting_L.png'
131.7578 	EXP 	waiting_image_1: autoDraw = True
133.7871 	EXP 	waiting_image_1: autoDraw = False
133.7871 	EXP 	feedback_image_1: image = 'images/T_open_L.png'
133.7871 	EXP 	Money_text_1: text = 170
133.7871 	EXP 	feedback_image_1: autoDraw = True
133.7871 	EXP 	Money_text_1: autoDraw = True
135.5406 	EXP 	New trial (rep=0, index=15): {'waiting_path_L': 'images/waiting_L.png', 'waiting_path_R': 'images/waiting_R.png', 'waiting_path_non': 'images/waiting_non.png', 'MONEY': 10, 'judgement': 'T', 'feedback_path_L': 'images/T_open_L.png', 'feedback_path_R': 'images/T_open_R.png', 'feedback_path_non': 'images/non-response.png'}
135.5537 	EXP 	feedback_image_1: autoDraw = False
135.5537 	EXP 	Money_text_1: autoDraw = False
135.5537 	EXP 	fixation: autoDraw = True
136.5537 	EXP 	fixation: autoDraw = False
136.5537 	EXP 	two_doors: autoDraw = True
136.9105 	DATA 	Keypress: 4
138.7753 	EXP 	two_doors: autoDraw = False
138.7753 	EXP 	waiting_image_1: image = 'images/waiting_R.png'
138.7753 	EXP 	waiting_image_1: autoDraw = True
140.8067 	EXP 	waiting_image_1: autoDraw = False
140.8067 	EXP 	feedback_image_1: image = 'images/T_open_R.png'
140.8067 	EXP 	Money_text_1: text = 180
140.8067 	EXP 	feedback_image_1: autoDraw = True
140.8067 	EXP 	Money_text_1: autoDraw = True
142.5319 	EXP 	New trial (rep=0, index=16): {'waiting_path_L': 'images/waiting_L.png', 'waiting_path_R': 'images/waiting_R.png', 'waiting_path_non': 'images/waiting_non.png', 'MONEY': -10, 'judgement': 'F', 'feedback_path_L': 'images/F_open_L.png', 'feedback_path_R': 'images/F_open_R.png', 'feedback_path_non': 'images/non-response.png'}
142.5537 	EXP 	feedback_image_1: autoDraw = False
142.5537 	EXP 	Money_text_1: autoDraw = False
142.5537 	EXP 	fixation: autoDraw = True
143.5543 	EXP 	fixation: autoDraw = False
143.5543 	EXP 	two_doors: autoDraw = True
143.8960 	DATA 	Keypress: 4
145.7706 	EXP 	two_doors: autoDraw = False
145.7706 	EXP 	waiting_image_1: image = 'images/waiting_R.png'
145.7706 	EXP 	waiting_image_1: autoDraw = True
147.8037 	EXP 	waiting_image_1: autoDraw = False
147.8037 	EXP 	feedback_image_1: image = 'images/F_open_R.png'
147.8037 	EXP 	Money_text_1: text = 170
147.8037 	EXP 	feedback_image_1: autoDraw = True
147.8037 	EXP 	Money_text_1: autoDraw = True
149.5645 	EXP 	feedback_image_1: autoDraw = False
149.5645 	EXP 	Money_text_1: autoDraw = False
149.5645 	EXP 	rest_image: autoDraw = True
155.5746 	EXP 	Imported documents\\loop2.xlsx as conditions, 17 conditions, 8 params
155.5750 	EXP 	Created sequence: sequential, trialTypes=17, nReps=1, seed=None
155.5753 	EXP 	New trial (rep=0, index=0): {'waiting_path_L': 'images/waiting_L.png', 'waiting_path_R': 'images/waiting_R.png', 'waiting_path_non': 'images/waiting_non.png', 'MONEY': 10, 'judgement': 'T', 'feedback_path_L': 'images/T_open_L.png', 'feedback_path_R': 'images/T_open_R.png', 'feedback_path_non': 'images/non-response.png'}
155.5874 	EXP 	rest_image: autoDraw = False
155.5874 	EXP 	fixation: autoDraw = True
156.5532 	EXP 	fixation: autoDraw = False
156.5532 	EXP 	two_doors: autoDraw = True
157.0282 	DATA 	Keypress: 2
158.7864 	EXP 	two_doors: autoDraw = False
158.7864 	EXP 	waiting_image_2: image = 'images/waiting_L.png'
158.7864 	EXP 	waiting_image_2: autoDraw = True
160.8531 	EXP 	waiting_image_2: autoDraw = False
160.8531 	EXP 	feedback_image_2: image = 'images/T_open_L.png'
160.8531 	EXP 	Money_text_2: text = 180
160.8531 	EXP 	feedback_image_2: autoDraw = True
160.8531 	EXP 	Money_text_2: autoDraw = True
162.5414 	EXP 	New trial (rep=0, index=1): {'waiting_path_L': 'images/waiting_L.png', 'waiting_path_R': 'images/waiting_R.png', 'waiting_path_non': 'images/waiting_non.png', 'MONEY': 10, 'judgement': 'T', 'feedback_path_L': 'images/T_open_L.png', 'feedback_path_R': 'images/T_open_R.png', 'feedback_path_non': 'images/non-response.png'}
162.5535 	EXP 	feedback_image_2: autoDraw = False
162.5535 	EXP 	Money_text_2: autoDraw = False
162.5535 	EXP 	fixation: autoDraw = True
163.5531 	EXP 	fixation: autoDraw = False
163.5531 	EXP 	two_doors: autoDraw = True
163.9597 	DATA 	Keypress: 3
165.8043 	EXP 	two_doors: autoDraw = False
165.8043 	EXP 	waiting_image_2: image = 'images/waiting_R.png'
165.8043 	EXP 	waiting_image_2: autoDraw = True
167.8028 	EXP 	waiting_image_2: autoDraw = False
167.8028 	EXP 	feedback_image_2: image = 'images/T_open_R.png'
167.8028 	EXP 	Money_text_2: text = 190
167.8028 	EXP 	feedback_image_2: autoDraw = True
167.8028 	EXP 	Money_text_2: autoDraw = True
169.5403 	EXP 	New trial (rep=0, index=2): {'waiting_path_L': 'images/waiting_L.png', 'waiting_path_R': 'images/waiting_R.png', 'waiting_path_non': 'images/waiting_non.png', 'MONEY': -10, 'judgement': 'F', 'feedback_path_L': 'images/F_open_L.png', 'feedback_path_R': 'images/F_open_R.png', 'feedback_path_non': 'images/non-response.png'}
169.5533 	EXP 	feedback_image_2: autoDraw = False
169.5533 	EXP 	Money_text_2: autoDraw = False
169.5533 	EXP 	fixation: autoDraw = True
170.5527 	EXP 	fixation: autoDraw = False
170.5527 	EXP 	two_doors: autoDraw = True
170.9445 	DATA 	Keypress: 1
172.7860 	EXP 	two_doors: autoDraw = False
172.7860 	EXP 	waiting_image_2: image = 'images/waiting_L.png'
172.7860 	EXP 	waiting_image_2: autoDraw = True
174.7860 	EXP 	waiting_image_2: autoDraw = False
174.7860 	EXP 	feedback_image_2: image = 'images/F_open_L.png'
174.7860 	EXP 	Money_text_2: text = 180
174.7860 	EXP 	feedback_image_2: autoDraw = True
174.7860 	EXP 	Money_text_2: autoDraw = True
176.5413 	EXP 	New trial (rep=0, index=3): {'waiting_path_L': 'images/waiting_L.png', 'waiting_path_R': 'images/waiting_R.png', 'waiting_path_non': 'images/waiting_non.png', 'MONEY': -10, 'judgement': 'F', 'feedback_path_L': 'images/F_open_L.png', 'feedback_path_R': 'images/F_open_R.png', 'feedback_path_non': 'images/non-response.png'}
176.5589 	EXP 	feedback_image_2: autoDraw = False
176.5589 	EXP 	Money_text_2: autoDraw = False
176.5589 	EXP 	fixation: autoDraw = True
177.5628 	EXP 	fixation: autoDraw = False
177.5628 	EXP 	two_doors: autoDraw = True
177.9435 	DATA 	Keypress: 2
179.7691 	EXP 	two_doors: autoDraw = False
179.7691 	EXP 	waiting_image_2: image = 'images/waiting_L.png'
179.7691 	EXP 	waiting_image_2: autoDraw = True
181.7784 	EXP 	waiting_image_2: autoDraw = False
181.7784 	EXP 	feedback_image_2: image = 'images/F_open_L.png'
181.7784 	EXP 	Money_text_2: text = 170
181.7784 	EXP 	feedback_image_2: autoDraw = True
181.7784 	EXP 	Money_text_2: autoDraw = True
183.5397 	EXP 	New trial (rep=0, index=4): {'waiting_path_L': 'images/waiting_L.png', 'waiting_path_R': 'images/waiting_R.png', 'waiting_path_non': 'images/waiting_non.png', 'MONEY': 10, 'judgement': 'T', 'feedback_path_L': 'images/T_open_L.png', 'feedback_path_R': 'images/T_open_R.png', 'feedback_path_non': 'images/non-response.png'}
183.5524 	EXP 	feedback_image_2: autoDraw = False
183.5524 	EXP 	Money_text_2: autoDraw = False
183.5524 	EXP 	fixation: autoDraw = True
184.5525 	EXP 	fixation: autoDraw = False
184.5525 	EXP 	two_doors: autoDraw = True
184.9274 	DATA 	Keypress: 4
186.7573 	EXP 	two_doors: autoDraw = False
186.7573 	EXP 	waiting_image_2: image = 'images/waiting_R.png'
186.7573 	EXP 	waiting_image_2: autoDraw = True
188.7905 	EXP 	waiting_image_2: autoDraw = False
188.7905 	EXP 	feedback_image_2: image = 'images/T_open_R.png'
188.7905 	EXP 	Money_text_2: text = 180
188.7905 	EXP 	feedback_image_2: autoDraw = True
188.7905 	EXP 	Money_text_2: autoDraw = True
190.5368 	EXP 	New trial (rep=0, index=5): {'waiting_path_L': 'images/waiting_L.png', 'waiting_path_R': 'images/waiting_R.png', 'waiting_path_non': 'images/waiting_non.png', 'MONEY': -10, 'judgement': 'F', 'feedback_path_L': 'images/F_open_L.png', 'feedback_path_R': 'images/F_open_R.png', 'feedback_path_non': 'images/non-response.png'}
190.5523 	EXP 	feedback_image_2: autoDraw = False
190.5523 	EXP 	Money_text_2: autoDraw = False
190.5523 	EXP 	fixation: autoDraw = True
191.5522 	EXP 	fixation: autoDraw = False
191.5522 	EXP 	two_doors: autoDraw = True
191.8255 	DATA 	Keypress: 2
193.8188 	EXP 	two_doors: autoDraw = False
193.8188 	EXP 	waiting_image_2: image = 'images/waiting_L.png'
193.8188 	EXP 	waiting_image_2: autoDraw = True
195.8518 	EXP 	waiting_image_2: autoDraw = False
195.8518 	EXP 	feedback_image_2: image = 'images/F_open_L.png'
195.8518 	EXP 	Money_text_2: text = 170
195.8518 	EXP 	feedback_image_2: autoDraw = True
195.8518 	EXP 	Money_text_2: autoDraw = True
197.5370 	EXP 	New trial (rep=0, index=6): {'waiting_path_L': 'images/waiting_L.png', 'waiting_path_R': 'images/waiting_R.png', 'waiting_path_non': 'images/waiting_non.png', 'MONEY': -10, 'judgement': 'F', 'feedback_path_L': 'images/F_open_L.png', 'feedback_path_R': 'images/F_open_R.png', 'feedback_path_non': 'images/non-response.png'}
197.5520 	EXP 	feedback_image_2: autoDraw = False
197.5520 	EXP 	Money_text_2: autoDraw = False
197.5520 	EXP 	fixation: autoDraw = True
198.5520 	EXP 	fixation: autoDraw = False
198.5520 	EXP 	two_doors: autoDraw = True
198.9740 	DATA 	Keypress: 4
200.7968 	EXP 	two_doors: autoDraw = False
200.7968 	EXP 	waiting_image_2: image = 'images/waiting_R.png'
200.7968 	EXP 	waiting_image_2: autoDraw = True
202.8018 	EXP 	waiting_image_2: autoDraw = False
202.8018 	EXP 	feedback_image_2: image = 'images/F_open_R.png'
202.8018 	EXP 	Money_text_2: text = 160
202.8018 	EXP 	feedback_image_2: autoDraw = True
202.8018 	EXP 	Money_text_2: autoDraw = True
204.5408 	EXP 	New trial (rep=0, index=7): {'waiting_path_L': 'images/waiting_L.png', 'waiting_path_R': 'images/waiting_R.png', 'waiting_path_non': 'images/waiting_non.png', 'MONEY': 10, 'judgement': 'T', 'feedback_path_L': 'images/T_open_L.png', 'feedback_path_R': 'images/T_open_R.png', 'feedback_path_non': 'images/non-response.png'}
204.5582 	EXP 	feedback_image_2: autoDraw = False
204.5582 	EXP 	Money_text_2: autoDraw = False
204.5582 	EXP 	fixation: autoDraw = True
205.5620 	EXP 	fixation: autoDraw = False
205.5620 	EXP 	two_doors: autoDraw = True
205.9758 	DATA 	Keypress: 2
207.7725 	EXP 	two_doors: autoDraw = False
207.7725 	EXP 	waiting_image_2: image = 'images/waiting_L.png'
207.7725 	EXP 	waiting_image_2: autoDraw = True
209.7870 	EXP 	waiting_image_2: autoDraw = False
209.7870 	EXP 	feedback_image_2: image = 'images/T_open_L.png'
209.7870 	EXP 	Money_text_2: text = 170
209.7870 	EXP 	feedback_image_2: autoDraw = True
209.7870 	EXP 	Money_text_2: autoDraw = True
211.5377 	EXP 	New trial (rep=0, index=8): {'waiting_path_L': 'images/waiting_L.png', 'waiting_path_R': 'images/waiting_R.png', 'waiting_path_non': 'images/waiting_non.png', 'MONEY': -10, 'judgement': 'F', 'feedback_path_L': 'images/F_open_L.png', 'feedback_path_R': 'images/F_open_R.png', 'feedback_path_non': 'images/non-response.png'}
211.5517 	EXP 	feedback_image_2: autoDraw = False
211.5517 	EXP 	Money_text_2: autoDraw = False
211.5517 	EXP 	fixation: autoDraw = True
212.5517 	EXP 	fixation: autoDraw = False
212.5517 	EXP 	two_doors: autoDraw = True
213.3621 	DATA 	Keypress: 1
214.8179 	EXP 	two_doors: autoDraw = False
214.8179 	EXP 	waiting_image_2: image = 'images/waiting_L.png'
214.8179 	EXP 	waiting_image_2: autoDraw = True
216.7848 	EXP 	waiting_image_2: autoDraw = False
216.7848 	EXP 	feedback_image_2: image = 'images/F_open_L.png'
216.7848 	EXP 	Money_text_2: text = 160
216.7848 	EXP 	feedback_image_2: autoDraw = True
216.7848 	EXP 	Money_text_2: autoDraw = True
218.5369 	EXP 	New trial (rep=0, index=9): {'waiting_path_L': 'images/waiting_L.png', 'waiting_path_R': 'images/waiting_R.png', 'waiting_path_non': 'images/waiting_non.png', 'MONEY': -10, 'judgement': 'F', 'feedback_path_L': 'images/F_open_L.png', 'feedback_path_R': 'images/F_open_R.png', 'feedback_path_non': 'images/non-response.png'}
218.5514 	EXP 	feedback_image_2: autoDraw = False
218.5514 	EXP 	Money_text_2: autoDraw = False
218.5514 	EXP 	fixation: autoDraw = True
219.5514 	EXP 	fixation: autoDraw = False
219.5514 	EXP 	two_doors: autoDraw = True
219.9942 	DATA 	Keypress: 4
221.7516 	EXP 	two_doors: autoDraw = False
221.7516 	EXP 	waiting_image_2: image = 'images/waiting_R.png'
221.7516 	EXP 	waiting_image_2: autoDraw = True
223.7689 	EXP 	waiting_image_2: autoDraw = False
223.7689 	EXP 	feedback_image_2: image = 'images/F_open_R.png'
223.7689 	EXP 	Money_text_2: text = 150
223.7689 	EXP 	feedback_image_2: autoDraw = True
223.7689 	EXP 	Money_text_2: autoDraw = True
225.5380 	EXP 	New trial (rep=0, index=10): {'waiting_path_L': 'images/waiting_L.png', 'waiting_path_R': 'images/waiting_R.png', 'waiting_path_non': 'images/waiting_non.png', 'MONEY': -10, 'judgement': 'F', 'feedback_path_L': 'images/F_open_L.png', 'feedback_path_R': 'images/F_open_R.png', 'feedback_path_non': 'images/non-response.png'}
225.5519 	EXP 	feedback_image_2: autoDraw = False
225.5519 	EXP 	Money_text_2: autoDraw = False
225.5519 	EXP 	fixation: autoDraw = True
226.5512 	EXP 	fixation: autoDraw = False
226.5512 	EXP 	two_doors: autoDraw = True
227.0917 	DATA 	Keypress: 2
228.7745 	EXP 	two_doors: autoDraw = False
228.7745 	EXP 	waiting_image_2: image = 'images/waiting_L.png'
228.7745 	EXP 	waiting_image_2: autoDraw = True
230.7760 	EXP 	waiting_image_2: autoDraw = False
230.7760 	EXP 	feedback_image_2: image = 'images/F_open_L.png'
230.7760 	EXP 	Money_text_2: text = 140
230.7760 	EXP 	feedback_image_2: autoDraw = True
230.7760 	EXP 	Money_text_2: autoDraw = True
232.5461 	EXP 	New trial (rep=0, index=11): {'waiting_path_L': 'images/waiting_L.png', 'waiting_path_R': 'images/waiting_R.png', 'waiting_path_non': 'images/waiting_non.png', 'MONEY': -10, 'judgement': 'F', 'feedback_path_L': 'images/F_open_L.png', 'feedback_path_R': 'images/F_open_R.png', 'feedback_path_non': 'images/non-response.png'}
232.5680 	EXP 	feedback_image_2: autoDraw = False
232.5680 	EXP 	Money_text_2: autoDraw = False
232.5680 	EXP 	fixation: autoDraw = True
233.5529 	EXP 	fixation: autoDraw = False
233.5529 	EXP 	two_doors: autoDraw = True
233.9669 	DATA 	Keypress: 4
235.7543 	EXP 	two_doors: autoDraw = False
235.7543 	EXP 	waiting_image_2: image = 'images/waiting_R.png'
235.7543 	EXP 	waiting_image_2: autoDraw = True
237.7732 	EXP 	waiting_image_2: autoDraw = False
237.7732 	EXP 	feedback_image_2: image = 'images/F_open_R.png'
237.7732 	EXP 	Money_text_2: text = 130
237.7732 	EXP 	feedback_image_2: autoDraw = True
237.7732 	EXP 	Money_text_2: autoDraw = True
239.5359 	EXP 	New trial (rep=0, index=12): {'waiting_path_L': 'images/waiting_L.png', 'waiting_path_R': 'images/waiting_R.png', 'waiting_path_non': 'images/waiting_non.png', 'MONEY': -10, 'judgement': 'F', 'feedback_path_L': 'images/F_open_L.png', 'feedback_path_R': 'images/F_open_R.png', 'feedback_path_non': 'images/non-response.png'}
239.5508 	EXP 	feedback_image_2: autoDraw = False
239.5508 	EXP 	Money_text_2: autoDraw = False
239.5508 	EXP 	fixation: autoDraw = True
240.5508 	EXP 	fixation: autoDraw = False
240.5508 	EXP 	two_doors: autoDraw = True
240.9097 	DATA 	Keypress: 2
242.7558 	EXP 	two_doors: autoDraw = False
242.7558 	EXP 	waiting_image_2: image = 'images/waiting_L.png'
242.7558 	EXP 	waiting_image_2: autoDraw = True
244.7680 	EXP 	waiting_image_2: autoDraw = False
244.7680 	EXP 	feedback_image_2: image = 'images/F_open_L.png'
244.7680 	EXP 	Money_text_2: text = 120
244.7680 	EXP 	feedback_image_2: autoDraw = True
244.7680 	EXP 	Money_text_2: autoDraw = True
246.5358 	EXP 	New trial (rep=0, index=13): {'waiting_path_L': 'images/waiting_L.png', 'waiting_path_R': 'images/waiting_R.png', 'waiting_path_non': 'images/waiting_non.png', 'MONEY': -10, 'judgement': 'F', 'feedback_path_L': 'images/F_open_L.png', 'feedback_path_R': 'images/F_open_R.png', 'feedback_path_non': 'images/non-response.png'}
246.5507 	EXP 	feedback_image_2: autoDraw = False
246.5507 	EXP 	Money_text_2: autoDraw = False
246.5507 	EXP 	fixation: autoDraw = True
247.5507 	EXP 	fixation: autoDraw = False
247.5507 	EXP 	two_doors: autoDraw = True
247.9084 	DATA 	Keypress: 4
249.7839 	EXP 	two_doors: autoDraw = False
249.7839 	EXP 	waiting_image_2: image = 'images/waiting_R.png'
249.7839 	EXP 	waiting_image_2: autoDraw = True
251.7932 	EXP 	waiting_image_2: autoDraw = False
251.7932 	EXP 	feedback_image_2: image = 'images/F_open_R.png'
251.7932 	EXP 	Money_text_2: text = 110
251.7932 	EXP 	feedback_image_2: autoDraw = True
251.7932 	EXP 	Money_text_2: autoDraw = True
253.5364 	EXP 	New trial (rep=0, index=14): {'waiting_path_L': 'images/waiting_L.png', 'waiting_path_R': 'images/waiting_R.png', 'waiting_path_non': 'images/waiting_non.png', 'MONEY': -10, 'judgement': 'F', 'feedback_path_L': 'images/F_open_L.png', 'feedback_path_R': 'images/F_open_R.png', 'feedback_path_non': 'images/non-response.png'}
253.5504 	EXP 	feedback_image_2: autoDraw = False
253.5504 	EXP 	Money_text_2: autoDraw = False
253.5504 	EXP 	fixation: autoDraw = True
254.5505 	EXP 	fixation: autoDraw = False
254.5505 	EXP 	two_doors: autoDraw = True
254.9283 	DATA 	Keypress: 2
256.7512 	EXP 	two_doors: autoDraw = False
256.7512 	EXP 	waiting_image_2: image = 'images/waiting_L.png'
256.7512 	EXP 	waiting_image_2: autoDraw = True
258.7870 	EXP 	waiting_image_2: autoDraw = False
258.7870 	EXP 	feedback_image_2: image = 'images/F_open_L.png'
258.7870 	EXP 	Money_text_2: text = 100
258.7870 	EXP 	feedback_image_2: autoDraw = True
258.7870 	EXP 	Money_text_2: autoDraw = True
260.5359 	EXP 	New trial (rep=0, index=15): {'waiting_path_L': 'images/waiting_L.png', 'waiting_path_R': 'images/waiting_R.png', 'waiting_path_non': 'images/waiting_non.png', 'MONEY': 10, 'judgement': 'T', 'feedback_path_L': 'images/T_open_L.png', 'feedback_path_R': 'images/T_open_R.png', 'feedback_path_non': 'images/non-response.png'}
260.5503 	EXP 	feedback_image_2: autoDraw = False
260.5503 	EXP 	Money_text_2: autoDraw = False
260.5503 	EXP 	fixation: autoDraw = True
261.5503 	EXP 	fixation: autoDraw = False
261.5503 	EXP 	two_doors: autoDraw = True
262.0072 	DATA 	Keypress: 4
263.7519 	EXP 	two_doors: autoDraw = False
263.7519 	EXP 	waiting_image_2: image = 'images/waiting_R.png'
263.7519 	EXP 	waiting_image_2: autoDraw = True
265.7834 	EXP 	waiting_image_2: autoDraw = False
265.7834 	EXP 	feedback_image_2: image = 'images/T_open_R.png'
265.7834 	EXP 	Money_text_2: text = 110
265.7834 	EXP 	feedback_image_2: autoDraw = True
265.7834 	EXP 	Money_text_2: autoDraw = True
267.5375 	EXP 	New trial (rep=0, index=16): {'waiting_path_L': 'images/waiting_L.png', 'waiting_path_R': 'images/waiting_R.png', 'waiting_path_non': 'images/waiting_non.png', 'MONEY': -10, 'judgement': 'F', 'feedback_path_L': 'images/F_open_L.png', 'feedback_path_R': 'images/F_open_R.png', 'feedback_path_non': 'images/non-response.png'}
267.5500 	EXP 	feedback_image_2: autoDraw = False
267.5500 	EXP 	Money_text_2: autoDraw = False
267.5500 	EXP 	fixation: autoDraw = True
268.5503 	EXP 	fixation: autoDraw = False
268.5503 	EXP 	two_doors: autoDraw = True
268.9584 	DATA 	Keypress: 2
270.7502 	EXP 	two_doors: autoDraw = False
270.7502 	EXP 	waiting_image_2: image = 'images/waiting_L.png'
270.7502 	EXP 	waiting_image_2: autoDraw = True
272.7700 	EXP 	waiting_image_2: autoDraw = False
272.7700 	EXP 	feedback_image_2: image = 'images/F_open_L.png'
272.7700 	EXP 	Money_text_2: text = 100
272.7700 	EXP 	feedback_image_2: autoDraw = True
272.7700 	EXP 	Money_text_2: autoDraw = True
274.6178 	EXP 	feedback_image_2: autoDraw = False
274.6178 	EXP 	Money_text_2: autoDraw = False
274.6178 	EXP 	end_image: autoDraw = True
280.5498 	EXP 	end_image: autoDraw = False
280.6991 	EXP 	window1: mouseVisible = True
