2.1927 	WARNING 	We strongly recommend you activate the PTB sound engine in PsychoPy prefs as the preferred audio engine. Its timing is vastly superior. Your prefs are currently set to use ['sounddevice', 'PTB', 'pyo', 'pygame'] (in that order).
16.7432 	WARNING 	User requested fullscreen with size [2560 1440], but screen is actually [3840, 2160]. Using actual size
22.4031 	EXP 	Created window1 = Window(allowGUI=True, allowStencil=False, autoLog=True, backendConf=UNKNOWN, bitsMode=UNKNOWN, blendMode='avg', bpc=(8, 8, 8), color=array([0, 0, 0]), colorSpace='rgb', depthBits=8, fullscr=<method-wrapper '__getattribute__' of attributeSetter object at 0x000001B5CFF3A040>, gamma=None, gammaErrorPolicy='raise', lms=UNKNOWN, monitor=<psychopy.monitors.calibTools.Monitor object at 0x000001B5D18DB580>, multiSample=False, name='window1', numSamples=2, pos=(0, 0), screen=1, size=array([3840, 2160]), stencilBits=0, stereo=False, units='height', useFBO=True, useRetina=False, viewOri=0.0, viewPos=None, viewScale=None, waitBlanking=True, winType='pyglet')
22.4041 	EXP 	window1: mouseVisible = True
22.4045 	EXP 	window1: mouseVisible = False
22.4045 	EXP 	window1: Attempting to measure frame rate of screen (1) ...
22.4046 	EXP 	window1: recordFrameIntervals = False
22.7358 	EXP 	window1: recordFrameIntervals = True
23.1041 	EXP 	Screen (1) actual frame rate measured at 29.96Hz
23.1043 	EXP 	window1: recordFrameIntervals = False
26.4136 	EXP 	Created intro_image1 = ImageStim(__class__=<class 'psychopy.visual.image.ImageStim'>, anchor=('center', 'center'), autoLog=True, color=array([1, 1, 1]), colorSpace='rgb', contrast=1.0, depth=0.0, flipHoriz=False, flipVert=False, image='images/introduce1.png', interpolate=True, mask=None, maskParams=None, name='intro_image1', opacity=1.0, ori=0.0, pos=array([0., 0.]), size=array([1.5  , 0.556]), texRes=128.0, units='height', win=Window(...))
27.0676 	EXP 	Created intro_image2 = ImageStim(__class__=<class 'psychopy.visual.image.ImageStim'>, anchor=('center', 'center'), autoLog=True, color=array([1, 1, 1]), colorSpace='rgb', contrast=1.0, depth=0.0, flipHoriz=False, flipVert=False, image='images/introduce2.png', interpolate=True, mask=None, maskParams=None, name='intro_image2', opacity=1.0, ori=0.0, pos=array([0., 0.]), size=array([1.5  , 0.556]), texRes=128.0, units='height', win=Window(...))
27.9064 	EXP 	Created intro_image3 = ImageStim(__class__=<class 'psychopy.visual.image.ImageStim'>, anchor=('center', 'center'), autoLog=True, color=array([1, 1, 1]), colorSpace='rgb', contrast=1.0, depth=0.0, flipHoriz=False, flipVert=False, image='images/introduce3.png', interpolate=True, mask=None, maskParams=None, name='intro_image3', opacity=1.0, ori=0.0, pos=array([0., 0.]), size=array([1.5  , 0.556]), texRes=128.0, units='height', win=Window(...))
28.4407 	EXP 	Created intro_image4 = ImageStim(__class__=<class 'psychopy.visual.image.ImageStim'>, anchor=('center', 'center'), autoLog=True, color=array([1, 1, 1]), colorSpace='rgb', contrast=1.0, depth=0.0, flipHoriz=False, flipVert=False, image='images/introduce4.png', interpolate=True, mask=None, maskParams=None, name='intro_image4', opacity=1.0, ori=0.0, pos=array([0., 0.]), size=array([1.5  , 0.556]), texRes=128.0, units='height', win=Window(...))
28.7655 	EXP 	Created trigger = TextStim(__class__=<class 'psychopy.visual.text.TextStim'>, alignHoriz=method-wrapper(...), alignText='center', alignVert=method-wrapper(...), anchorHoriz='center', anchorVert='center', antialias=True, autoDraw=False, autoLog=True, bold=False, color=array([ 1, -1, -1]), colorSpace='rgb', contrast=1.0, depth=0.0, flipHoriz=False, flipVert=False, font='Open Sans', fontFiles=[], height=0.1, italic=False, languageStyle='LTR', name='trigger', opacity=1.0, ori=0.0, pos=array([0., 0.]), rgb=UNKNOWN, text='"等待医师开始扫描"', units='height', win=Window(...), wrapWidth=1)
28.7665 	EXP 	Created NULLtext = TextStim(__class__=<class 'psychopy.visual.text.TextStim'>, alignHoriz=method-wrapper(...), alignText='center', alignVert=method-wrapper(...), anchorHoriz='center', anchorVert='center', antialias=True, autoDraw=False, autoLog=True, bold=False, color=array([1, 1, 1]), colorSpace='rgb', contrast=1.0, depth=0.0, flipHoriz=False, flipVert=False, font='Open Sans', fontFiles=[], height=0.1, italic=False, languageStyle='LTR', name='NULLtext', opacity=1.0, ori=0.0, pos=array([0., 0.]), rgb=UNKNOWN, text='', units='height', win=Window(...), wrapWidth=1)
28.7715 	EXP 	Created fixation = ShapeStim(__class__=<class 'psychopy.visual.shape.ShapeStim'>, anchor=('center', 'center'), autoDraw=False, autoLog=True, closeShape=True, color=method-wrapper(...), colorSpace='rgb', contrast=None, depth=0.0, fillColor=array([1, 1, 1]), fillColorSpace='rgb', fillRGB=array([1, 1, 1]), interpolate=True, lineColor=array([1, 1, 1]), lineColorSpace='rgb', lineRGB=array([1, 1, 1]), lineWidth=1.0, name='fixation', opacity=1.0, ori=0.0, pos=array([0., 0.]), size=array([0.1, 0.1]), units='height', vertices=ndarray(...), win=Window(...), windingRule=None)
30.3158 	EXP 	Created two_doors = ImageStim(__class__=<class 'psychopy.visual.image.ImageStim'>, anchor=('center', 'center'), autoLog=True, color=array([1, 1, 1]), colorSpace='rgb', contrast=1.0, depth=0.0, flipHoriz=False, flipVert=False, image='images/two_door.png', interpolate=True, mask=None, maskParams=None, name='two_doors', opacity=1.0, ori=0.0, pos=array([0., 0.]), size=array([1.5  , 0.653]), texRes=128.0, units='height', win=Window(...))
30.3356 	EXP 	Created waiting_image_1 = ImageStim(__class__=<class 'psychopy.visual.image.ImageStim'>, anchor=('center', 'center'), autoLog=True, color=array([1, 1, 1]), colorSpace='rgb', contrast=1.0, depth=-1.0, flipHoriz=False, flipVert=False, image='sin', interpolate=True, mask=None, maskParams=None, name='waiting_image_1', opacity=1.0, ori=0.0, pos=array([0., 0.]), size=array([1.5  , 0.653]), texRes=128.0, units='height', win=Window(...))
30.3543 	EXP 	Created feedback_image_1 = ImageStim(__class__=<class 'psychopy.visual.image.ImageStim'>, anchor=('center', 'center'), autoLog=True, color=array([1, 1, 1]), colorSpace='rgb', contrast=1.0, depth=-1.0, flipHoriz=False, flipVert=False, image='sin', interpolate=True, mask=None, maskParams=None, name='feedback_image_1', opacity=1.0, ori=0.0, pos=array([0., 0.]), size=array([1.5  , 0.653]), texRes=128.0, units='height', win=Window(...))
30.3583 	EXP 	Created Money_text_1 = TextStim(__class__=<class 'psychopy.visual.text.TextStim'>, alignHoriz=method-wrapper(...), alignText='center', alignVert=method-wrapper(...), anchorHoriz='center', anchorVert='center', antialias=True, autoDraw=False, autoLog=True, bold=False, color=array([ 1, -1, -1]), colorSpace='rgb', contrast=1.0, depth=-2.0, flipHoriz=False, flipVert=False, font='Open Sans', fontFiles=[], height=0.05, italic=False, languageStyle='LTR', name='Money_text_1', opacity=1.0, ori=0.0, pos=array([ 0.13 , -0.095]), rgb=UNKNOWN, text='', units='height', win=Window(...), wrapWidth=1)
30.5259 	EXP 	Created rest_image = ImageStim(__class__=<class 'psychopy.visual.image.ImageStim'>, anchor=('center', 'center'), autoLog=True, color=array([1, 1, 1]), colorSpace='rgb', contrast=1.0, depth=0.0, flipHoriz=False, flipVert=False, image='images/resting.png', interpolate=True, mask=None, maskParams=None, name='rest_image', opacity=1.0, ori=0.0, pos=array([0., 0.]), size=array([1.5  , 0.332]), texRes=128.0, units='height', win=Window(...))
30.5301 	EXP 	Created fixation = ShapeStim(__class__=<class 'psychopy.visual.shape.ShapeStim'>, anchor=('center', 'center'), autoDraw=False, autoLog=True, closeShape=True, color=method-wrapper(...), colorSpace='rgb', contrast=None, depth=0.0, fillColor=array([1, 1, 1]), fillColorSpace='rgb', fillRGB=array([1, 1, 1]), interpolate=True, lineColor=array([1, 1, 1]), lineColorSpace='rgb', lineRGB=array([1, 1, 1]), lineWidth=1.0, name='fixation', opacity=1.0, ori=0.0, pos=array([0., 0.]), size=array([0.1, 0.1]), units='height', vertices=ndarray(...), win=Window(...), windingRule=None)
32.7809 	EXP 	Created two_doors = ImageStim(__class__=<class 'psychopy.visual.image.ImageStim'>, anchor=('center', 'center'), autoLog=True, color=array([1, 1, 1]), colorSpace='rgb', contrast=1.0, depth=0.0, flipHoriz=False, flipVert=False, image='images/two_door.png', interpolate=True, mask=None, maskParams=None, name='two_doors', opacity=1.0, ori=0.0, pos=array([0., 0.]), size=array([1.5  , 0.653]), texRes=128.0, units='height', win=Window(...))
32.7866 	EXP 	Created waiting_image_2 = ImageStim(__class__=<class 'psychopy.visual.image.ImageStim'>, anchor=('center', 'center'), autoLog=True, color=array([1, 1, 1]), colorSpace='rgb', contrast=1.0, depth=-1.0, flipHoriz=False, flipVert=False, image='sin', interpolate=True, mask=None, maskParams=None, name='waiting_image_2', opacity=1.0, ori=0.0, pos=array([0., 0.]), size=array([1.5  , 0.653]), texRes=128.0, units='height', win=Window(...))
32.7910 	EXP 	Created feedback_image_2 = ImageStim(__class__=<class 'psychopy.visual.image.ImageStim'>, anchor=('center', 'center'), autoLog=True, color=array([1, 1, 1]), colorSpace='rgb', contrast=1.0, depth=-1.0, flipHoriz=False, flipVert=False, image='sin', interpolate=True, mask=None, maskParams=None, name='feedback_image_2', opacity=1.0, ori=0.0, pos=array([0., 0.]), size=array([1.5  , 0.653]), texRes=128.0, units='height', win=Window(...))
32.7942 	EXP 	Created Money_text_2 = TextStim(__class__=<class 'psychopy.visual.text.TextStim'>, alignHoriz=method-wrapper(...), alignText='center', alignVert=method-wrapper(...), anchorHoriz='center', anchorVert='center', antialias=True, autoDraw=False, autoLog=True, bold=False, color=array([ 1, -1, -1]), colorSpace='rgb', contrast=1.0, depth=-2.0, flipHoriz=False, flipVert=False, font='Open Sans', fontFiles=[], height=0.05, italic=False, languageStyle='LTR', name='Money_text_2', opacity=1.0, ori=0.0, pos=array([ 0.13 , -0.095]), rgb=UNKNOWN, text='', units='height', win=Window(...), wrapWidth=1)
33.1435 	EXP 	Created end_image = ImageStim(__class__=<class 'psychopy.visual.image.ImageStim'>, anchor=('center', 'center'), autoLog=True, color=array([1, 1, 1]), colorSpace='rgb', contrast=1.0, depth=0.0, flipHoriz=False, flipVert=False, image='images/ending.png', interpolate=True, mask=None, maskParams=None, name='end_image', opacity=1.0, ori=0.0, pos=array([0., 0.]), size=array([1.5  , 0.542]), texRes=128.0, units='height', win=Window(...))
33.3730 	EXP 	intro_image1: autoDraw = True
36.9254 	DATA 	Mouse: Left button down, pos=(1098,1434)
37.0368 	DATA 	Mouse:  Left button up, pos=(1098,1434)
39.7663 	DATA 	Keypress: 1
39.8055 	EXP 	intro_image1: autoDraw = False
39.8055 	EXP 	intro_image2: autoDraw = True
40.4342 	DATA 	Keypress: 2
40.4725 	EXP 	intro_image2: autoDraw = False
40.4725 	EXP 	intro_image3: autoDraw = True
41.0975 	DATA 	Keypress: 3
41.1368 	EXP 	intro_image3: autoDraw = False
41.1368 	EXP 	intro_image4: autoDraw = True
42.2757 	DATA 	Keypress: 4
42.2985 	EXP 	intro_image4: autoDraw = False
42.2985 	EXP 	trigger: autoDraw = True
43.5466 	EXP 	trigger: autoDraw = False
43.5466 	EXP 	NULLtext: autoDraw = True
47.4727 	EXP 	Imported documents/loop1.xlsx as conditions, 17 conditions, 8 params
47.4782 	EXP 	Created sequence: sequential, trialTypes=17, nReps=1, seed=None
47.4789 	EXP 	New trial (rep=0, index=0): {'waiting_path_L': 'images/waiting_L.png', 'waiting_path_R': 'images/waiting_R.png', 'waiting_path_non': 'images/waiting_non.png', 'MONEY': 10, 'judgement': 'T', 'feedback_path_L': 'images/T_open_L.png', 'feedback_path_R': 'images/T_open_R.png', 'feedback_path_non': 'images/non-response.png'}
47.4918 	EXP 	NULLtext: autoDraw = False
47.4918 	EXP 	fixation: autoDraw = True
48.4922 	EXP 	fixation: autoDraw = False
48.4922 	EXP 	two_doors: autoDraw = True
49.2359 	DATA 	Keypress: 1
50.7708 	EXP 	two_doors: autoDraw = False
50.7708 	EXP 	waiting_image_1: image = 'images/waiting_L.png'
50.7708 	EXP 	waiting_image_1: autoDraw = True
51.2240 	DATA 	Keypress: lshift
52.7349 	EXP 	waiting_image_1: autoDraw = False
52.7349 	EXP 	feedback_image_1: image = 'images/T_open_L.png'
52.7349 	EXP 	Money_text_1: height = 0.05
52.7349 	EXP 	Money_text_1: height = 0.05
52.7349 	EXP 	Money_text_1: height = 0.05
52.7349 	EXP 	Money_text_1: text = 110
52.7349 	EXP 	feedback_image_1: autoDraw = True
52.7349 	EXP 	Money_text_1: autoDraw = True
54.4334 	EXP 	New trial (rep=0, index=1): {'waiting_path_L': 'images/waiting_L.png', 'waiting_path_R': 'images/waiting_R.png', 'waiting_path_non': 'images/waiting_non.png', 'MONEY': -10, 'judgement': 'F', 'feedback_path_L': 'images/F_open_L.png', 'feedback_path_R': 'images/F_open_R.png', 'feedback_path_non': 'images/non-response.png'}
54.4472 	EXP 	feedback_image_1: autoDraw = False
54.4472 	EXP 	Money_text_1: autoDraw = False
54.4472 	EXP 	fixation: autoDraw = True
55.4665 	EXP 	fixation: autoDraw = False
55.4665 	EXP 	two_doors: autoDraw = True
55.8790 	DATA 	Keypress: 2
57.6125 	EXP 	two_doors: autoDraw = False
57.6125 	EXP 	waiting_image_1: image = 'images/waiting_L.png'
57.6125 	EXP 	waiting_image_1: autoDraw = True
59.6667 	EXP 	waiting_image_1: autoDraw = False
59.6667 	EXP 	feedback_image_1: image = 'images/F_open_L.png'
59.6667 	EXP 	Money_text_1: height = 0.05
59.6667 	EXP 	Money_text_1: height = 0.05
59.6667 	EXP 	Money_text_1: height = 0.05
59.6667 	EXP 	Money_text_1: text = 100
59.6667 	EXP 	feedback_image_1: autoDraw = True
59.6667 	EXP 	Money_text_1: autoDraw = True
61.4119 	EXP 	New trial (rep=0, index=2): {'waiting_path_L': 'images/waiting_L.png', 'waiting_path_R': 'images/waiting_R.png', 'waiting_path_non': 'images/waiting_non.png', 'MONEY': 10, 'judgement': 'T', 'feedback_path_L': 'images/T_open_L.png', 'feedback_path_R': 'images/T_open_R.png', 'feedback_path_non': 'images/non-response.png'}
61.4454 	EXP 	feedback_image_1: autoDraw = False
61.4454 	EXP 	Money_text_1: autoDraw = False
61.4454 	EXP 	fixation: autoDraw = True
61.8836 	DATA 	Keypress: 3
62.4540 	EXP 	fixation: autoDraw = False
62.4540 	EXP 	two_doors: autoDraw = True
62.8439 	DATA 	Keypress: 3
64.6120 	EXP 	two_doors: autoDraw = False
64.6120 	EXP 	waiting_image_1: image = 'images/waiting_R.png'
64.6120 	EXP 	waiting_image_1: autoDraw = True
66.6927 	EXP 	waiting_image_1: autoDraw = False
66.6927 	EXP 	feedback_image_1: image = 'images/T_open_R.png'
66.6927 	EXP 	Money_text_1: height = 0.05
66.6927 	EXP 	Money_text_1: height = 0.05
66.6927 	EXP 	Money_text_1: height = 0.05
66.6927 	EXP 	Money_text_1: text = 110
66.6927 	EXP 	feedback_image_1: autoDraw = True
66.6927 	EXP 	Money_text_1: autoDraw = True
68.4101 	EXP 	New trial (rep=0, index=3): {'waiting_path_L': 'images/waiting_L.png', 'waiting_path_R': 'images/waiting_R.png', 'waiting_path_non': 'images/waiting_non.png', 'MONEY': 10, 'judgement': 'T', 'feedback_path_L': 'images/T_open_L.png', 'feedback_path_R': 'images/T_open_R.png', 'feedback_path_non': 'images/non-response.png'}
68.4362 	EXP 	feedback_image_1: autoDraw = False
68.4362 	EXP 	Money_text_1: autoDraw = False
68.4362 	EXP 	fixation: autoDraw = True
69.4419 	EXP 	fixation: autoDraw = False
69.4419 	EXP 	two_doors: autoDraw = True
69.8453 	DATA 	Keypress: 4
71.6326 	EXP 	two_doors: autoDraw = False
71.6326 	EXP 	waiting_image_1: image = 'images/waiting_R.png'
71.6326 	EXP 	waiting_image_1: autoDraw = True
73.6695 	EXP 	waiting_image_1: autoDraw = False
73.6695 	EXP 	feedback_image_1: image = 'images/T_open_R.png'
73.6695 	EXP 	Money_text_1: height = 0.05
73.6695 	EXP 	Money_text_1: height = 0.05
73.6695 	EXP 	Money_text_1: height = 0.05
73.6695 	EXP 	Money_text_1: text = 120
73.6695 	EXP 	feedback_image_1: autoDraw = True
73.6695 	EXP 	Money_text_1: autoDraw = True
75.4190 	EXP 	New trial (rep=0, index=4): {'waiting_path_L': 'images/waiting_L.png', 'waiting_path_R': 'images/waiting_R.png', 'waiting_path_non': 'images/waiting_non.png', 'MONEY': 10, 'judgement': 'T', 'feedback_path_L': 'images/T_open_L.png', 'feedback_path_R': 'images/T_open_R.png', 'feedback_path_non': 'images/non-response.png'}
75.4525 	EXP 	feedback_image_1: autoDraw = False
75.4525 	EXP 	Money_text_1: autoDraw = False
75.4525 	EXP 	fixation: autoDraw = True
76.4611 	EXP 	fixation: autoDraw = False
76.4611 	EXP 	two_doors: autoDraw = True
77.2711 	DATA 	Keypress: 1
78.6191 	EXP 	two_doors: autoDraw = False
78.6191 	EXP 	waiting_image_1: image = 'images/waiting_L.png'
78.6191 	EXP 	waiting_image_1: autoDraw = True
80.6358 	EXP 	waiting_image_1: autoDraw = False
80.6358 	EXP 	feedback_image_1: image = 'images/T_open_L.png'
80.6358 	EXP 	Money_text_1: height = 0.05
80.6358 	EXP 	Money_text_1: height = 0.05
80.6358 	EXP 	Money_text_1: height = 0.05
80.6358 	EXP 	Money_text_1: text = 130
80.6358 	EXP 	feedback_image_1: autoDraw = True
80.6358 	EXP 	Money_text_1: autoDraw = True
82.4227 	EXP 	New trial (rep=0, index=5): {'waiting_path_L': 'images/waiting_L.png', 'waiting_path_R': 'images/waiting_R.png', 'waiting_path_non': 'images/waiting_non.png', 'MONEY': -10, 'judgement': 'F', 'feedback_path_L': 'images/F_open_L.png', 'feedback_path_R': 'images/F_open_R.png', 'feedback_path_non': 'images/non-response.png'}
82.4719 	EXP 	feedback_image_1: autoDraw = False
82.4719 	EXP 	Money_text_1: autoDraw = False
82.4719 	EXP 	fixation: autoDraw = True
83.4479 	EXP 	fixation: autoDraw = False
83.4479 	EXP 	two_doors: autoDraw = True
83.8940 	DATA 	Keypress: 2
85.6248 	EXP 	two_doors: autoDraw = False
85.6248 	EXP 	waiting_image_1: image = 'images/waiting_L.png'
85.6248 	EXP 	waiting_image_1: autoDraw = True
87.6210 	EXP 	waiting_image_1: autoDraw = False
87.6210 	EXP 	feedback_image_1: image = 'images/F_open_L.png'
87.6210 	EXP 	Money_text_1: height = 0.05
87.6210 	EXP 	Money_text_1: height = 0.05
87.6210 	EXP 	Money_text_1: height = 0.05
87.6210 	EXP 	Money_text_1: text = 120
87.6210 	EXP 	feedback_image_1: autoDraw = True
87.6210 	EXP 	Money_text_1: autoDraw = True
89.4279 	EXP 	New trial (rep=0, index=6): {'waiting_path_L': 'images/waiting_L.png', 'waiting_path_R': 'images/waiting_R.png', 'waiting_path_non': 'images/waiting_non.png', 'MONEY': 10, 'judgement': 'T', 'feedback_path_L': 'images/T_open_L.png', 'feedback_path_R': 'images/T_open_R.png', 'feedback_path_non': 'images/non-response.png'}
89.4412 	EXP 	feedback_image_1: autoDraw = False
89.4412 	EXP 	Money_text_1: autoDraw = False
89.4412 	EXP 	fixation: autoDraw = True
90.4657 	EXP 	fixation: autoDraw = False
90.4657 	EXP 	two_doors: autoDraw = True
90.8536 	DATA 	Keypress: 3
92.6083 	EXP 	two_doors: autoDraw = False
92.6083 	EXP 	waiting_image_1: image = 'images/waiting_R.png'
92.6083 	EXP 	waiting_image_1: autoDraw = True
94.6521 	EXP 	waiting_image_1: autoDraw = False
94.6521 	EXP 	feedback_image_1: image = 'images/T_open_R.png'
94.6521 	EXP 	Money_text_1: height = 0.05
94.6521 	EXP 	Money_text_1: height = 0.05
94.6521 	EXP 	Money_text_1: height = 0.05
94.6521 	EXP 	Money_text_1: text = 130
94.6521 	EXP 	feedback_image_1: autoDraw = True
94.6521 	EXP 	Money_text_1: autoDraw = True
96.4191 	EXP 	New trial (rep=0, index=7): {'waiting_path_L': 'images/waiting_L.png', 'waiting_path_R': 'images/waiting_R.png', 'waiting_path_non': 'images/waiting_non.png', 'MONEY': 10, 'judgement': 'T', 'feedback_path_L': 'images/T_open_L.png', 'feedback_path_R': 'images/T_open_R.png', 'feedback_path_non': 'images/non-response.png'}
96.4342 	EXP 	feedback_image_1: autoDraw = False
96.4342 	EXP 	Money_text_1: autoDraw = False
96.4342 	EXP 	fixation: autoDraw = True
97.4526 	EXP 	fixation: autoDraw = False
97.4526 	EXP 	two_doors: autoDraw = True
97.8181 	DATA 	Keypress: 4
99.6234 	EXP 	two_doors: autoDraw = False
99.6234 	EXP 	waiting_image_1: image = 'images/waiting_R.png'
99.6234 	EXP 	waiting_image_1: autoDraw = True
101.6210 	EXP 	waiting_image_1: autoDraw = False
101.6210 	EXP 	feedback_image_1: image = 'images/T_open_R.png'
101.6210 	EXP 	Money_text_1: height = 0.05
101.6210 	EXP 	Money_text_1: height = 0.05
101.6210 	EXP 	Money_text_1: height = 0.05
101.6210 	EXP 	Money_text_1: text = 140
101.6210 	EXP 	feedback_image_1: autoDraw = True
101.6210 	EXP 	Money_text_1: autoDraw = True
103.4347 	EXP 	New trial (rep=0, index=8): {'waiting_path_L': 'images/waiting_L.png', 'waiting_path_R': 'images/waiting_R.png', 'waiting_path_non': 'images/waiting_non.png', 'MONEY': -10, 'judgement': 'F', 'feedback_path_L': 'images/F_open_L.png', 'feedback_path_R': 'images/F_open_R.png', 'feedback_path_non': 'images/non-response.png'}
103.4486 	EXP 	feedback_image_1: autoDraw = False
103.4486 	EXP 	Money_text_1: autoDraw = False
103.4486 	EXP 	fixation: autoDraw = True
104.4389 	EXP 	fixation: autoDraw = False
104.4389 	EXP 	two_doors: autoDraw = True
104.8473 	DATA 	Keypress: 1
106.6375 	EXP 	two_doors: autoDraw = False
106.6375 	EXP 	waiting_image_1: image = 'images/waiting_L.png'
106.6375 	EXP 	waiting_image_1: autoDraw = True
108.6680 	EXP 	waiting_image_1: autoDraw = False
108.6680 	EXP 	feedback_image_1: image = 'images/F_open_L.png'
108.6680 	EXP 	Money_text_1: height = 0.05
108.6680 	EXP 	Money_text_1: height = 0.05
108.6680 	EXP 	Money_text_1: height = 0.05
108.6680 	EXP 	Money_text_1: text = 130
108.6680 	EXP 	feedback_image_1: autoDraw = True
108.6680 	EXP 	Money_text_1: autoDraw = True
110.4075 	EXP 	New trial (rep=0, index=9): {'waiting_path_L': 'images/waiting_L.png', 'waiting_path_R': 'images/waiting_R.png', 'waiting_path_non': 'images/waiting_non.png', 'MONEY': 10, 'judgement': 'T', 'feedback_path_L': 'images/T_open_L.png', 'feedback_path_R': 'images/T_open_R.png', 'feedback_path_non': 'images/non-response.png'}
110.4419 	EXP 	feedback_image_1: autoDraw = False
110.4419 	EXP 	Money_text_1: autoDraw = False
110.4419 	EXP 	fixation: autoDraw = True
111.4604 	EXP 	fixation: autoDraw = False
111.4604 	EXP 	two_doors: autoDraw = True
111.8232 	DATA 	Keypress: 2
113.6401 	EXP 	two_doors: autoDraw = False
113.6401 	EXP 	waiting_image_1: image = 'images/waiting_L.png'
113.6401 	EXP 	waiting_image_1: autoDraw = True
115.6687 	EXP 	waiting_image_1: autoDraw = False
115.6687 	EXP 	feedback_image_1: image = 'images/T_open_L.png'
115.6687 	EXP 	Money_text_1: height = 0.05
115.6687 	EXP 	Money_text_1: height = 0.05
115.6687 	EXP 	Money_text_1: height = 0.05
115.6687 	EXP 	Money_text_1: text = 140
115.6687 	EXP 	feedback_image_1: autoDraw = True
115.6687 	EXP 	Money_text_1: autoDraw = True
117.4161 	EXP 	New trial (rep=0, index=10): {'waiting_path_L': 'images/waiting_L.png', 'waiting_path_R': 'images/waiting_R.png', 'waiting_path_non': 'images/waiting_non.png', 'MONEY': 10, 'judgement': 'T', 'feedback_path_L': 'images/T_open_L.png', 'feedback_path_R': 'images/T_open_R.png', 'feedback_path_non': 'images/non-response.png'}
117.4377 	EXP 	feedback_image_1: autoDraw = False
117.4377 	EXP 	Money_text_1: autoDraw = False
117.4377 	EXP 	fixation: autoDraw = True
118.4449 	EXP 	fixation: autoDraw = False
118.4449 	EXP 	two_doors: autoDraw = True
118.8933 	DATA 	Keypress: 3
120.6160 	EXP 	two_doors: autoDraw = False
120.6160 	EXP 	waiting_image_1: image = 'images/waiting_R.png'
120.6160 	EXP 	waiting_image_1: autoDraw = True
122.6333 	EXP 	waiting_image_1: autoDraw = False
122.6333 	EXP 	feedback_image_1: image = 'images/T_open_R.png'
122.6333 	EXP 	Money_text_1: height = 0.05
122.6333 	EXP 	Money_text_1: height = 0.05
122.6333 	EXP 	Money_text_1: height = 0.05
122.6333 	EXP 	Money_text_1: text = 150
122.6333 	EXP 	feedback_image_1: autoDraw = True
122.6333 	EXP 	Money_text_1: autoDraw = True
124.4365 	EXP 	New trial (rep=0, index=11): {'waiting_path_L': 'images/waiting_L.png', 'waiting_path_R': 'images/waiting_R.png', 'waiting_path_non': 'images/waiting_non.png', 'MONEY': 10, 'judgement': 'T', 'feedback_path_L': 'images/T_open_L.png', 'feedback_path_R': 'images/T_open_R.png', 'feedback_path_non': 'images/non-response.png'}
124.4589 	EXP 	feedback_image_1: autoDraw = False
124.4589 	EXP 	Money_text_1: autoDraw = False
124.4589 	EXP 	fixation: autoDraw = True
125.4636 	EXP 	fixation: autoDraw = False
125.4636 	EXP 	two_doors: autoDraw = True
126.1010 	DATA 	Keypress: 1
127.6093 	EXP 	two_doors: autoDraw = False
127.6093 	EXP 	waiting_image_1: image = 'images/waiting_L.png'
127.6093 	EXP 	waiting_image_1: autoDraw = True
129.6473 	EXP 	waiting_image_1: autoDraw = False
129.6473 	EXP 	feedback_image_1: image = 'images/T_open_L.png'
129.6473 	EXP 	Money_text_1: height = 0.05
129.6473 	EXP 	Money_text_1: height = 0.05
129.6473 	EXP 	Money_text_1: height = 0.05
129.6473 	EXP 	Money_text_1: text = 160
129.6473 	EXP 	feedback_image_1: autoDraw = True
129.6473 	EXP 	Money_text_1: autoDraw = True
131.4169 	EXP 	New trial (rep=0, index=12): {'waiting_path_L': 'images/waiting_L.png', 'waiting_path_R': 'images/waiting_R.png', 'waiting_path_non': 'images/waiting_non.png', 'MONEY': 10, 'judgement': 'T', 'feedback_path_L': 'images/T_open_L.png', 'feedback_path_R': 'images/T_open_R.png', 'feedback_path_non': 'images/non-response.png'}
131.4436 	EXP 	feedback_image_1: autoDraw = False
131.4436 	EXP 	Money_text_1: autoDraw = False
131.4436 	EXP 	fixation: autoDraw = True
132.4155 	DATA 	Keypress: 2
132.4520 	EXP 	fixation: autoDraw = False
132.4520 	EXP 	two_doors: autoDraw = True
132.9701 	DATA 	Keypress: 2
134.6244 	EXP 	two_doors: autoDraw = False
134.6244 	EXP 	waiting_image_1: image = 'images/waiting_L.png'
134.6244 	EXP 	waiting_image_1: autoDraw = True
136.6424 	EXP 	waiting_image_1: autoDraw = False
136.6424 	EXP 	feedback_image_1: image = 'images/T_open_L.png'
136.6424 	EXP 	Money_text_1: height = 0.05
136.6424 	EXP 	Money_text_1: height = 0.05
136.6424 	EXP 	Money_text_1: height = 0.05
136.6424 	EXP 	Money_text_1: text = 170
136.6424 	EXP 	feedback_image_1: autoDraw = True
136.6424 	EXP 	Money_text_1: autoDraw = True
138.4077 	EXP 	New trial (rep=0, index=13): {'waiting_path_L': 'images/waiting_L.png', 'waiting_path_R': 'images/waiting_R.png', 'waiting_path_non': 'images/waiting_non.png', 'MONEY': -10, 'judgement': 'F', 'feedback_path_L': 'images/F_open_L.png', 'feedback_path_R': 'images/F_open_R.png', 'feedback_path_non': 'images/non-response.png'}
138.4295 	EXP 	feedback_image_1: autoDraw = False
138.4295 	EXP 	Money_text_1: autoDraw = False
138.4295 	EXP 	fixation: autoDraw = True
139.4385 	EXP 	fixation: autoDraw = False
139.4385 	EXP 	two_doors: autoDraw = True
140.0749 	DATA 	Keypress: 3
141.6118 	EXP 	two_doors: autoDraw = False
141.6118 	EXP 	waiting_image_1: image = 'images/waiting_R.png'
141.6118 	EXP 	waiting_image_1: autoDraw = True
143.6824 	EXP 	waiting_image_1: autoDraw = False
143.6824 	EXP 	feedback_image_1: image = 'images/F_open_R.png'
143.6824 	EXP 	Money_text_1: height = 0.05
143.6824 	EXP 	Money_text_1: height = 0.05
143.6824 	EXP 	Money_text_1: height = 0.05
143.6824 	EXP 	Money_text_1: text = 160
143.6824 	EXP 	feedback_image_1: autoDraw = True
143.6824 	EXP 	Money_text_1: autoDraw = True
145.4104 	EXP 	New trial (rep=0, index=14): {'waiting_path_L': 'images/waiting_L.png', 'waiting_path_R': 'images/waiting_R.png', 'waiting_path_non': 'images/waiting_non.png', 'MONEY': 10, 'judgement': 'T', 'feedback_path_L': 'images/T_open_L.png', 'feedback_path_R': 'images/T_open_R.png', 'feedback_path_non': 'images/non-response.png'}
145.4239 	EXP 	feedback_image_1: autoDraw = False
145.4239 	EXP 	Money_text_1: autoDraw = False
145.4239 	EXP 	fixation: autoDraw = True
146.4598 	EXP 	fixation: autoDraw = False
146.4598 	EXP 	two_doors: autoDraw = True
147.1892 	DATA 	Keypress: 1
148.6274 	EXP 	two_doors: autoDraw = False
148.6274 	EXP 	waiting_image_1: image = 'images/waiting_L.png'
148.6274 	EXP 	waiting_image_1: autoDraw = True
150.6171 	EXP 	waiting_image_1: autoDraw = False
150.6171 	EXP 	feedback_image_1: image = 'images/T_open_L.png'
150.6171 	EXP 	Money_text_1: height = 0.05
150.6171 	EXP 	Money_text_1: height = 0.05
150.6171 	EXP 	Money_text_1: height = 0.05
150.6171 	EXP 	Money_text_1: text = 170
150.6171 	EXP 	feedback_image_1: autoDraw = True
150.6171 	EXP 	Money_text_1: autoDraw = True
152.4023 	EXP 	New trial (rep=0, index=15): {'waiting_path_L': 'images/waiting_L.png', 'waiting_path_R': 'images/waiting_R.png', 'waiting_path_non': 'images/waiting_non.png', 'MONEY': 10, 'judgement': 'T', 'feedback_path_L': 'images/T_open_L.png', 'feedback_path_R': 'images/T_open_R.png', 'feedback_path_non': 'images/non-response.png'}
152.4351 	EXP 	feedback_image_1: autoDraw = False
152.4351 	EXP 	Money_text_1: autoDraw = False
152.4351 	EXP 	fixation: autoDraw = True
153.4435 	EXP 	fixation: autoDraw = False
153.4435 	EXP 	two_doors: autoDraw = True
154.0552 	DATA 	Keypress: 2
155.6235 	EXP 	two_doors: autoDraw = False
155.6235 	EXP 	waiting_image_1: image = 'images/waiting_L.png'
155.6235 	EXP 	waiting_image_1: autoDraw = True
157.6702 	EXP 	waiting_image_1: autoDraw = False
157.6702 	EXP 	feedback_image_1: image = 'images/T_open_L.png'
157.6702 	EXP 	Money_text_1: height = 0.05
157.6702 	EXP 	Money_text_1: height = 0.05
157.6702 	EXP 	Money_text_1: height = 0.05
157.6702 	EXP 	Money_text_1: text = 180
157.6702 	EXP 	feedback_image_1: autoDraw = True
157.6702 	EXP 	Money_text_1: autoDraw = True
159.4259 	EXP 	New trial (rep=0, index=16): {'waiting_path_L': 'images/waiting_L.png', 'waiting_path_R': 'images/waiting_R.png', 'waiting_path_non': 'images/waiting_non.png', 'MONEY': -10, 'judgement': 'F', 'feedback_path_L': 'images/F_open_L.png', 'feedback_path_R': 'images/F_open_R.png', 'feedback_path_non': 'images/non-response.png'}
159.4407 	EXP 	feedback_image_1: autoDraw = False
159.4407 	EXP 	Money_text_1: autoDraw = False
159.4407 	EXP 	fixation: autoDraw = True
160.4628 	EXP 	fixation: autoDraw = False
160.4628 	EXP 	two_doors: autoDraw = True
160.9981 	DATA 	Keypress: 3
162.6323 	EXP 	two_doors: autoDraw = False
162.6323 	EXP 	waiting_image_1: image = 'images/waiting_R.png'
162.6323 	EXP 	waiting_image_1: autoDraw = True
164.6397 	EXP 	waiting_image_1: autoDraw = False
164.6397 	EXP 	feedback_image_1: image = 'images/F_open_R.png'
164.6397 	EXP 	Money_text_1: height = 0.05
164.6397 	EXP 	Money_text_1: height = 0.05
164.6397 	EXP 	Money_text_1: height = 0.05
164.6397 	EXP 	Money_text_1: text = 170
164.6397 	EXP 	feedback_image_1: autoDraw = True
164.6397 	EXP 	Money_text_1: autoDraw = True
166.4538 	EXP 	feedback_image_1: autoDraw = False
166.4538 	EXP 	Money_text_1: autoDraw = False
166.4538 	EXP 	rest_image: autoDraw = True
172.4666 	EXP 	Imported documents/loop2.xlsx as conditions, 17 conditions, 8 params
172.4670 	EXP 	Created sequence: sequential, trialTypes=17, nReps=1, seed=None
172.4673 	EXP 	New trial (rep=0, index=0): {'waiting_path_L': 'images/waiting_L.png', 'waiting_path_R': 'images/waiting_R.png', 'waiting_path_non': 'images/waiting_non.png', 'MONEY': 10, 'judgement': 'T', 'feedback_path_L': 'images/T_open_L.png', 'feedback_path_R': 'images/T_open_R.png', 'feedback_path_non': 'images/non-response.png'}
172.4822 	EXP 	rest_image: autoDraw = False
172.4822 	EXP 	fixation: autoDraw = True
173.4665 	EXP 	fixation: autoDraw = False
173.4665 	EXP 	two_doors: autoDraw = True
174.0761 	DATA 	Keypress: 2
175.6794 	EXP 	two_doors: autoDraw = False
175.6794 	EXP 	waiting_image_2: image = 'images/waiting_L.png'
175.6794 	EXP 	waiting_image_2: autoDraw = True
177.6475 	EXP 	waiting_image_2: autoDraw = False
177.6475 	EXP 	feedback_image_2: image = 'images/T_open_L.png'
177.6475 	EXP 	Money_text_2: height = 0.05
177.6475 	EXP 	Money_text_2: height = 0.05
177.6475 	EXP 	Money_text_2: height = 0.05
177.6475 	EXP 	Money_text_2: text = 180
177.6475 	EXP 	feedback_image_2: autoDraw = True
177.6475 	EXP 	Money_text_2: autoDraw = True
179.4106 	EXP 	New trial (rep=0, index=1): {'waiting_path_L': 'images/waiting_L.png', 'waiting_path_R': 'images/waiting_R.png', 'waiting_path_non': 'images/waiting_non.png', 'MONEY': 10, 'judgement': 'T', 'feedback_path_L': 'images/T_open_L.png', 'feedback_path_R': 'images/T_open_R.png', 'feedback_path_non': 'images/non-response.png'}
179.4439 	EXP 	feedback_image_2: autoDraw = False
179.4439 	EXP 	Money_text_2: autoDraw = False
179.4439 	EXP 	fixation: autoDraw = True
180.4527 	EXP 	fixation: autoDraw = False
180.4527 	EXP 	two_doors: autoDraw = True
181.0357 	DATA 	Keypress: 3
182.6328 	EXP 	two_doors: autoDraw = False
182.6328 	EXP 	waiting_image_2: image = 'images/waiting_R.png'
182.6328 	EXP 	waiting_image_2: autoDraw = True
184.6541 	EXP 	waiting_image_2: autoDraw = False
184.6541 	EXP 	feedback_image_2: image = 'images/T_open_R.png'
184.6541 	EXP 	Money_text_2: height = 0.05
184.6541 	EXP 	Money_text_2: height = 0.05
184.6541 	EXP 	Money_text_2: height = 0.05
184.6541 	EXP 	Money_text_2: text = 190
184.6541 	EXP 	feedback_image_2: autoDraw = True
184.6541 	EXP 	Money_text_2: autoDraw = True
186.4169 	EXP 	New trial (rep=0, index=2): {'waiting_path_L': 'images/waiting_L.png', 'waiting_path_R': 'images/waiting_R.png', 'waiting_path_non': 'images/waiting_non.png', 'MONEY': -10, 'judgement': 'F', 'feedback_path_L': 'images/F_open_L.png', 'feedback_path_R': 'images/F_open_R.png', 'feedback_path_non': 'images/non-response.png'}
186.4375 	EXP 	feedback_image_2: autoDraw = False
186.4375 	EXP 	Money_text_2: autoDraw = False
186.4375 	EXP 	fixation: autoDraw = True
187.4394 	EXP 	fixation: autoDraw = False
187.4394 	EXP 	two_doors: autoDraw = True
187.8550 	DATA 	Keypress: 3
189.6327 	EXP 	two_doors: autoDraw = False
189.6327 	EXP 	waiting_image_2: image = 'images/waiting_R.png'
189.6327 	EXP 	waiting_image_2: autoDraw = True
191.6646 	EXP 	waiting_image_2: autoDraw = False
191.6646 	EXP 	feedback_image_2: image = 'images/F_open_R.png'
191.6646 	EXP 	Money_text_2: height = 0.05
191.6646 	EXP 	Money_text_2: height = 0.05
191.6646 	EXP 	Money_text_2: height = 0.05
191.6646 	EXP 	Money_text_2: text = 180
191.6646 	EXP 	feedback_image_2: autoDraw = True
191.6646 	EXP 	Money_text_2: autoDraw = True
193.4314 	EXP 	New trial (rep=0, index=3): {'waiting_path_L': 'images/waiting_L.png', 'waiting_path_R': 'images/waiting_R.png', 'waiting_path_non': 'images/waiting_non.png', 'MONEY': -10, 'judgement': 'F', 'feedback_path_L': 'images/F_open_L.png', 'feedback_path_R': 'images/F_open_R.png', 'feedback_path_non': 'images/non-response.png'}
193.4542 	EXP 	feedback_image_2: autoDraw = False
193.4542 	EXP 	Money_text_2: autoDraw = False
193.4542 	EXP 	fixation: autoDraw = True
194.4578 	EXP 	fixation: autoDraw = False
194.4578 	EXP 	two_doors: autoDraw = True
195.3100 	DATA 	Keypress: 2
196.6484 	EXP 	two_doors: autoDraw = False
196.6484 	EXP 	waiting_image_2: image = 'images/waiting_L.png'
196.6484 	EXP 	waiting_image_2: autoDraw = True
198.6221 	EXP 	waiting_image_2: autoDraw = False
198.6221 	EXP 	feedback_image_2: image = 'images/F_open_L.png'
198.6221 	EXP 	Money_text_2: height = 0.05
198.6221 	EXP 	Money_text_2: height = 0.05
198.6221 	EXP 	Money_text_2: height = 0.05
198.6221 	EXP 	Money_text_2: text = 170
198.6221 	EXP 	feedback_image_2: autoDraw = True
198.6221 	EXP 	Money_text_2: autoDraw = True
200.4120 	EXP 	New trial (rep=0, index=4): {'waiting_path_L': 'images/waiting_L.png', 'waiting_path_R': 'images/waiting_R.png', 'waiting_path_non': 'images/waiting_non.png', 'MONEY': 10, 'judgement': 'T', 'feedback_path_L': 'images/T_open_L.png', 'feedback_path_R': 'images/T_open_R.png', 'feedback_path_non': 'images/non-response.png'}
200.4367 	EXP 	feedback_image_2: autoDraw = False
200.4367 	EXP 	Money_text_2: autoDraw = False
200.4367 	EXP 	fixation: autoDraw = True
201.4468 	EXP 	fixation: autoDraw = False
201.4468 	EXP 	two_doors: autoDraw = True
202.0223 	DATA 	Keypress: 3
203.6454 	EXP 	two_doors: autoDraw = False
203.6454 	EXP 	waiting_image_2: image = 'images/waiting_R.png'
203.6454 	EXP 	waiting_image_2: autoDraw = True
205.6290 	EXP 	waiting_image_2: autoDraw = False
205.6290 	EXP 	feedback_image_2: image = 'images/T_open_R.png'
205.6290 	EXP 	Money_text_2: height = 0.05
205.6290 	EXP 	Money_text_2: height = 0.05
205.6290 	EXP 	Money_text_2: height = 0.05
205.6290 	EXP 	Money_text_2: text = 180
205.6290 	EXP 	feedback_image_2: autoDraw = True
205.6290 	EXP 	Money_text_2: autoDraw = True
207.4001 	EXP 	New trial (rep=0, index=5): {'waiting_path_L': 'images/waiting_L.png', 'waiting_path_R': 'images/waiting_R.png', 'waiting_path_non': 'images/waiting_non.png', 'MONEY': -10, 'judgement': 'F', 'feedback_path_L': 'images/F_open_L.png', 'feedback_path_R': 'images/F_open_R.png', 'feedback_path_non': 'images/non-response.png'}
207.4238 	EXP 	feedback_image_2: autoDraw = False
207.4238 	EXP 	Money_text_2: autoDraw = False
207.4238 	EXP 	fixation: autoDraw = True
208.4305 	EXP 	fixation: autoDraw = False
208.4305 	EXP 	fixation: autoDraw = False
208.4305 	EXP 	two_doors: autoDraw = True
208.9014 	DATA 	Keypress: 1
210.6201 	EXP 	two_doors: autoDraw = False
210.6201 	EXP 	waiting_image_2: image = 'images/waiting_L.png'
210.6201 	EXP 	waiting_image_2: autoDraw = True
212.6494 	EXP 	waiting_image_2: autoDraw = False
212.6494 	EXP 	feedback_image_2: image = 'images/F_open_L.png'
212.6494 	EXP 	Money_text_2: height = 0.05
212.6494 	EXP 	Money_text_2: height = 0.05
212.6494 	EXP 	Money_text_2: height = 0.05
212.6494 	EXP 	Money_text_2: text = 170
212.6494 	EXP 	feedback_image_2: autoDraw = True
212.6494 	EXP 	Money_text_2: autoDraw = True
214.4227 	EXP 	New trial (rep=0, index=6): {'waiting_path_L': 'images/waiting_L.png', 'waiting_path_R': 'images/waiting_R.png', 'waiting_path_non': 'images/waiting_non.png', 'MONEY': -10, 'judgement': 'F', 'feedback_path_L': 'images/F_open_L.png', 'feedback_path_R': 'images/F_open_R.png', 'feedback_path_non': 'images/non-response.png'}
214.4466 	EXP 	feedback_image_2: autoDraw = False
214.4466 	EXP 	Money_text_2: autoDraw = False
214.4466 	EXP 	fixation: autoDraw = True
215.4513 	EXP 	fixation: autoDraw = False
215.4513 	EXP 	two_doors: autoDraw = True
216.2224 	DATA 	Keypress: 3
217.6191 	EXP 	two_doors: autoDraw = False
217.6191 	EXP 	waiting_image_2: image = 'images/waiting_R.png'
217.6191 	EXP 	waiting_image_2: autoDraw = True
219.6370 	EXP 	waiting_image_2: autoDraw = False
219.6370 	EXP 	feedback_image_2: image = 'images/F_open_R.png'
219.6370 	EXP 	Money_text_2: height = 0.05
219.6370 	EXP 	Money_text_2: height = 0.05
219.6370 	EXP 	Money_text_2: height = 0.05
219.6370 	EXP 	Money_text_2: text = 160
219.6370 	EXP 	feedback_image_2: autoDraw = True
219.6370 	EXP 	Money_text_2: autoDraw = True
221.4294 	EXP 	New trial (rep=0, index=7): {'waiting_path_L': 'images/waiting_L.png', 'waiting_path_R': 'images/waiting_R.png', 'waiting_path_non': 'images/waiting_non.png', 'MONEY': 10, 'judgement': 'T', 'feedback_path_L': 'images/T_open_L.png', 'feedback_path_R': 'images/T_open_R.png', 'feedback_path_non': 'images/non-response.png'}
221.4629 	EXP 	feedback_image_2: autoDraw = False
221.4629 	EXP 	Money_text_2: autoDraw = False
221.4629 	EXP 	fixation: autoDraw = True
222.4376 	EXP 	fixation: autoDraw = False
222.4376 	EXP 	two_doors: autoDraw = True
222.8442 	DATA 	Keypress: 2
224.6293 	EXP 	two_doors: autoDraw = False
224.6293 	EXP 	waiting_image_2: image = 'images/waiting_L.png'
224.6293 	EXP 	waiting_image_2: autoDraw = True
226.6677 	EXP 	waiting_image_2: autoDraw = False
226.6677 	EXP 	feedback_image_2: image = 'images/T_open_L.png'
226.6677 	EXP 	Money_text_2: height = 0.05
226.6677 	EXP 	Money_text_2: height = 0.05
226.6677 	EXP 	Money_text_2: height = 0.05
226.6677 	EXP 	Money_text_2: text = 170
226.6677 	EXP 	feedback_image_2: autoDraw = True
226.6677 	EXP 	Money_text_2: autoDraw = True
228.4205 	EXP 	New trial (rep=0, index=8): {'waiting_path_L': 'images/waiting_L.png', 'waiting_path_R': 'images/waiting_R.png', 'waiting_path_non': 'images/waiting_non.png', 'MONEY': -10, 'judgement': 'F', 'feedback_path_L': 'images/F_open_L.png', 'feedback_path_R': 'images/F_open_R.png', 'feedback_path_non': 'images/non-response.png'}
228.4493 	EXP 	feedback_image_2: autoDraw = False
228.4493 	EXP 	Money_text_2: autoDraw = False
228.4493 	EXP 	fixation: autoDraw = True
229.4582 	EXP 	fixation: autoDraw = False
229.4582 	EXP 	two_doors: autoDraw = True
230.0217 	DATA 	Keypress: 3
231.6059 	EXP 	two_doors: autoDraw = False
231.6059 	EXP 	waiting_image_2: image = 'images/waiting_R.png'
231.6059 	EXP 	waiting_image_2: autoDraw = True
233.6652 	EXP 	waiting_image_2: autoDraw = False
233.6652 	EXP 	feedback_image_2: image = 'images/F_open_R.png'
233.6652 	EXP 	Money_text_2: height = 0.05
233.6652 	EXP 	Money_text_2: height = 0.05
233.6652 	EXP 	Money_text_2: height = 0.05
233.6652 	EXP 	Money_text_2: text = 160
233.6652 	EXP 	feedback_image_2: autoDraw = True
233.6652 	EXP 	Money_text_2: autoDraw = True
235.4180 	EXP 	New trial (rep=0, index=9): {'waiting_path_L': 'images/waiting_L.png', 'waiting_path_R': 'images/waiting_R.png', 'waiting_path_non': 'images/waiting_non.png', 'MONEY': -10, 'judgement': 'F', 'feedback_path_L': 'images/F_open_L.png', 'feedback_path_R': 'images/F_open_R.png', 'feedback_path_non': 'images/non-response.png'}
235.4390 	EXP 	feedback_image_2: autoDraw = False
235.4390 	EXP 	Money_text_2: autoDraw = False
235.4390 	EXP 	fixation: autoDraw = True
236.4421 	EXP 	fixation: autoDraw = False
236.4421 	EXP 	two_doors: autoDraw = True
236.8983 	DATA 	Keypress: 1
238.6122 	EXP 	two_doors: autoDraw = False
238.6122 	EXP 	waiting_image_2: image = 'images/waiting_L.png'
238.6122 	EXP 	waiting_image_2: autoDraw = True
240.6611 	EXP 	waiting_image_2: autoDraw = False
240.6611 	EXP 	feedback_image_2: image = 'images/F_open_L.png'
240.6611 	EXP 	Money_text_2: height = 0.05
240.6611 	EXP 	Money_text_2: height = 0.05
240.6611 	EXP 	Money_text_2: height = 0.05
240.6611 	EXP 	Money_text_2: text = 150
240.6611 	EXP 	feedback_image_2: autoDraw = True
240.6611 	EXP 	Money_text_2: autoDraw = True
242.4035 	EXP 	New trial (rep=0, index=10): {'waiting_path_L': 'images/waiting_L.png', 'waiting_path_R': 'images/waiting_R.png', 'waiting_path_non': 'images/waiting_non.png', 'MONEY': -10, 'judgement': 'F', 'feedback_path_L': 'images/F_open_L.png', 'feedback_path_R': 'images/F_open_R.png', 'feedback_path_non': 'images/non-response.png'}
242.4256 	EXP 	feedback_image_2: autoDraw = False
242.4256 	EXP 	Money_text_2: autoDraw = False
242.4256 	EXP 	fixation: autoDraw = True
243.4622 	EXP 	fixation: autoDraw = False
243.4622 	EXP 	two_doors: autoDraw = True
244.2585 	DATA 	Keypress: 3
245.6334 	EXP 	two_doors: autoDraw = False
245.6334 	EXP 	waiting_image_2: image = 'images/waiting_R.png'
245.6334 	EXP 	waiting_image_2: autoDraw = True
247.6168 	EXP 	waiting_image_2: autoDraw = False
247.6168 	EXP 	feedback_image_2: image = 'images/F_open_R.png'
247.6168 	EXP 	Money_text_2: height = 0.05
247.6168 	EXP 	Money_text_2: height = 0.05
247.6168 	EXP 	Money_text_2: height = 0.05
247.6168 	EXP 	Money_text_2: text = 140
247.6168 	EXP 	feedback_image_2: autoDraw = True
247.6168 	EXP 	Money_text_2: autoDraw = True
249.4273 	EXP 	New trial (rep=0, index=11): {'waiting_path_L': 'images/waiting_L.png', 'waiting_path_R': 'images/waiting_R.png', 'waiting_path_non': 'images/waiting_non.png', 'MONEY': -10, 'judgement': 'F', 'feedback_path_L': 'images/F_open_L.png', 'feedback_path_R': 'images/F_open_R.png', 'feedback_path_non': 'images/non-response.png'}
249.4743 	EXP 	feedback_image_2: autoDraw = False
249.4743 	EXP 	Money_text_2: autoDraw = False
249.4743 	EXP 	fixation: autoDraw = True
250.4486 	EXP 	fixation: autoDraw = False
250.4486 	EXP 	two_doors: autoDraw = True
250.8961 	DATA 	Keypress: 2
252.6391 	EXP 	two_doors: autoDraw = False
252.6391 	EXP 	waiting_image_2: image = 'images/waiting_L.png'
252.6391 	EXP 	waiting_image_2: autoDraw = True
254.6529 	EXP 	waiting_image_2: autoDraw = False
254.6529 	EXP 	feedback_image_2: image = 'images/F_open_L.png'
254.6529 	EXP 	Money_text_2: height = 0.05
254.6529 	EXP 	Money_text_2: height = 0.05
254.6529 	EXP 	Money_text_2: height = 0.05
254.6529 	EXP 	Money_text_2: text = 130
254.6529 	EXP 	feedback_image_2: autoDraw = True
254.6529 	EXP 	Money_text_2: autoDraw = True
256.4316 	EXP 	New trial (rep=0, index=12): {'waiting_path_L': 'images/waiting_L.png', 'waiting_path_R': 'images/waiting_R.png', 'waiting_path_non': 'images/waiting_non.png', 'MONEY': -10, 'judgement': 'F', 'feedback_path_L': 'images/F_open_L.png', 'feedback_path_R': 'images/F_open_R.png', 'feedback_path_non': 'images/non-response.png'}
256.4448 	EXP 	feedback_image_2: autoDraw = False
256.4448 	EXP 	Money_text_2: autoDraw = False
256.4448 	EXP 	fixation: autoDraw = True
257.4388 	EXP 	fixation: autoDraw = False
257.4388 	EXP 	two_doors: autoDraw = True
258.3539 	DATA 	Keypress: 3
259.6217 	EXP 	two_doors: autoDraw = False
259.6217 	EXP 	waiting_image_2: image = 'images/waiting_R.png'
259.6217 	EXP 	waiting_image_2: autoDraw = True
261.6613 	EXP 	waiting_image_2: autoDraw = False
261.6613 	EXP 	feedback_image_2: image = 'images/F_open_R.png'
261.6613 	EXP 	Money_text_2: height = 0.05
261.6613 	EXP 	Money_text_2: height = 0.05
261.6613 	EXP 	Money_text_2: height = 0.05
261.6613 	EXP 	Money_text_2: text = 120
261.6613 	EXP 	feedback_image_2: autoDraw = True
261.6613 	EXP 	Money_text_2: autoDraw = True
263.4046 	EXP 	New trial (rep=0, index=13): {'waiting_path_L': 'images/waiting_L.png', 'waiting_path_R': 'images/waiting_R.png', 'waiting_path_non': 'images/waiting_non.png', 'MONEY': -10, 'judgement': 'F', 'feedback_path_L': 'images/F_open_L.png', 'feedback_path_R': 'images/F_open_R.png', 'feedback_path_non': 'images/non-response.png'}
263.4244 	EXP 	feedback_image_2: autoDraw = False
263.4244 	EXP 	Money_text_2: autoDraw = False
263.4244 	EXP 	fixation: autoDraw = True
264.4546 	EXP 	fixation: autoDraw = False
264.4546 	EXP 	two_doors: autoDraw = True
264.8591 	DATA 	Keypress: 4
266.5937 	EXP 	two_doors: autoDraw = False
266.5937 	EXP 	waiting_image_2: image = 'images/waiting_R.png'
266.5937 	EXP 	waiting_image_2: autoDraw = True
268.6449 	EXP 	waiting_image_2: autoDraw = False
268.6449 	EXP 	feedback_image_2: image = 'images/F_open_R.png'
268.6449 	EXP 	Money_text_2: height = 0.05
268.6449 	EXP 	Money_text_2: height = 0.05
268.6449 	EXP 	Money_text_2: height = 0.05
268.6449 	EXP 	Money_text_2: text = 110
268.6449 	EXP 	feedback_image_2: autoDraw = True
268.6449 	EXP 	Money_text_2: autoDraw = True
270.4222 	EXP 	New trial (rep=0, index=14): {'waiting_path_L': 'images/waiting_L.png', 'waiting_path_R': 'images/waiting_R.png', 'waiting_path_non': 'images/waiting_non.png', 'MONEY': -10, 'judgement': 'F', 'feedback_path_L': 'images/F_open_L.png', 'feedback_path_R': 'images/F_open_R.png', 'feedback_path_non': 'images/non-response.png'}
270.4357 	EXP 	feedback_image_2: autoDraw = False
270.4357 	EXP 	Money_text_2: autoDraw = False
270.4357 	EXP 	fixation: autoDraw = True
271.4412 	EXP 	fixation: autoDraw = False
271.4412 	EXP 	two_doors: autoDraw = True
271.9844 	DATA 	Keypress: 4
273.6292 	EXP 	two_doors: autoDraw = False
273.6292 	EXP 	waiting_image_2: image = 'images/waiting_R.png'
273.6292 	EXP 	waiting_image_2: autoDraw = True
275.6234 	EXP 	waiting_image_2: autoDraw = False
275.6234 	EXP 	feedback_image_2: image = 'images/F_open_R.png'
275.6234 	EXP 	Money_text_2: height = 0.05
275.6234 	EXP 	Money_text_2: height = 0.05
275.6234 	EXP 	Money_text_2: height = 0.05
275.6234 	EXP 	Money_text_2: text = 100
275.6234 	EXP 	feedback_image_2: autoDraw = True
275.6234 	EXP 	Money_text_2: autoDraw = True
277.4195 	EXP 	New trial (rep=0, index=15): {'waiting_path_L': 'images/waiting_L.png', 'waiting_path_R': 'images/waiting_R.png', 'waiting_path_non': 'images/waiting_non.png', 'MONEY': 10, 'judgement': 'T', 'feedback_path_L': 'images/T_open_L.png', 'feedback_path_R': 'images/T_open_R.png', 'feedback_path_non': 'images/non-response.png'}
277.4540 	EXP 	feedback_image_2: autoDraw = False
277.4540 	EXP 	Money_text_2: autoDraw = False
277.4540 	EXP 	fixation: autoDraw = True
278.4612 	EXP 	fixation: autoDraw = False
278.4612 	EXP 	two_doors: autoDraw = True
278.8138 	DATA 	Keypress: 2
280.6058 	EXP 	two_doors: autoDraw = False
280.6058 	EXP 	waiting_image_2: image = 'images/waiting_L.png'
280.6058 	EXP 	waiting_image_2: autoDraw = True
282.6316 	EXP 	waiting_image_2: autoDraw = False
282.6316 	EXP 	feedback_image_2: image = 'images/T_open_L.png'
282.6316 	EXP 	Money_text_2: height = 0.05
282.6316 	EXP 	Money_text_2: height = 0.05
282.6316 	EXP 	Money_text_2: height = 0.05
282.6316 	EXP 	Money_text_2: text = 110
282.6316 	EXP 	feedback_image_2: autoDraw = True
282.6316 	EXP 	Money_text_2: autoDraw = True
284.4394 	EXP 	New trial (rep=0, index=16): {'waiting_path_L': 'images/waiting_L.png', 'waiting_path_R': 'images/waiting_R.png', 'waiting_path_non': 'images/waiting_non.png', 'MONEY': -10, 'judgement': 'F', 'feedback_path_L': 'images/F_open_L.png', 'feedback_path_R': 'images/F_open_R.png', 'feedback_path_non': 'images/non-response.png'}
284.4745 	EXP 	feedback_image_2: autoDraw = False
284.4745 	EXP 	Money_text_2: autoDraw = False
284.4745 	EXP 	fixation: autoDraw = True
285.4493 	EXP 	fixation: autoDraw = False
285.4493 	EXP 	two_doors: autoDraw = True
286.3274 	DATA 	Keypress: 3
287.6184 	EXP 	two_doors: autoDraw = False
287.6184 	EXP 	waiting_image_2: image = 'images/waiting_R.png'
287.6184 	EXP 	waiting_image_2: autoDraw = True
289.6266 	EXP 	waiting_image_2: autoDraw = False
289.6266 	EXP 	feedback_image_2: image = 'images/F_open_R.png'
289.6266 	EXP 	Money_text_2: height = 0.05
289.6266 	EXP 	Money_text_2: height = 0.05
289.6266 	EXP 	Money_text_2: height = 0.05
289.6266 	EXP 	Money_text_2: text = 100
289.6266 	EXP 	feedback_image_2: autoDraw = True
289.6266 	EXP 	Money_text_2: autoDraw = True
291.4483 	EXP 	feedback_image_2: autoDraw = False
291.4483 	EXP 	Money_text_2: autoDraw = False
291.4483 	EXP 	end_image: autoDraw = True
297.4434 	EXP 	end_image: autoDraw = False
297.6452 	EXP 	window1: mouseVisible = True
