3.1349 	INFO 	start
3.1353 	WARNING 	Monitor specification not found. Creating a temporary one...
4.4196 	EXP 	Created window1 = Window(allowGUI=True, allowStencil=False, autoLog=True, backendConf=UNKNOWN, backgroundFit=<method-wrapper '__getattribute__' of attributeSetter object at 0x00000210C1107090>, backgroundImage=<method-wrapper '__getattribute__' of attributeSetter object at 0x00000210C1107050>, bitsMode=UNKNOWN, blendMode='avg', bpc=(8, 8, 8), color=array([0, 0, 0]), colorSpace='rgb', depthBits=8, fullscr=<method-wrapper '__getattribute__' of attributeSetter object at 0x00000210C0959010>, gamma=None, gammaErrorPolicy='raise', lms=UNKNOWN, monitor=<psychopy.monitors.calibTools.Monitor object at 0x00000210C12599D0>, multiSample=False, name='window1', numSamples=2, pos=(128, 72), screen=0, size=array([1280,  720]), stencilBits=0, stereo=False, units='pix', useFBO=False, useRetina=False, viewOri=0.0, viewPos=None, viewScale=None, waitBlanking=True, winType='pyglet')
4.4197 	EXP 	window1: mouseVisible = True
4.4198 	EXP 	window1: backgroundImage = None
4.4198 	EXP 	window1: backgroundFit = 'cover'
4.4198 	EXP 	window1: Attempting to measure frame rate of screen (0) ...
4.4198 	EXP 	window1: recordFrameIntervals = False
4.5861 	EXP 	window1: recordFrameIntervals = True
4.6356 	WARNING 	t of last frame was 33.29ms (=1/30)
4.8028 	EXP 	Screen (0) actual frame rate measured at 59.89Hz
4.8029 	EXP 	window1: recordFrameIntervals = False
4.8733 	EXP 	Created unnamed TextStim = TextStim(__class__=<class 'psychopy.visual.text.TextStim'>, alignHoriz=method-wrapper(...), alignText='center', alignVert=method-wrapper(...), anchorHoriz='center', anchorVert='center', antialias=True, autoDraw=False, autoLog=True, bold=False, color=array([1., 1., 1.]), colorSpace='rgb', contrast=1.0, depth=0, flipHoriz=False, flipVert=False, font='', fontFiles=[], height=40.0, italic=False, languageStyle='LTR', name='unnamed TextStim', opacity=1.0, ori=0.0, pos=array([0., 0.]), rgb=UNKNOWN, text='+', units='pix', win=Window(...), wrapWidth=500)
4.8764 	EXP 	Created unnamed ImageStim = ImageStim(__class__=<class 'psychopy.visual.image.ImageStim'>, anchor=('center', 'center'), autoLog=True, color=array([1., 1., 1.]), colorSpace='rgb', contrast=1.0, depth=0, flipHoriz=False, flipVert=False, image=None, interpolate=False, mask=None, maskParams=None, name='unnamed ImageStim', opacity=1.0, ori=0.0, pos=array([  0., -20.]), size=array([30., 40.]), texRes=128, units='pix', win=Window(...))
4.8940 	EXP 	Created unnamed ImageStim = ImageStim(__class__=<class 'psychopy.visual.image.ImageStim'>, anchor=('center', 'center'), autoLog=True, color=array([1., 1., 1.]), colorSpace='rgb', contrast=1.0, depth=0, flipHoriz=False, flipVert=False, image='./material/BART/boom.png', interpolate=False, mask=None, maskParams=None, name='unnamed ImageStim', opacity=1.0, ori=0.0, pos=array([0., 0.]), size=array([300., 286.]), texRes=128, units='pix', win=Window(...))
4.9057 	EXP 	Created unnamed ImageStim = ImageStim(__class__=<class 'psychopy.visual.image.ImageStim'>, anchor=('center', 'center'), autoLog=True, color=array([1., 1., 1.]), colorSpace='rgb', contrast=1.0, depth=0, flipHoriz=False, flipVert=False, image='./material/BART/enter.png', interpolate=False, mask=None, maskParams=None, name='unnamed ImageStim', opacity=1.0, ori=0.0, pos=array([-400., -120.]), size=array([333., 125.]), texRes=128, units='pix', win=Window(...))
4.9142 	EXP 	Created unnamed ImageStim = ImageStim(__class__=<class 'psychopy.visual.image.ImageStim'>, anchor=('center', 'center'), autoLog=True, color=array([1., 1., 1.]), colorSpace='rgb', contrast=1.0, depth=0, flipHoriz=False, flipVert=False, image='./material/BART/space.png', interpolate=False, mask=None, maskParams=None, name='unnamed ImageStim', opacity=1.0, ori=0.0, pos=array([   0., -120.]), size=array([333., 125.]), texRes=128, units='pix', win=Window(...))
4.9233 	EXP 	Created unnamed ImageStim = ImageStim(__class__=<class 'psychopy.visual.image.ImageStim'>, anchor=('center', 'center'), autoLog=True, color=array([1., 1., 1.]), colorSpace='rgb', contrast=1.0, depth=0, flipHoriz=False, flipVert=False, image='./material/BART/total.png', interpolate=False, mask=None, maskParams=None, name='unnamed ImageStim', opacity=1.0, ori=0.0, pos=array([400., -20.]), size=array([331., 125.]), texRes=128, units='pix', win=Window(...))
4.9320 	EXP 	Created unnamed ImageStim = ImageStim(__class__=<class 'psychopy.visual.image.ImageStim'>, anchor=('center', 'center'), autoLog=True, color=array([1., 1., 1.]), colorSpace='rgb', contrast=1.0, depth=0, flipHoriz=False, flipVert=False, image='./material/BART/last.png', interpolate=False, mask=None, maskParams=None, name='unnamed ImageStim', opacity=1.0, ori=0.0, pos=array([ 400., -170.]), size=array([331., 125.]), texRes=128, units='pix', win=Window(...))
5.1227 	EXP 	Created unnamed ImageStim = ImageStim(__class__=<class 'psychopy.visual.image.ImageStim'>, anchor=('center', 'center'), autoLog=True, color=array([1., 1., 1.]), colorSpace='rgb', contrast=1.0, depth=0, flipHoriz=False, flipVert=False, image='./material/BART/Instruc.png', interpolate=False, mask=None, maskParams=None, name='unnamed ImageStim', opacity=1.0, ori=0.0, pos=array([0., 0.]), size=array([1280.,  720.]), texRes=128, units='pix', win=Window(...))
5.1495 	EXP 	Created unnamed TextStim = TextStim(__class__=<class 'psychopy.visual.text.TextStim'>, alignHoriz=method-wrapper(...), alignText='center', alignVert=method-wrapper(...), anchorHoriz='center', anchorVert='center', antialias=True, autoDraw=False, autoLog=True, bold=False, color=array([-1., -1., -1.]), colorSpace='rgb', contrast=1.0, depth=0, flipHoriz=False, flipVert=False, font='SimHei', fontFiles=[], height=20.0, italic=False, languageStyle='LTR', name='unnamed TextStim', opacity=1.0, ori=0.0, pos=array([500., -20.]), rgb=UNKNOWN, text='0.00分', units='pix', win=Window(...), wrapWidth=500)
5.1524 	EXP 	Created unnamed TextStim = TextStim(__class__=<class 'psychopy.visual.text.TextStim'>, alignHoriz=method-wrapper(...), alignText='center', alignVert=method-wrapper(...), anchorHoriz='center', anchorVert='center', antialias=True, autoDraw=False, autoLog=True, bold=False, color=array([-1., -1., -1.]), colorSpace='rgb', contrast=1.0, depth=0, flipHoriz=False, flipVert=False, font='SimHei', fontFiles=[], height=20.0, italic=False, languageStyle='LTR', name='unnamed TextStim', opacity=1.0, ori=0.0, pos=array([ 500., -170.]), rgb=UNKNOWN, text='0.00分', units='pix', win=Window(...), wrapWidth=500)
5.1524 	INFO 	Start BART
8.4181 	DATA 	Keypress: space
8.4328 	EXP 	Imported ./material/BART/BART.xlsx as conditions, 60 conditions, 2 params
8.4342 	EXP 	Created sequence: sequential, trialTypes=60, nReps=1, seed=None
9.0701 	EXP 	New trial (rep=0, index=0): {'Condition': 'orange', 'Max': 16}
9.0990 	EXP 	unnamed ImageStim: image = './material/BART/orange.png'
10.1102 	DATA 	Keypress: space
10.1324 	EXP 	unnamed TextStim: text = '0.00分'
10.2901 	DATA 	Keypress: space
10.2990 	EXP 	unnamed TextStim: text = '0.00分'
10.4697 	DATA 	Keypress: space
10.4827 	EXP 	unnamed TextStim: text = '0.00分'
10.6349 	DATA 	Keypress: space
10.6489 	EXP 	unnamed TextStim: text = '0.00分'
10.8520 	DATA 	Keypress: return
10.8611 	EXP 	New trial (rep=0, index=1): {'Condition': 'orange', 'Max': 16}
10.8815 	EXP 	unnamed TextStim: height = 20.0
10.8815 	EXP 	unnamed TextStim: height = 20.0
10.8815 	EXP 	unnamed TextStim: height = 20.0
10.8815 	EXP 	unnamed TextStim: text = '0.20分'
10.8815 	EXP 	unnamed TextStim: height = 20.0
10.8815 	EXP 	unnamed TextStim: height = 20.0
10.8815 	EXP 	unnamed TextStim: height = 20.0
10.8815 	EXP 	unnamed TextStim: text = '0.20分'
10.8815 	EXP 	unnamed ImageStim: image = './material/BART/orange.png'
11.0023 	DATA 	Keypress: space
11.0154 	EXP 	unnamed TextStim: text = '0.20分'
11.1827 	DATA 	Keypress: space
11.1986 	EXP 	unnamed TextStim: text = '0.20分'
11.3479 	DATA 	Keypress: space
11.3652 	EXP 	unnamed TextStim: text = '0.20分'
11.5123 	DATA 	Keypress: return
11.5218 	EXP 	New trial (rep=0, index=2): {'Condition': 'orange', 'Max': 16}
11.5479 	EXP 	unnamed TextStim: height = 20.0
11.5479 	EXP 	unnamed TextStim: height = 20.0
11.5479 	EXP 	unnamed TextStim: height = 20.0
11.5479 	EXP 	unnamed TextStim: text = '0.15分'
11.5479 	EXP 	unnamed TextStim: height = 20.0
11.5479 	EXP 	unnamed TextStim: height = 20.0
11.5479 	EXP 	unnamed TextStim: height = 20.0
11.5479 	EXP 	unnamed TextStim: text = '0.35分'
11.5479 	EXP 	unnamed ImageStim: image = './material/BART/orange.png'
11.6325 	DATA 	Keypress: space
11.6477 	EXP 	unnamed TextStim: text = '0.35分'
11.8048 	DATA 	Keypress: space
11.8152 	EXP 	unnamed TextStim: text = '0.35分'
12.0299 	DATA 	Keypress: return
12.0400 	EXP 	New trial (rep=0, index=3): {'Condition': 'orange', 'Max': 16}
12.0644 	EXP 	unnamed TextStim: height = 20.0
12.0644 	EXP 	unnamed TextStim: height = 20.0
12.0644 	EXP 	unnamed TextStim: height = 20.0
12.0644 	EXP 	unnamed TextStim: text = '0.10分'
12.0644 	EXP 	unnamed TextStim: height = 20.0
12.0644 	EXP 	unnamed TextStim: height = 20.0
12.0644 	EXP 	unnamed TextStim: height = 20.0
12.0644 	EXP 	unnamed TextStim: text = '0.45分'
12.0644 	EXP 	unnamed ImageStim: image = './material/BART/orange.png'
12.1649 	DATA 	Keypress: space
12.1818 	EXP 	unnamed TextStim: height = 20.0
12.1818 	EXP 	unnamed TextStim: height = 20.0
12.1818 	EXP 	unnamed TextStim: height = 20.0
12.1818 	EXP 	unnamed TextStim: text = '0.00分'
12.3284 	DATA 	Keypress: return
12.4241 	DATA 	Keypress: space
12.6046 	DATA 	Keypress: return
13.1827 	EXP 	New trial (rep=0, index=4): {'Condition': 'orange', 'Max': 16}
13.1986 	EXP 	unnamed ImageStim: image = './material/BART/orange.png'
13.4775 	DATA 	Keypress: space
13.4980 	EXP 	unnamed TextStim: text = '0.45分'
13.6049 	DATA 	Keypress: return
13.6127 	EXP 	New trial (rep=0, index=5): {'Condition': 'orange', 'Max': 16}
13.6312 	EXP 	unnamed TextStim: height = 20.0
13.6312 	EXP 	unnamed TextStim: height = 20.0
13.6312 	EXP 	unnamed TextStim: height = 20.0
13.6312 	EXP 	unnamed TextStim: text = '0.05分'
13.6312 	EXP 	unnamed TextStim: height = 20.0
13.6312 	EXP 	unnamed TextStim: height = 20.0
13.6312 	EXP 	unnamed TextStim: height = 20.0
13.6312 	EXP 	unnamed TextStim: text = '0.50分'
13.6312 	EXP 	unnamed ImageStim: image = './material/BART/orange.png'
13.7024 	DATA 	Keypress: space
13.7143 	EXP 	unnamed TextStim: text = '0.50分'
13.8299 	DATA 	Keypress: return
13.8358 	EXP 	New trial (rep=0, index=6): {'Condition': 'orange', 'Max': 16}
13.8479 	EXP 	unnamed TextStim: text = '0.05分'
13.8479 	EXP 	unnamed TextStim: height = 20.0
13.8479 	EXP 	unnamed TextStim: height = 20.0
13.8479 	EXP 	unnamed TextStim: height = 20.0
13.8479 	EXP 	unnamed TextStim: text = '0.55分'
13.8479 	EXP 	unnamed ImageStim: image = './material/BART/orange.png'
13.9122 	DATA 	Keypress: space
13.9310 	EXP 	unnamed TextStim: text = '0.55分'
14.0474 	DATA 	Keypress: return
14.0545 	EXP 	New trial (rep=0, index=7): {'Condition': 'orange', 'Max': 16}
14.0808 	EXP 	unnamed TextStim: text = '0.05分'
14.0808 	EXP 	unnamed TextStim: height = 20.0
14.0808 	EXP 	unnamed TextStim: height = 20.0
14.0808 	EXP 	unnamed TextStim: height = 20.0
14.0808 	EXP 	unnamed TextStim: text = '0.60分'
14.0808 	EXP 	unnamed ImageStim: image = './material/BART/orange.png'
14.1071 	DATA 	Keypress: space
14.1303 	EXP 	unnamed TextStim: text = '0.60分'
14.2347 	DATA 	Keypress: return
14.2387 	EXP 	New trial (rep=0, index=8): {'Condition': 'orange', 'Max': 16}
14.2647 	EXP 	unnamed TextStim: text = '0.05分'
14.2647 	EXP 	unnamed TextStim: height = 20.0
14.2647 	EXP 	unnamed TextStim: height = 20.0
14.2647 	EXP 	unnamed TextStim: height = 20.0
14.2647 	EXP 	unnamed TextStim: text = '0.65分'
14.2647 	EXP 	unnamed ImageStim: image = './material/BART/orange.png'
14.3024 	DATA 	Keypress: space
14.3135 	EXP 	unnamed TextStim: text = '0.65分'
14.4377 	DATA 	Keypress: return
14.4441 	EXP 	New trial (rep=0, index=9): {'Condition': 'orange', 'Max': 16}
14.4638 	EXP 	unnamed TextStim: text = '0.05分'
14.4638 	EXP 	unnamed TextStim: height = 20.0
14.4638 	EXP 	unnamed TextStim: height = 20.0
14.4638 	EXP 	unnamed TextStim: height = 20.0
14.4638 	EXP 	unnamed TextStim: text = '0.70分'
14.4638 	EXP 	unnamed ImageStim: image = './material/BART/orange.png'
14.5048 	DATA 	Keypress: space
14.5136 	EXP 	unnamed TextStim: text = '0.70分'
14.6398 	DATA 	Keypress: return
14.6457 	EXP 	New trial (rep=0, index=10): {'Condition': 'green', 'Max': 32}
14.6658 	EXP 	unnamed TextStim: text = '0.05分'
14.6658 	EXP 	unnamed TextStim: height = 20.0
14.6658 	EXP 	unnamed TextStim: height = 20.0
14.6658 	EXP 	unnamed TextStim: height = 20.0
14.6658 	EXP 	unnamed TextStim: text = '0.75分'
14.6658 	EXP 	unnamed ImageStim: image = './material/BART/green.png'
14.7073 	DATA 	Keypress: space
14.7300 	EXP 	unnamed TextStim: text = '0.75分'
14.8425 	DATA 	Keypress: return
14.8483 	EXP 	New trial (rep=0, index=11): {'Condition': 'green', 'Max': 32}
14.8639 	EXP 	unnamed TextStim: text = '0.05分'
14.8639 	EXP 	unnamed TextStim: height = 20.0
14.8639 	EXP 	unnamed TextStim: height = 20.0
14.8639 	EXP 	unnamed TextStim: height = 20.0
14.8639 	EXP 	unnamed TextStim: text = '0.80分'
14.8639 	EXP 	unnamed ImageStim: image = './material/BART/green.png'
14.9174 	DATA 	Keypress: space
14.9299 	EXP 	unnamed TextStim: text = '0.80分'
15.0374 	DATA 	Keypress: return
15.0432 	EXP 	New trial (rep=0, index=12): {'Condition': 'green', 'Max': 32}
15.0650 	EXP 	unnamed TextStim: text = '0.05分'
15.0650 	EXP 	unnamed TextStim: height = 20.0
15.0650 	EXP 	unnamed TextStim: height = 20.0
15.0650 	EXP 	unnamed TextStim: height = 20.0
15.0650 	EXP 	unnamed TextStim: text = '0.85分'
15.0650 	EXP 	unnamed ImageStim: image = './material/BART/green.png'
15.1124 	DATA 	Keypress: space
15.1299 	EXP 	unnamed TextStim: text = '0.85分'
15.2333 	DATA 	Keypress: return
15.2404 	EXP 	New trial (rep=0, index=13): {'Condition': 'green', 'Max': 32}
15.2635 	EXP 	unnamed TextStim: text = '0.05分'
15.2635 	EXP 	unnamed TextStim: height = 20.0
15.2635 	EXP 	unnamed TextStim: height = 20.0
15.2635 	EXP 	unnamed TextStim: height = 20.0
15.2635 	EXP 	unnamed TextStim: text = '0.90分'
15.2635 	EXP 	unnamed ImageStim: image = './material/BART/green.png'
15.3149 	DATA 	Keypress: space
15.3298 	EXP 	unnamed TextStim: text = '0.90分'
15.4426 	DATA 	Keypress: return
15.4479 	EXP 	New trial (rep=0, index=14): {'Condition': 'green', 'Max': 32}
15.4645 	EXP 	unnamed TextStim: text = '0.05分'
15.4645 	EXP 	unnamed TextStim: height = 20.0
15.4645 	EXP 	unnamed TextStim: height = 20.0
15.4645 	EXP 	unnamed TextStim: height = 20.0
15.4645 	EXP 	unnamed TextStim: text = '0.95分'
15.4645 	EXP 	unnamed ImageStim: image = './material/BART/green.png'
15.4946 	DATA 	Keypress: space
15.5134 	EXP 	unnamed TextStim: text = '0.95分'
15.6527 	DATA 	Keypress: return
15.6583 	EXP 	New trial (rep=0, index=15): {'Condition': 'green', 'Max': 32}
15.6805 	EXP 	unnamed TextStim: text = '0.05分'
15.6805 	EXP 	unnamed TextStim: height = 20.0
15.6805 	EXP 	unnamed TextStim: height = 20.0
15.6805 	EXP 	unnamed TextStim: height = 20.0
15.6805 	EXP 	unnamed TextStim: text = '1.00分'
15.6805 	EXP 	unnamed ImageStim: image = './material/BART/green.png'
15.6822 	DATA 	Keypress: space
15.6987 	EXP 	unnamed TextStim: text = '1.00分'
15.8399 	DATA 	Keypress: return
15.8458 	EXP 	New trial (rep=0, index=16): {'Condition': 'green', 'Max': 32}
15.8640 	EXP 	unnamed TextStim: text = '0.05分'
15.8640 	EXP 	unnamed TextStim: height = 20.0
15.8640 	EXP 	unnamed TextStim: height = 20.0
15.8640 	EXP 	unnamed TextStim: height = 20.0
15.8640 	EXP 	unnamed TextStim: text = '1.05分'
15.8640 	EXP 	unnamed ImageStim: image = './material/BART/green.png'
15.8650 	DATA 	Keypress: space
15.8817 	EXP 	unnamed TextStim: text = '1.05分'
16.0423 	DATA 	Keypress: space
16.0637 	EXP 	unnamed TextStim: text = '1.05分'
16.0648 	DATA 	Keypress: return
16.0711 	EXP 	New trial (rep=0, index=17): {'Condition': 'green', 'Max': 32}
16.0963 	EXP 	unnamed TextStim: height = 20.0
16.0963 	EXP 	unnamed TextStim: height = 20.0
16.0963 	EXP 	unnamed TextStim: height = 20.0
16.0963 	EXP 	unnamed TextStim: text = '0.10分'
16.0963 	EXP 	unnamed TextStim: height = 20.0
16.0963 	EXP 	unnamed TextStim: height = 20.0
16.0963 	EXP 	unnamed TextStim: height = 20.0
16.0963 	EXP 	unnamed TextStim: text = '1.15分'
16.0963 	EXP 	unnamed ImageStim: image = './material/BART/green.png'
16.2526 	DATA 	Keypress: space
16.2637 	EXP 	unnamed TextStim: text = '1.15分'
16.2669 	DATA 	Keypress: return
16.2731 	EXP 	New trial (rep=0, index=18): {'Condition': 'green', 'Max': 32}
16.2963 	EXP 	unnamed TextStim: height = 20.0
16.2963 	EXP 	unnamed TextStim: height = 20.0
16.2963 	EXP 	unnamed TextStim: height = 20.0
16.2963 	EXP 	unnamed TextStim: text = '0.05分'
16.2963 	EXP 	unnamed TextStim: height = 20.0
16.2963 	EXP 	unnamed TextStim: height = 20.0
16.2963 	EXP 	unnamed TextStim: height = 20.0
16.2963 	EXP 	unnamed TextStim: text = '1.20分'
16.2963 	EXP 	unnamed ImageStim: image = './material/BART/green.png'
16.4474 	DATA 	Keypress: space
16.4640 	EXP 	unnamed TextStim: text = '1.20分'
16.4651 	DATA 	Keypress: return
16.4697 	EXP 	New trial (rep=0, index=19): {'Condition': 'green', 'Max': 32}
16.4963 	EXP 	unnamed TextStim: text = '0.05分'
16.4963 	EXP 	unnamed TextStim: height = 20.0
16.4963 	EXP 	unnamed TextStim: height = 20.0
16.4963 	EXP 	unnamed TextStim: height = 20.0
16.4963 	EXP 	unnamed TextStim: text = '1.25分'
16.4963 	EXP 	unnamed ImageStim: image = './material/BART/green.png'
16.6276 	DATA 	Keypress: return
16.6339 	EXP 	New trial (rep=0, index=20): {'Condition': 'blue', 'Max': 128}
16.6469 	EXP 	unnamed TextStim: height = 20.0
16.6469 	EXP 	unnamed TextStim: height = 20.0
16.6469 	EXP 	unnamed TextStim: height = 20.0
16.6469 	EXP 	unnamed TextStim: text = '0.00分'
16.6469 	EXP 	unnamed TextStim: text = '1.25分'
16.6469 	EXP 	unnamed ImageStim: image = './material/BART/blue.png'
16.6473 	DATA 	Keypress: space
16.8073 	DATA 	Keypress: return
16.8108 	EXP 	New trial (rep=0, index=21): {'Condition': 'blue', 'Max': 128}
16.8302 	EXP 	unnamed TextStim: text = '0.00分'
16.8302 	EXP 	unnamed TextStim: text = '1.25分'
16.8302 	EXP 	unnamed ImageStim: image = './material/BART/blue.png'
16.8375 	DATA 	Keypress: space
16.8474 	EXP 	unnamed TextStim: text = '1.25分'
17.0097 	DATA 	Keypress: return
17.0178 	EXP 	New trial (rep=0, index=22): {'Condition': 'blue', 'Max': 128}
17.0301 	EXP 	unnamed TextStim: height = 20.0
17.0301 	EXP 	unnamed TextStim: height = 20.0
17.0301 	EXP 	unnamed TextStim: height = 20.0
17.0301 	EXP 	unnamed TextStim: text = '0.05分'
17.0301 	EXP 	unnamed TextStim: height = 20.0
17.0301 	EXP 	unnamed TextStim: height = 20.0
17.0301 	EXP 	unnamed TextStim: height = 20.0
17.0301 	EXP 	unnamed TextStim: text = '1.30分'
17.0301 	EXP 	unnamed ImageStim: image = './material/BART/blue.png'
17.0396 	DATA 	Keypress: space
17.0629 	EXP 	unnamed TextStim: text = '1.30分'
17.2047 	DATA 	Keypress: return
17.2103 	EXP 	New trial (rep=0, index=23): {'Condition': 'blue', 'Max': 128}
17.2308 	EXP 	unnamed TextStim: text = '0.05分'
17.2308 	EXP 	unnamed TextStim: height = 20.0
17.2308 	EXP 	unnamed TextStim: height = 20.0
17.2308 	EXP 	unnamed TextStim: height = 20.0
17.2308 	EXP 	unnamed TextStim: text = '1.35分'
17.2308 	EXP 	unnamed ImageStim: image = './material/BART/blue.png'
17.2346 	DATA 	Keypress: space
17.2473 	EXP 	unnamed TextStim: text = '1.35分'
17.3997 	DATA 	Keypress: return
17.4056 	EXP 	New trial (rep=0, index=24): {'Condition': 'blue', 'Max': 128}
17.4300 	EXP 	unnamed TextStim: text = '0.05分'
17.4300 	EXP 	unnamed TextStim: height = 20.0
17.4300 	EXP 	unnamed TextStim: height = 20.0
17.4300 	EXP 	unnamed TextStim: height = 20.0
17.4300 	EXP 	unnamed TextStim: text = '1.40分'
17.4300 	EXP 	unnamed ImageStim: image = './material/BART/blue.png'
17.4310 	DATA 	Keypress: space
17.4475 	EXP 	unnamed TextStim: text = '1.40分'
17.6101 	DATA 	Keypress: return
17.6160 	EXP 	New trial (rep=0, index=25): {'Condition': 'blue', 'Max': 128}
17.6305 	EXP 	unnamed TextStim: text = '0.05分'
17.6305 	EXP 	unnamed TextStim: height = 20.0
17.6305 	EXP 	unnamed TextStim: height = 20.0
17.6305 	EXP 	unnamed TextStim: height = 20.0
17.6305 	EXP 	unnamed TextStim: text = '1.45分'
17.6305 	EXP 	unnamed ImageStim: image = './material/BART/blue.png'
17.6324 	DATA 	Keypress: space
17.6478 	EXP 	unnamed TextStim: text = '1.45分'
17.7978 	DATA 	Keypress: return
17.8041 	EXP 	New trial (rep=0, index=26): {'Condition': 'blue', 'Max': 128}
17.8300 	EXP 	unnamed TextStim: text = '0.05分'
17.8300 	EXP 	unnamed TextStim: height = 20.0
17.8300 	EXP 	unnamed TextStim: height = 20.0
17.8300 	EXP 	unnamed TextStim: height = 20.0
17.8300 	EXP 	unnamed TextStim: text = '1.50分'
17.8300 	EXP 	unnamed ImageStim: image = './material/BART/blue.png'
17.8314 	DATA 	Keypress: space
17.8475 	EXP 	unnamed TextStim: text = '1.50分'
17.9849 	DATA 	Keypress: return
17.9906 	EXP 	New trial (rep=0, index=27): {'Condition': 'blue', 'Max': 128}
18.0132 	EXP 	unnamed TextStim: text = '0.05分'
18.0132 	EXP 	unnamed TextStim: height = 20.0
18.0132 	EXP 	unnamed TextStim: height = 20.0
18.0132 	EXP 	unnamed TextStim: height = 20.0
18.0132 	EXP 	unnamed TextStim: text = '1.55分'
18.0132 	EXP 	unnamed ImageStim: image = './material/BART/blue.png'
18.0222 	DATA 	Keypress: space
18.0455 	EXP 	unnamed TextStim: text = '1.55分'
18.1724 	DATA 	Keypress: return
18.1763 	EXP 	New trial (rep=0, index=28): {'Condition': 'blue', 'Max': 128}
18.1963 	EXP 	unnamed TextStim: text = '0.05分'
18.1963 	EXP 	unnamed TextStim: height = 20.0
18.1963 	EXP 	unnamed TextStim: height = 20.0
18.1963 	EXP 	unnamed TextStim: height = 20.0
18.1963 	EXP 	unnamed TextStim: text = '1.60分'
18.1963 	EXP 	unnamed ImageStim: image = './material/BART/blue.png'
18.2175 	DATA 	Keypress: space
18.2454 	EXP 	unnamed TextStim: text = '1.60分'
18.3674 	DATA 	Keypress: return
18.3733 	EXP 	New trial (rep=0, index=29): {'Condition': 'blue', 'Max': 128}
18.3964 	EXP 	unnamed TextStim: text = '0.05分'
18.3964 	EXP 	unnamed TextStim: height = 20.0
18.3964 	EXP 	unnamed TextStim: height = 20.0
18.3964 	EXP 	unnamed TextStim: height = 20.0
18.3964 	EXP 	unnamed TextStim: text = '1.65分'
18.3964 	EXP 	unnamed ImageStim: image = './material/BART/blue.png'
18.3978 	DATA 	Keypress: space
18.4146 	EXP 	unnamed TextStim: text = '1.65分'
18.5624 	DATA 	Keypress: return
18.5663 	EXP 	New trial (rep=0, index=30): {'Condition': 'orange', 'Max': 16}
18.5809 	EXP 	unnamed TextStim: text = '0.05分'
18.5809 	EXP 	unnamed TextStim: height = 20.0
18.5809 	EXP 	unnamed TextStim: height = 20.0
18.5809 	EXP 	unnamed TextStim: height = 20.0
18.5809 	EXP 	unnamed TextStim: text = '1.70分'
18.5809 	EXP 	unnamed ImageStim: image = './material/BART/orange.png'
18.5925 	DATA 	Keypress: space
18.6121 	EXP 	unnamed TextStim: text = '1.70分'
18.7726 	DATA 	Keypress: return
18.7767 	EXP 	New trial (rep=0, index=31): {'Condition': 'green', 'Max': 32}
18.7839 	DATA 	Keypress: space
18.7972 	EXP 	unnamed TextStim: text = '0.05分'
18.7972 	EXP 	unnamed TextStim: height = 20.0
18.7972 	EXP 	unnamed TextStim: height = 20.0
18.7972 	EXP 	unnamed TextStim: height = 20.0
18.7972 	EXP 	unnamed TextStim: text = '1.75分'
18.7972 	EXP 	unnamed ImageStim: image = './material/BART/green.png'
18.9527 	DATA 	Keypress: return
18.9581 	EXP 	New trial (rep=0, index=32): {'Condition': 'blue', 'Max': 128}
18.9800 	EXP 	unnamed TextStim: height = 20.0
18.9800 	EXP 	unnamed TextStim: height = 20.0
18.9800 	EXP 	unnamed TextStim: height = 20.0
18.9800 	EXP 	unnamed TextStim: text = '0.00分'
18.9800 	EXP 	unnamed TextStim: text = '1.75分'
18.9800 	EXP 	unnamed ImageStim: image = './material/BART/blue.png'
18.9825 	DATA 	Keypress: space
18.9967 	EXP 	unnamed TextStim: text = '1.75分'
19.1323 	DATA 	Keypress: return
19.1396 	EXP 	New trial (rep=0, index=33): {'Condition': 'blue', 'Max': 128}
19.1634 	EXP 	unnamed TextStim: height = 20.0
19.1634 	EXP 	unnamed TextStim: height = 20.0
19.1634 	EXP 	unnamed TextStim: height = 20.0
19.1634 	EXP 	unnamed TextStim: text = '0.05分'
19.1634 	EXP 	unnamed TextStim: height = 20.0
19.1634 	EXP 	unnamed TextStim: height = 20.0
19.1634 	EXP 	unnamed TextStim: height = 20.0
19.1634 	EXP 	unnamed TextStim: text = '1.80分'
19.1634 	EXP 	unnamed ImageStim: image = './material/BART/blue.png'
19.1700 	DATA 	Keypress: space
19.1799 	EXP 	unnamed TextStim: text = '1.80分'
19.3347 	DATA 	Keypress: return
19.3386 	EXP 	New trial (rep=0, index=34): {'Condition': 'green', 'Max': 32}
19.3632 	EXP 	unnamed TextStim: text = '0.05分'
19.3632 	EXP 	unnamed TextStim: height = 20.0
19.3632 	EXP 	unnamed TextStim: height = 20.0
19.3632 	EXP 	unnamed TextStim: height = 20.0
19.3632 	EXP 	unnamed TextStim: text = '1.85分'
19.3632 	EXP 	unnamed ImageStim: image = './material/BART/green.png'
19.3725 	DATA 	Keypress: space
19.3950 	EXP 	unnamed TextStim: text = '1.85分'
19.5375 	DATA 	Keypress: return
19.5413 	EXP 	New trial (rep=0, index=35): {'Condition': 'orange', 'Max': 16}
19.5642 	EXP 	unnamed TextStim: text = '0.05分'
19.5642 	EXP 	unnamed TextStim: height = 20.0
19.5642 	EXP 	unnamed TextStim: height = 20.0
19.5642 	EXP 	unnamed TextStim: height = 20.0
19.5642 	EXP 	unnamed TextStim: text = '1.90分'
19.5642 	EXP 	unnamed ImageStim: image = './material/BART/orange.png'
19.5654 	DATA 	Keypress: space
19.5803 	EXP 	unnamed TextStim: text = '1.90分'
19.7399 	DATA 	Keypress: return
19.7439 	EXP 	New trial (rep=0, index=36): {'Condition': 'orange', 'Max': 16}
19.7625 	EXP 	unnamed TextStim: text = '0.05分'
19.7625 	EXP 	unnamed TextStim: height = 20.0
19.7625 	EXP 	unnamed TextStim: height = 20.0
19.7625 	EXP 	unnamed TextStim: height = 20.0
19.7625 	EXP 	unnamed TextStim: text = '1.95分'
19.7625 	EXP 	unnamed ImageStim: image = './material/BART/orange.png'
19.7697 	DATA 	Keypress: space
19.7797 	EXP 	unnamed TextStim: text = '1.95分'
19.9273 	DATA 	Keypress: return
19.9332 	EXP 	New trial (rep=0, index=37): {'Condition': 'green', 'Max': 32}
19.9472 	EXP 	unnamed TextStim: text = '0.05分'
19.9472 	EXP 	unnamed TextStim: height = 20.0
19.9472 	EXP 	unnamed TextStim: height = 20.0
19.9472 	EXP 	unnamed TextStim: height = 20.0
19.9472 	EXP 	unnamed TextStim: text = '2.00分'
19.9472 	EXP 	unnamed ImageStim: image = './material/BART/green.png'
19.9727 	DATA 	Keypress: space
19.9949 	EXP 	unnamed TextStim: text = '2.00分'
20.1148 	DATA 	Keypress: return
20.1206 	EXP 	New trial (rep=0, index=38): {'Condition': 'blue', 'Max': 128}
20.1457 	EXP 	unnamed TextStim: text = '0.05分'
20.1457 	EXP 	unnamed TextStim: height = 20.0
20.1457 	EXP 	unnamed TextStim: height = 20.0
20.1457 	EXP 	unnamed TextStim: height = 20.0
20.1457 	EXP 	unnamed TextStim: text = '2.05分'
20.1457 	EXP 	unnamed ImageStim: image = './material/BART/blue.png'
20.1752 	DATA 	Keypress: space
20.1947 	EXP 	unnamed TextStim: text = '2.05分'
20.3101 	DATA 	Keypress: return
20.3162 	EXP 	New trial (rep=0, index=39): {'Condition': 'blue', 'Max': 128}
20.3289 	EXP 	unnamed TextStim: text = '0.05分'
20.3289 	EXP 	unnamed TextStim: height = 20.0
20.3289 	EXP 	unnamed TextStim: height = 20.0
20.3289 	EXP 	unnamed TextStim: height = 20.0
20.3289 	EXP 	unnamed TextStim: text = '2.10分'
20.3289 	EXP 	unnamed ImageStim: image = './material/BART/blue.png'
20.3787 	DATA 	Keypress: space
20.3946 	EXP 	unnamed TextStim: text = '2.10分'
20.5050 	DATA 	Keypress: return
20.5111 	EXP 	New trial (rep=0, index=40): {'Condition': 'green', 'Max': 32}
20.5291 	EXP 	unnamed TextStim: text = '0.05分'
20.5291 	EXP 	unnamed TextStim: height = 20.0
20.5291 	EXP 	unnamed TextStim: height = 20.0
20.5291 	EXP 	unnamed TextStim: height = 20.0
20.5291 	EXP 	unnamed TextStim: text = '2.15分'
20.5291 	EXP 	unnamed ImageStim: image = './material/BART/green.png'
20.5874 	DATA 	Keypress: space
20.5946 	EXP 	unnamed TextStim: text = '2.15分'
20.6931 	DATA 	Keypress: return
20.6991 	EXP 	New trial (rep=0, index=41): {'Condition': 'orange', 'Max': 16}
20.7134 	EXP 	unnamed TextStim: text = '0.05分'
20.7134 	EXP 	unnamed TextStim: height = 20.0
20.7134 	EXP 	unnamed TextStim: height = 20.0
20.7134 	EXP 	unnamed TextStim: height = 20.0
20.7134 	EXP 	unnamed TextStim: text = '2.20分'
20.7134 	EXP 	unnamed ImageStim: image = './material/BART/orange.png'
20.7900 	DATA 	Keypress: space
20.8114 	EXP 	unnamed TextStim: text = '2.20分'
20.8948 	DATA 	Keypress: return
20.9010 	EXP 	New trial (rep=0, index=42): {'Condition': 'orange', 'Max': 16}
20.9292 	EXP 	unnamed TextStim: text = '0.05分'
20.9292 	EXP 	unnamed TextStim: height = 20.0
20.9292 	EXP 	unnamed TextStim: height = 20.0
20.9292 	EXP 	unnamed TextStim: height = 20.0
20.9292 	EXP 	unnamed TextStim: text = '2.25分'
20.9292 	EXP 	unnamed ImageStim: image = './material/BART/orange.png'
21.0150 	DATA 	Keypress: space
21.0278 	EXP 	unnamed TextStim: text = '2.25分'
21.0900 	DATA 	Keypress: return
21.0941 	EXP 	New trial (rep=0, index=43): {'Condition': 'green', 'Max': 32}
21.1132 	EXP 	unnamed TextStim: text = '0.05分'
21.1132 	EXP 	unnamed TextStim: height = 20.0
21.1132 	EXP 	unnamed TextStim: height = 20.0
21.1132 	EXP 	unnamed TextStim: height = 20.0
21.1132 	EXP 	unnamed TextStim: text = '2.30分'
21.1132 	EXP 	unnamed ImageStim: image = './material/BART/green.png'
21.2248 	DATA 	Keypress: space
21.2454 	EXP 	unnamed TextStim: text = '2.30分'
21.2926 	DATA 	Keypress: return
21.2990 	EXP 	New trial (rep=0, index=44): {'Condition': 'blue', 'Max': 128}
21.3112 	EXP 	unnamed TextStim: text = '0.05分'
21.3112 	EXP 	unnamed TextStim: height = 20.0
21.3112 	EXP 	unnamed TextStim: height = 20.0
21.3112 	EXP 	unnamed TextStim: height = 20.0
21.3112 	EXP 	unnamed TextStim: text = '2.35分'
21.3112 	EXP 	unnamed ImageStim: image = './material/BART/blue.png'
21.4349 	DATA 	Keypress: space
21.4453 	EXP 	unnamed TextStim: text = '2.35分'
21.4948 	DATA 	Keypress: return
21.4987 	EXP 	New trial (rep=0, index=45): {'Condition': 'blue', 'Max': 128}
21.5111 	EXP 	unnamed TextStim: text = '0.05分'
21.5111 	EXP 	unnamed TextStim: height = 20.0
21.5111 	EXP 	unnamed TextStim: height = 20.0
21.5111 	EXP 	unnamed TextStim: height = 20.0
21.5111 	EXP 	unnamed TextStim: text = '2.40分'
21.5111 	EXP 	unnamed ImageStim: image = './material/BART/blue.png'
21.6448 	DATA 	Keypress: space
21.6620 	EXP 	unnamed TextStim: text = '2.40分'
21.7051 	DATA 	Keypress: return
21.7113 	EXP 	New trial (rep=0, index=46): {'Condition': 'green', 'Max': 32}
21.7277 	EXP 	unnamed TextStim: text = '0.05分'
21.7277 	EXP 	unnamed TextStim: height = 20.0
21.7277 	EXP 	unnamed TextStim: height = 20.0
21.7277 	EXP 	unnamed TextStim: height = 20.0
21.7277 	EXP 	unnamed TextStim: text = '2.45分'
21.7277 	EXP 	unnamed ImageStim: image = './material/BART/green.png'
21.8847 	DATA 	Keypress: return
21.8884 	EXP 	New trial (rep=0, index=47): {'Condition': 'orange', 'Max': 16}
21.9129 	EXP 	unnamed TextStim: height = 20.0
21.9129 	EXP 	unnamed TextStim: height = 20.0
21.9129 	EXP 	unnamed TextStim: height = 20.0
21.9129 	EXP 	unnamed TextStim: text = '0.00分'
21.9129 	EXP 	unnamed TextStim: text = '2.45分'
21.9129 	EXP 	unnamed ImageStim: image = './material/BART/orange.png'
21.9132 	DATA 	Keypress: space
22.0948 	DATA 	Keypress: space
22.1118 	EXP 	unnamed TextStim: text = '2.45分'
22.1130 	DATA 	Keypress: return
22.1192 	EXP 	New trial (rep=0, index=48): {'Condition': 'orange', 'Max': 16}
22.1443 	EXP 	unnamed TextStim: height = 20.0
22.1443 	EXP 	unnamed TextStim: height = 20.0
22.1443 	EXP 	unnamed TextStim: height = 20.0
22.1443 	EXP 	unnamed TextStim: text = '0.05分'
22.1443 	EXP 	unnamed TextStim: height = 20.0
22.1443 	EXP 	unnamed TextStim: height = 20.0
22.1443 	EXP 	unnamed TextStim: height = 20.0
22.1443 	EXP 	unnamed TextStim: text = '2.50分'
22.1443 	EXP 	unnamed ImageStim: image = './material/BART/orange.png'
22.2826 	DATA 	Keypress: space
22.2952 	EXP 	unnamed TextStim: text = '2.50分'
22.3127 	DATA 	Keypress: return
22.3186 	EXP 	New trial (rep=0, index=49): {'Condition': 'green', 'Max': 32}
22.3455 	EXP 	unnamed TextStim: text = '0.05分'
22.3455 	EXP 	unnamed TextStim: height = 20.0
22.3455 	EXP 	unnamed TextStim: height = 20.0
22.3455 	EXP 	unnamed TextStim: height = 20.0
22.3455 	EXP 	unnamed TextStim: text = '2.55分'
22.3455 	EXP 	unnamed ImageStim: image = './material/BART/green.png'
22.4850 	DATA 	Keypress: space
22.4947 	EXP 	unnamed TextStim: text = '2.55分'
22.4959 	DATA 	Keypress: return
22.5005 	EXP 	New trial (rep=0, index=50): {'Condition': 'blue', 'Max': 128}
22.5128 	EXP 	unnamed TextStim: text = '0.05分'
22.5128 	EXP 	unnamed TextStim: height = 20.0
22.5128 	EXP 	unnamed TextStim: height = 20.0
22.5128 	EXP 	unnamed TextStim: height = 20.0
22.5128 	EXP 	unnamed TextStim: text = '2.60分'
22.5128 	EXP 	unnamed ImageStim: image = './material/BART/blue.png'
22.6875 	DATA 	Keypress: space
22.6949 	EXP 	unnamed TextStim: text = '2.60分'
22.7100 	DATA 	Keypress: return
22.7144 	EXP 	New trial (rep=0, index=51): {'Condition': 'blue', 'Max': 128}
22.7275 	EXP 	unnamed TextStim: text = '0.05分'
22.7275 	EXP 	unnamed TextStim: height = 20.0
22.7275 	EXP 	unnamed TextStim: height = 20.0
22.7275 	EXP 	unnamed TextStim: height = 20.0
22.7275 	EXP 	unnamed TextStim: text = '2.65分'
22.7275 	EXP 	unnamed ImageStim: image = './material/BART/blue.png'
22.8973 	DATA 	Keypress: space
22.9113 	EXP 	unnamed TextStim: text = '2.65分'
22.9115 	DATA 	Keypress: return
23.1075 	DATA 	Keypress: space
23.1278 	EXP 	unnamed TextStim: text = '2.65分'
23.1289 	DATA 	Keypress: return
23.1353 	EXP 	New trial (rep=0, index=52): {'Condition': 'green', 'Max': 32}
23.1609 	EXP 	unnamed TextStim: height = 20.0
23.1609 	EXP 	unnamed TextStim: height = 20.0
23.1609 	EXP 	unnamed TextStim: height = 20.0
23.1609 	EXP 	unnamed TextStim: text = '0.10分'
23.1609 	EXP 	unnamed TextStim: height = 20.0
23.1609 	EXP 	unnamed TextStim: height = 20.0
23.1609 	EXP 	unnamed TextStim: height = 20.0
23.1609 	EXP 	unnamed TextStim: text = '2.75分'
23.1609 	EXP 	unnamed ImageStim: image = './material/BART/green.png'
23.3025 	DATA 	Keypress: space
23.3277 	EXP 	unnamed TextStim: text = '2.75分'
23.3321 	DATA 	Keypress: return
23.3382 	EXP 	New trial (rep=0, index=53): {'Condition': 'orange', 'Max': 16}
23.3614 	EXP 	unnamed TextStim: height = 20.0
23.3614 	EXP 	unnamed TextStim: height = 20.0
23.3614 	EXP 	unnamed TextStim: height = 20.0
23.3614 	EXP 	unnamed TextStim: text = '0.05分'
23.3614 	EXP 	unnamed TextStim: height = 20.0
23.3614 	EXP 	unnamed TextStim: height = 20.0
23.3614 	EXP 	unnamed TextStim: height = 20.0
23.3614 	EXP 	unnamed TextStim: text = '2.80分'
23.3614 	EXP 	unnamed ImageStim: image = './material/BART/orange.png'
23.5124 	DATA 	Keypress: space
23.5276 	EXP 	unnamed TextStim: text = '2.80分'
23.5574 	DATA 	Keypress: return
23.5632 	EXP 	New trial (rep=0, index=54): {'Condition': 'orange', 'Max': 16}
23.5771 	EXP 	unnamed TextStim: text = '0.05分'
23.5771 	EXP 	unnamed TextStim: height = 20.0
23.5771 	EXP 	unnamed TextStim: height = 20.0
23.5771 	EXP 	unnamed TextStim: height = 20.0
23.5771 	EXP 	unnamed TextStim: text = '2.85分'
23.5771 	EXP 	unnamed ImageStim: image = './material/BART/orange.png'
23.7299 	DATA 	Keypress: space
23.7442 	EXP 	unnamed TextStim: text = '2.85分'
23.7974 	DATA 	Keypress: return
23.8034 	EXP 	New trial (rep=0, index=55): {'Condition': 'green', 'Max': 32}
23.8280 	EXP 	unnamed TextStim: text = '0.05分'
23.8280 	EXP 	unnamed TextStim: height = 20.0
23.8280 	EXP 	unnamed TextStim: height = 20.0
23.8280 	EXP 	unnamed TextStim: height = 20.0
23.8280 	EXP 	unnamed TextStim: text = '2.90分'
23.8280 	EXP 	unnamed ImageStim: image = './material/BART/green.png'
23.9474 	DATA 	Keypress: space
23.9608 	EXP 	unnamed TextStim: text = '2.90分'
24.0300 	DATA 	Keypress: return
24.0361 	EXP 	New trial (rep=0, index=56): {'Condition': 'blue', 'Max': 128}
24.0605 	EXP 	unnamed TextStim: text = '0.05分'
24.0605 	EXP 	unnamed TextStim: height = 20.0
24.0605 	EXP 	unnamed TextStim: height = 20.0
24.0605 	EXP 	unnamed TextStim: height = 20.0
24.0605 	EXP 	unnamed TextStim: text = '2.95分'
24.0605 	EXP 	unnamed ImageStim: image = './material/BART/blue.png'
24.1573 	DATA 	Keypress: space
24.1776 	EXP 	unnamed TextStim: text = '2.95分'
24.2324 	DATA 	Keypress: return
24.2389 	EXP 	New trial (rep=0, index=57): {'Condition': 'blue', 'Max': 128}
24.2602 	EXP 	unnamed TextStim: text = '0.05分'
24.2602 	EXP 	unnamed TextStim: height = 20.0
24.2602 	EXP 	unnamed TextStim: height = 20.0
24.2602 	EXP 	unnamed TextStim: height = 20.0
24.2602 	EXP 	unnamed TextStim: text = '3.00分'
24.2602 	EXP 	unnamed ImageStim: image = './material/BART/blue.png'
24.3674 	DATA 	Keypress: space
24.3772 	EXP 	unnamed TextStim: text = '3.00分'
24.4500 	DATA 	Keypress: return
24.4559 	EXP 	New trial (rep=0, index=58): {'Condition': 'green', 'Max': 32}
24.4770 	EXP 	unnamed TextStim: text = '0.05分'
24.4770 	EXP 	unnamed TextStim: height = 20.0
24.4770 	EXP 	unnamed TextStim: height = 20.0
24.4770 	EXP 	unnamed TextStim: height = 20.0
24.4770 	EXP 	unnamed TextStim: text = '3.05分'
24.4770 	EXP 	unnamed ImageStim: image = './material/BART/green.png'
24.5849 	DATA 	Keypress: space
24.5939 	EXP 	unnamed TextStim: text = '3.05分'
24.6826 	DATA 	Keypress: return
24.6888 	EXP 	New trial (rep=0, index=59): {'Condition': 'orange', 'Max': 16}
24.7123 	EXP 	unnamed TextStim: text = '0.05分'
24.7123 	EXP 	unnamed TextStim: height = 20.0
24.7123 	EXP 	unnamed TextStim: height = 20.0
24.7123 	EXP 	unnamed TextStim: height = 20.0
24.7123 	EXP 	unnamed TextStim: text = '3.10分'
24.7123 	EXP 	unnamed ImageStim: image = './material/BART/orange.png'
24.8177 	DATA 	Keypress: space
24.8273 	EXP 	unnamed TextStim: text = '3.10分'
24.9296 	DATA 	Keypress: return
24.9873 	EXP 	window1: mouseVisible = True
25.0045 	INFO 	saved data to ./result/zhangyihao_20010305_1_202412171443/zhangyihao_20010305_1_202412171443_BART.psydat
25.0114 	INFO 	saved data to './result/zhangyihao_20010305_1_202412171443/zhangyihao_20010305_1_202412171443_BART.csv'
